2023-10-05 15:29:37,258 [INFO] Activator:176 - 


2023-10-05 15:29:37,261 [INFO] Activator:177 - !SESSION log4j initialized
2023-10-05 15:29:40,871 [INFO] LogOutputStream:77 - [STDOUT_REDIRECT] 
2023-10-05 15:29:44,526 [INFO] ApplicationProperties:184 - Using Application install path: /opt/st/stm32cubeide_1.13.0/plugins/com.st.stm32cube.common.mx_6.9.0.202307051724
2023-10-05 15:29:44,561 [INFO] DbMcusXml:78 - Set database path to: /opt/st/stm32cubeide_1.13.0/plugins/com.st.stm32cube.common.mx_6.9.0.202307051724//db//mcu/
2023-10-05 15:29:44,562 [INFO] ApiDb:274 - Set plugin database path to: /opt/st/stm32cubeide_1.13.0/plugins/com.st.stm32cube.common.mx_6.9.0.202307051724//db//plugins/boardmanager/
2023-10-05 15:29:44,563 [WARN] ApiDb:259 - Overriding images path with different value:  => /opt/st/stm32cubeide_1.13.0/plugins/com.st.stm32cube.common.mx_6.9.0.202307051724//db//plugins/mcufinder/images/
2023-10-05 15:29:44,586 [INFO] ApiDb:250 - Set database path to: /home/northy/.stmcufinder/plugins/mcufinder//mcu/
2023-10-05 15:29:44,588 [INFO] DbMcusAds:125 - Set database path to: /home/northy/.stmcufinder/plugins/mcufinder//mcu/
2023-10-05 15:29:44,595 [INFO] CrossReferenceDbSqlite:203 - Set database path to: /home/northy/.stmcufinder/plugins/mcufinder//mcu/cs/
2023-10-05 15:29:44,818 [INFO] RulesReader:64 - Compatibility file has been processed (293 Rules)
2023-10-05 15:29:44,966 [INFO] DbMcusXml:78 - Set database path to: /opt/st/stm32cubeide_1.13.0/plugins/com.st.stm32cube.common.mx_6.9.0.202307051724//db//mcu/
2023-10-05 15:29:44,967 [INFO] ApiDb:274 - Set plugin database path to: /opt/st/stm32cubeide_1.13.0/plugins/com.st.stm32cube.common.mx_6.9.0.202307051724//db//plugins/boardmanager/
2023-10-05 15:29:44,967 [INFO] ApiDb:261 - Set plugin images path to: /opt/st/stm32cubeide_1.13.0/plugins/com.st.stm32cube.common.mx_6.9.0.202307051724//db//plugins/mcufinder/images/
2023-10-05 15:29:44,968 [WARN] DbFile:41 - Overriding database path with different value: /home/northy/.stmcufinder/plugins/mcufinder/ => /home/northy/.stmcufinder/plugins/mcufinder
2023-10-05 15:29:44,968 [INFO] ApiDb:250 - Set database path to: /home/northy/.stmcufinder/plugins/mcufinder//mcu/
2023-10-05 15:29:44,968 [WARN] DbFile:41 - Overriding database path with different value: /home/northy/.stmcufinder/plugins/mcufinder/ => /home/northy/.stmcufinder/plugins/mcufinder
2023-10-05 15:29:44,968 [INFO] DbMcusAds:125 - Set database path to: /home/northy/.stmcufinder/plugins/mcufinder//mcu/
2023-10-05 15:29:44,969 [WARN] DbFile:41 - Overriding database path with different value: /home/northy/.stmcufinder/plugins/mcufinder/ => /home/northy/.stmcufinder/plugins/mcufinder
2023-10-05 15:29:44,969 [WARN] DbFile:41 - Overriding database path with different value: /home/northy/.stmcufinder/plugins/mcufinder/ => /home/northy/.stmcufinder/plugins/mcufinder
2023-10-05 15:29:44,969 [INFO] CrossReferenceDbSqlite:203 - Set database path to: /home/northy/.stmcufinder/plugins/mcufinder//mcu/cs/
2023-10-05 15:29:45,133 [INFO] MainPanel:262 - HeapMemory: 268435456
2023-10-05 15:29:45,333 [INFO] DbMcusXml:78 - Set database path to: /opt/st/stm32cubeide_1.13.0/plugins/com.st.stm32cube.common.mx_6.9.0.202307051724//db//mcu/
2023-10-05 15:29:45,333 [INFO] ApiDb:274 - Set plugin database path to: /opt/st/stm32cubeide_1.13.0/plugins/com.st.stm32cube.common.mx_6.9.0.202307051724//db//plugins/boardmanager/
2023-10-05 15:29:45,334 [INFO] ApiDb:261 - Set plugin images path to: /opt/st/stm32cubeide_1.13.0/plugins/com.st.stm32cube.common.mx_6.9.0.202307051724//db//plugins/mcufinder/images/
2023-10-05 15:29:45,335 [WARN] DbFile:41 - Overriding database path with different value: /home/northy/.stmcufinder/plugins/mcufinder/ => /home/northy/.stmcufinder/plugins/mcufinder
2023-10-05 15:29:45,335 [INFO] ApiDb:250 - Set database path to: /home/northy/.stmcufinder/plugins/mcufinder//mcu/
2023-10-05 15:29:45,335 [WARN] DbFile:41 - Overriding database path with different value: /home/northy/.stmcufinder/plugins/mcufinder/ => /home/northy/.stmcufinder/plugins/mcufinder
2023-10-05 15:29:45,335 [INFO] DbMcusAds:125 - Set database path to: /home/northy/.stmcufinder/plugins/mcufinder//mcu/
2023-10-05 15:29:45,335 [WARN] DbFile:41 - Overriding database path with different value: /home/northy/.stmcufinder/plugins/mcufinder/ => /home/northy/.stmcufinder/plugins/mcufinder
2023-10-05 15:29:45,336 [WARN] DbFile:41 - Overriding database path with different value: /home/northy/.stmcufinder/plugins/mcufinder/ => /home/northy/.stmcufinder/plugins/mcufinder
2023-10-05 15:29:45,336 [INFO] CrossReferenceDbSqlite:203 - Set database path to: /home/northy/.stmcufinder/plugins/mcufinder//mcu/cs/
2023-10-05 15:29:45,369 [INFO] ApplicationProperties:184 - Using Application install path: /opt/st/stm32cubeide_1.13.0/plugins/com.st.stm32cube.common.mx_6.9.0.202307051724
2023-10-05 15:29:45,371 [INFO] PluginManage:196 - Search for loadable plugins [exclusion list=, ]
2023-10-05 15:29:45,374 [INFO] PluginManage:310 - Check plugin analytics
2023-10-05 15:29:45,715 [INFO] AnalyticsPlugin:253 - Accepted Software Licenses: 
2023-10-05 15:29:45,716 [INFO] AnalyticsPlugin:255 - Accepted CMSIS Pack Licenses: 
2023-10-05 15:29:45,716 [INFO] AnalyticsPlugin:257 - Accepted Firmware Licenses: FW.F7.1.17.0
2023-10-05 15:29:45,723 [INFO] PluginManage:359 - Loaded plugin analytics (category:tool,tabindex:-1)
2023-10-05 15:29:45,724 [INFO] PluginManage:310 - Check plugin cadmodel
2023-10-05 15:29:45,861 [INFO] CADModel:105 - Init CAD model plugin
2023-10-05 15:29:45,861 [INFO] PluginManage:359 - Loaded plugin cadmodel (category:power,tabindex:5)
2023-10-05 15:29:45,862 [INFO] PluginManage:310 - Check plugin clock
2023-10-05 15:29:45,884 [INFO] PluginManage:359 - Loaded plugin clock (category:base,tabindex:2)
2023-10-05 15:29:45,885 [INFO] PluginManage:310 - Check plugin ddr
2023-10-05 15:29:45,890 [INFO] PluginManage:359 - Loaded plugin ddr (category:tool,tabindex:6)
2023-10-05 15:29:45,890 [INFO] PluginManage:310 - Check plugin filemanager
2023-10-05 15:29:46,175 [INFO] PluginManage:359 - Loaded plugin filemanager (category:base,tabindex:10)
2023-10-05 15:29:46,176 [INFO] PluginManage:310 - Check plugin ipmanager
2023-10-05 15:29:46,187 [INFO] PluginManage:359 - Loaded plugin ipmanager (category:base,tabindex:5)
2023-10-05 15:29:46,187 [INFO] PluginManage:310 - Check plugin lpbam
2023-10-05 15:29:46,209 [INFO] PluginManage:359 - Loaded plugin lpbam (category:base,tabindex:0)
2023-10-05 15:29:46,210 [INFO] PluginManage:310 - Check plugin memorymap
2023-10-05 15:29:46,235 [INFO] PluginManage:359 - Loaded plugin memorymap (category:base,tabindex:4)
2023-10-05 15:29:46,236 [INFO] PluginManage:310 - Check plugin pinoutandconfiguration
2023-10-05 15:29:46,251 [INFO] PluginManage:359 - Loaded plugin pinoutandconfiguration (category:base,tabindex:1)
2023-10-05 15:29:46,252 [INFO] PluginManage:310 - Check plugin pinoutconfig
2023-10-05 15:29:46,399 [WARN] SupportedApi:132 - Cannot load RTOS API schema: s4s-elt-must-match.1: The content of 'definitions' must match (annotation?, (simpleType | complexType)?, (unique | key | keyref)*)). A problem was found starting at: attribute.
2023-10-05 15:29:46,658 [INFO] PluginManage:359 - Loaded plugin pinoutconfig (category:base,tabindex:0)
2023-10-05 15:29:46,658 [INFO] PluginManage:310 - Check plugin power
2023-10-05 15:29:46,680 [INFO] PluginManage:359 - Loaded plugin power (category:power,tabindex:4)
2023-10-05 15:29:46,681 [INFO] PluginManage:310 - Check plugin projectmanager
2023-10-05 15:29:46,708 [INFO] PluginManage:359 - Loaded plugin projectmanager (category:projectmanager,tabindex:3)
2023-10-05 15:29:46,709 [INFO] PluginManage:310 - Check plugin thirdparty
2023-10-05 15:29:47,034 [INFO] PluginManage:359 - Loaded plugin thirdparty (category:base,tabindex:-1)
2023-10-05 15:29:47,034 [WARN] IntegrityCheckThread:84 - waiting for thirdparty lock release [integrity check]
2023-10-05 15:29:47,036 [INFO] IntegrityCheckThread:86 - entering critical section [integrity check]
2023-10-05 15:29:47,038 [INFO] ThirdPartyUpdaterWithRetryManager:70 - Updater plugin not ready yet. [1/15]
2023-10-05 15:29:47,035 [INFO] PluginManage:310 - Check plugin tools
2023-10-05 15:29:47,043 [INFO] PluginManage:359 - Loaded plugin tools (category:base,tabindex:7)
2023-10-05 15:29:47,044 [INFO] PluginManage:310 - Check plugin tutovideos
2023-10-05 15:29:47,422 [INFO] PluginManage:359 - Loaded plugin tutovideos (category:base,tabindex:-1)
2023-10-05 15:29:47,423 [INFO] PluginManage:310 - Check plugin updater
2023-10-05 15:29:47,446 [INFO] PluginManage:359 - Loaded plugin updater (category:base,tabindex:12)
2023-10-05 15:29:47,446 [INFO] PluginManage:310 - Check plugin userauth
2023-10-05 15:29:47,456 [INFO] UserAuth:113 - Init User Auth plugin
2023-10-05 15:29:47,457 [INFO] PluginManage:359 - Loaded plugin userauth (category:base,tabindex:14)
2023-10-05 15:29:47,458 [INFO] PluginManage:283 - PluginManage : Loaded plugins [17]
2023-10-05 15:29:47,897 [INFO] PinOutPanel:1499 - setPackage(No Configuration,No Configuration)
2023-10-05 15:29:48,075 [INFO] CADModel:165 - CPN selected for project level
2023-10-05 15:29:48,076 [INFO] CADModel:114 - Register for checkConnection events
2023-10-05 15:29:48,095 [INFO] IPUIPlugin:80 - create IPUIPlugin
2023-10-05 15:29:48,096 [INFO] PluginManager:220 - loadIPPluginJar : add ts
2023-10-05 15:29:48,106 [INFO] IPUIPlugin:80 - create IPUIPlugin
2023-10-05 15:29:48,106 [INFO] PluginManager:220 - loadIPPluginJar : add pdm2pcm
2023-10-05 15:29:48,109 [INFO] IPUIPlugin:80 - create IPUIPlugin
2023-10-05 15:29:48,109 [INFO] PluginManager:220 - loadIPPluginJar : add fatfs
2023-10-05 15:29:48,114 [INFO] IPUIPlugin:80 - create IPUIPlugin
2023-10-05 15:29:48,115 [INFO] PluginManager:220 - loadIPPluginJar : add gfxmmu
2023-10-05 15:29:48,123 [INFO] IPUIPlugin:80 - create IPUIPlugin
2023-10-05 15:29:48,124 [INFO] PluginManager:220 - loadIPPluginJar : add gpio
2023-10-05 15:29:48,135 [INFO] IPUIPlugin:80 - create IPUIPlugin
2023-10-05 15:29:48,135 [INFO] PluginManager:220 - loadIPPluginJar : add freertos
2023-10-05 15:29:48,140 [INFO] IPUIPlugin:80 - create IPUIPlugin
2023-10-05 15:29:48,140 [INFO] PluginManager:220 - loadIPPluginJar : add spi
2023-10-05 15:29:48,143 [INFO] IPUIPlugin:80 - create IPUIPlugin
2023-10-05 15:29:48,143 [INFO] PluginManager:220 - loadIPPluginJar : add quadspi
2023-10-05 15:29:48,146 [INFO] IPUIPlugin:80 - create IPUIPlugin
2023-10-05 15:29:48,147 [INFO] PluginManager:220 - loadIPPluginJar : add tim
2023-10-05 15:29:48,151 [INFO] IPUIPlugin:80 - create IPUIPlugin
2023-10-05 15:29:48,152 [INFO] PluginManager:220 - loadIPPluginJar : add aes
2023-10-05 15:29:48,163 [INFO] IPUIPlugin:80 - create IPUIPlugin
2023-10-05 15:29:48,163 [INFO] PluginManager:220 - loadIPPluginJar : add dma
2023-10-05 15:29:48,166 [INFO] IPUIPlugin:80 - create IPUIPlugin
2023-10-05 15:29:48,166 [INFO] PluginManager:220 - loadIPPluginJar : add tracer_emb
2023-10-05 15:29:48,169 [INFO] IPUIPlugin:80 - create IPUIPlugin
2023-10-05 15:29:48,169 [INFO] PluginManager:220 - loadIPPluginJar : add comp
2023-10-05 15:29:48,173 [INFO] IPUIPlugin:80 - create IPUIPlugin
2023-10-05 15:29:48,174 [INFO] PluginManager:220 - loadIPPluginJar : add openamp
2023-10-05 15:29:48,178 [INFO] IPUIPlugin:80 - create IPUIPlugin
2023-10-05 15:29:48,178 [INFO] PluginManager:220 - loadIPPluginJar : add dfsdm
2023-10-05 15:29:48,181 [INFO] IPUIPlugin:80 - create IPUIPlugin
2023-10-05 15:29:48,181 [INFO] PluginManager:220 - loadIPPluginJar : add cryp
2023-10-05 15:29:48,185 [INFO] IPUIPlugin:80 - create IPUIPlugin
2023-10-05 15:29:48,185 [INFO] PluginManager:220 - loadIPPluginJar : add i2s
2023-10-05 15:29:48,198 [INFO] IPUIPlugin:80 - create IPUIPlugin
2023-10-05 15:29:48,202 [INFO] PluginManager:220 - loadIPPluginJar : add plateformsettings
2023-10-05 15:29:48,207 [INFO] IPUIPlugin:80 - create IPUIPlugin
2023-10-05 15:29:48,207 [INFO] PluginManager:220 - loadIPPluginJar : add touchsensing
2023-10-05 15:29:48,211 [INFO] IPUIPlugin:80 - create IPUIPlugin
2023-10-05 15:29:48,211 [INFO] PluginManager:220 - loadIPPluginJar : add i3c
2023-10-05 15:29:48,215 [INFO] IPUIPlugin:80 - create IPUIPlugin
2023-10-05 15:29:48,215 [INFO] PluginManager:220 - loadIPPluginJar : add usart
2023-10-05 15:29:48,219 [INFO] IPUIPlugin:80 - create IPUIPlugin
2023-10-05 15:29:48,219 [INFO] PluginManager:220 - loadIPPluginJar : add i2c
2023-10-05 15:29:48,231 [INFO] IPUIPlugin:80 - create IPUIPlugin
2023-10-05 15:29:48,231 [INFO] PluginManager:220 - loadIPPluginJar : add mdma
2023-10-05 15:29:48,235 [INFO] IPUIPlugin:80 - create IPUIPlugin
2023-10-05 15:29:48,235 [INFO] PluginManager:220 - loadIPPluginJar : add ucpd
2023-10-05 15:29:48,239 [INFO] IPUIPlugin:80 - create IPUIPlugin
2023-10-05 15:29:48,239 [INFO] PluginManager:220 - loadIPPluginJar : add lorawan
2023-10-05 15:29:48,241 [INFO] IPUIPlugin:80 - create IPUIPlugin
2023-10-05 15:29:48,242 [INFO] PluginManager:220 - loadIPPluginJar : add ltdc
2023-10-05 15:29:48,246 [INFO] IPUIPlugin:80 - create IPUIPlugin
2023-10-05 15:29:48,247 [INFO] PluginManager:220 - loadIPPluginJar : add ipddr
2023-10-05 15:29:48,258 [INFO] IPUIPlugin:80 - create IPUIPlugin
2023-10-05 15:29:48,258 [INFO] PluginManager:220 - loadIPPluginJar : add stm32_wpan
2023-10-05 15:29:48,262 [INFO] IPUIPlugin:80 - create IPUIPlugin
2023-10-05 15:29:48,262 [INFO] PluginManager:220 - loadIPPluginJar : add genericplugin
2023-10-05 15:29:48,271 [INFO] IPUIPlugin:80 - create IPUIPlugin
2023-10-05 15:29:48,272 [INFO] PluginManager:220 - loadIPPluginJar : add adc
2023-10-05 15:29:48,277 [INFO] IPUIPlugin:80 - create IPUIPlugin
2023-10-05 15:29:48,278 [INFO] PluginManager:220 - loadIPPluginJar : add nvic
2023-10-05 15:29:48,282 [INFO] IPUIPlugin:80 - create IPUIPlugin
2023-10-05 15:29:48,283 [INFO] PluginManager:220 - loadIPPluginJar : add sai
2023-10-05 15:29:48,285 [INFO] IPUIPlugin:80 - create IPUIPlugin
2023-10-05 15:29:48,285 [INFO] PluginManager:220 - loadIPPluginJar : add tsc
2023-10-05 15:29:48,294 [INFO] IPUIPlugin:80 - create IPUIPlugin
2023-10-05 15:29:48,295 [INFO] PluginManager:220 - loadIPPluginJar : add gic
2023-10-05 15:29:48,306 [INFO] IPUIPlugin:80 - create IPUIPlugin
2023-10-05 15:29:48,306 [INFO] PluginManager:220 - loadIPPluginJar : add linkedlist
2023-10-05 15:29:48,311 [INFO] IPUIPlugin:80 - create IPUIPlugin
2023-10-05 15:29:48,311 [INFO] PluginManager:220 - loadIPPluginJar : add resmgrutility
2023-10-05 15:29:48,315 [INFO] IPUIPlugin:80 - create IPUIPlugin
2023-10-05 15:29:48,315 [INFO] PluginManager:220 - loadIPPluginJar : add dma3
2023-10-05 15:29:48,320 [INFO] IPUIPlugin:80 - create IPUIPlugin
2023-10-05 15:29:48,320 [INFO] PluginManager:220 - loadIPPluginJar : add usbx
2023-10-05 15:29:48,325 [INFO] IPUIPlugin:80 - create IPUIPlugin
2023-10-05 15:29:48,325 [INFO] PluginManager:220 - loadIPPluginJar : add can
2023-10-05 15:29:48,331 [INFO] IPUIPlugin:80 - create IPUIPlugin
2023-10-05 15:29:48,331 [INFO] PluginManager:220 - loadIPPluginJar : add gtzc
2023-10-05 15:29:48,337 [INFO] IPUIPlugin:80 - create IPUIPlugin
2023-10-05 15:29:48,338 [INFO] PluginManager:220 - loadIPPluginJar : add fmc
2023-10-05 15:29:48,341 [INFO] IPUIPlugin:80 - create IPUIPlugin
2023-10-05 15:29:48,341 [INFO] PluginManager:220 - loadIPPluginJar : add hash
2023-10-05 15:29:48,346 [INFO] IPUIPlugin:80 - create IPUIPlugin
2023-10-05 15:29:48,346 [INFO] PluginManager:220 - loadIPPluginJar : add opamp
2023-10-05 15:29:48,472 [INFO] CADModel:165 - CPN selected for project level
2023-10-05 15:29:48,472 [INFO] CADModel:114 - Register for checkConnection events
2023-10-05 15:29:48,473 [FATAL] Updater:308 - Updater called before beeing initialized
2023-10-05 15:29:48,473 [ERROR] CADModel:125 - Updater not yet initialized, retry later 
2023-10-05 15:29:48,755 [INFO] CADModel:165 - CPN selected for project level
2023-10-05 15:29:48,755 [INFO] CADModel:114 - Register for checkConnection events
2023-10-05 15:29:48,755 [FATAL] Updater:308 - Updater called before beeing initialized
2023-10-05 15:29:48,755 [ERROR] CADModel:125 - Updater not yet initialized, retry later 
2023-10-05 15:29:48,762 [FATAL] Updater:308 - Updater called before beeing initialized
2023-10-05 15:29:48,915 [FATAL] Updater:308 - Updater called before beeing initialized
2023-10-05 15:29:48,929 [INFO] DbMcusAds:53 - JSON generation date=Tue Mar 07 15:50:55 ICT 2023 (1678179055114)
2023-10-05 15:29:48,930 [FATAL] Updater:308 - Updater called before beeing initialized
2023-10-05 15:29:49,008 [WARN] DetailPanel:346 - Failed to get advertising image, set to default
2023-10-05 15:29:49,198 [FATAL] Updater:308 - Updater called before beeing initialized
2023-10-05 15:29:49,203 [FATAL] Updater:308 - Updater called before beeing initialized
2023-10-05 15:29:49,203 [FATAL] Updater:308 - Updater called before beeing initialized
2023-10-05 15:29:49,203 [WARN] DetailPanel:346 - Failed to get advertising image, set to default
2023-10-05 15:29:49,205 [FATAL] Updater:308 - Updater called before beeing initialized
2023-10-05 15:29:49,268 [ERROR] Updater:1120 - MainUpdater not yet initialized. External WinMGr cannot be set.
2023-10-05 15:29:49,272 [INFO] Updater:1056 - Updater Version found : 6.9.0
2023-10-05 15:29:49,310 [INFO] ApplicationProperties:184 - Using Application install path: /opt/st/stm32cubeide_1.13.0/plugins/com.st.stm32cube.common.mx_6.9.0.202307051724
2023-10-05 15:29:49,834 [INFO] MainUpdater:2868 - connection check result : 10
2023-10-05 15:29:49,835 [INFO] MainUpdater:3562 - Updater definition file requires update
2023-10-05 15:29:49,836 [INFO] MainUpdater:285 - Updater Check For Update Now.
2023-10-05 15:29:49,836 [INFO] MicroXplorer:498 - Change Database Version : DB.6.0.90
2023-10-05 15:29:49,846 [INFO] McuFinderGlobals:63 - Set McuFinder mode to 2 (CubeIDE integrated)
2023-10-05 15:29:50,039 [WARN] MainUpdater:1189 - Updater busy. Cannot search thirdparties
2023-10-05 15:29:50,039 [INFO] ThirdPartyUpdaterWithRetryManager:96 - Updater plugin is busy. [1/15]
2023-10-05 15:29:50,066 [INFO] ServerAccessManage:473 - Download File updaters.zip
2023-10-05 15:29:50,417 [INFO] FileExtend:240 - Unzip File : updaters.zip
2023-10-05 15:29:50,417 [INFO] FileExtend:255 - Standard Zip Deflate
2023-10-05 15:29:50,709 [INFO] ServerAccessManage:473 - Download File PacksControlFlags.xml
2023-10-05 15:29:50,817 [INFO] ServerAccessManage:473 - Download File cubemx.pidx
2023-10-05 15:29:51,925 [INFO] ServerAccessManage:473 - Download File STMicroelectronics.X-CUBE-TOUCHGFX.pdsc
2023-10-05 15:29:53,040 [WARN] MainUpdater:1189 - Updater busy. Cannot search thirdparties
2023-10-05 15:29:53,040 [INFO] ThirdPartyUpdaterWithRetryManager:96 - Updater plugin is busy. [2/15]
2023-10-05 15:29:54,129 [ERROR] ServerAccessManage:1096 - Problem, Http access forbiden
2023-10-05 15:29:54,132 [ERROR] ServerAccessManage:651 - Problem, Http access forbiden : RoweBots.I-CUBE-UNISONRTOS.pdsc.
2023-10-05 15:29:55,986 [INFO] ServerAccessManage:473 - Download File ITTIA_DB.I-CUBE-ITTIADB.pdsc
2023-10-05 15:29:56,041 [WARN] MainUpdater:1189 - Updater busy. Cannot search thirdparties
2023-10-05 15:29:56,041 [INFO] ThirdPartyUpdaterWithRetryManager:96 - Updater plugin is busy. [3/15]
2023-10-05 15:29:59,041 [WARN] MainUpdater:1189 - Updater busy. Cannot search thirdparties
2023-10-05 15:29:59,041 [INFO] ThirdPartyUpdaterWithRetryManager:96 - Updater plugin is busy. [4/15]
2023-10-05 15:30:02,042 [WARN] MainUpdater:1189 - Updater busy. Cannot search thirdparties
2023-10-05 15:30:02,042 [INFO] ThirdPartyUpdaterWithRetryManager:96 - Updater plugin is busy. [5/15]
2023-10-05 15:30:02,498 [WARN] PackLoader:240 - Cannot read IP mode file for STMicroelectronics.X-CUBE-TOUCHGFX.4.22.1
2023-10-05 15:30:02,523 [WARN] PackLoader:240 - Cannot read IP mode file for ITTIA_DB.I-CUBE-ITTIADB.8.8.0
2023-10-05 15:30:02,527 [INFO] PopulateThirdPartyThread:66 - Ending populate Thread
2023-10-05 15:30:02,529 [INFO] ThirdParty:1030 - CMSIS Pack Vendor :STMicroelectronics X-CUBE-TOUCHGFX 4.22.1
2023-10-05 15:30:02,529 [INFO] ThirdParty:1030 - CMSIS Pack Vendor :ITTIA_DB I-CUBE-ITTIADB 8.8.0
2023-10-05 15:30:02,530 [INFO] LoadServerUpdatesThread:373 - End of LoadServerUpdate Thread
2023-10-05 15:30:02,667 [INFO] CheckServerUpdateThread:120 - End of CheckServer Thread
2023-10-05 15:30:05,211 [WARN] PackLoader:240 - Cannot read IP mode file for STMicroelectronics.X-CUBE-SMBUS.2.1.0
2023-10-05 15:30:05,271 [WARN] PackLoader:240 - Cannot read IP mode file for STMicroelectronics.X-CUBE-AZRTOS-F7.1.1.0
2023-10-05 15:30:05,300 [WARN] PackLoader:240 - Cannot read IP mode file for STMicroelectronics.FP-SNS-MOTENV1.4.3.2
2023-10-05 15:30:05,317 [WARN] PackLoader:240 - Cannot read IP mode file for STMicroelectronics.FP-SNS-FLIGHT1.5.0.1
2023-10-05 15:30:05,333 [WARN] PackLoader:240 - Cannot read IP mode file for STMicroelectronics.X-CUBE-BLE1.6.2.4
2023-10-05 15:30:05,344 [WARN] PackLoader:240 - Cannot read IP mode file for STMicroelectronics.FP-SNS-FLIGHT1.5.0.2
2023-10-05 15:30:05,364 [WARN] PackLoader:240 - Cannot read IP mode file for STMicroelectronics.X-CUBE-DISPLAY.3.0.0
2023-10-05 15:30:05,389 [WARN] PackLoader:240 - Cannot read IP mode file for STMicroelectronics.X-CUBE-BLE1.7.0.0
2023-10-05 15:30:05,400 [WARN] PackLoader:240 - Cannot read IP mode file for emotas.I-CUBE-CANOPEN.1.3.0
2023-10-05 15:30:05,405 [WARN] PackLoader:240 - Cannot read IP mode file for STMicroelectronics.X-CUBE-TOUCHGFX.4.22.0
2023-10-05 15:30:05,409 [WARN] PackLoader:240 - Cannot read IP mode file for STMicroelectronics.X-CUBE-TOUCHGFX.4.22.1
2023-10-05 15:30:05,419 [WARN] PackLoader:240 - Cannot read IP mode file for STMicroelectronics.FP-SNS-SMARTAG2.1.2.0
2023-10-05 15:30:05,439 [INFO] LogOutputStream:77 - [STDOUT_REDIRECT] 1 : Invalid condition id : UX_CORESTACK_Condition cause : null
2023-10-05 15:30:05,440 [INFO] LogOutputStream:77 - [STDOUT_REDIRECT] 1 : Invalid condition id : UX_CORESTACK_Condition cause : null
2023-10-05 15:30:05,440 [INFO] LogOutputStream:77 - [STDOUT_REDIRECT] 1 : Invalid condition id : UX_CORESTACK_Condition cause : null
2023-10-05 15:30:05,441 [INFO] LogOutputStream:77 - [STDOUT_REDIRECT] 1 : Invalid condition id : UX_CORESTACK_Condition cause : null
2023-10-05 15:30:05,442 [INFO] LogOutputStream:77 - [STDOUT_REDIRECT] 1 : Invalid condition id : UX_CORESTACK_Condition cause : null
2023-10-05 15:30:05,456 [WARN] PackLoader:240 - Cannot read IP mode file for STMicroelectronics.X-CUBE-AZRTOS-WL.2.0.0
2023-10-05 15:30:05,475 [WARN] PackLoader:240 - Cannot read IP mode file for WES.I-CUBE-Cesium.1.3.0
2023-10-05 15:30:05,489 [WARN] PackLoader:240 - Cannot read IP mode file for STMicroelectronics.X-CUBE-BLE2.3.3.0
2023-10-05 15:30:05,505 [WARN] PackLoader:240 - Cannot read IP mode file for STMicroelectronics.X-CUBE-ALGOBUILD.1.3.0
2023-10-05 15:30:05,549 [WARN] PackLoader:240 - Cannot read IP mode file for STMicroelectronics.X-CUBE-AZRTOS-G0.1.1.0
2023-10-05 15:30:05,567 [WARN] PackLoader:240 - Cannot read IP mode file for STMicroelectronics.X-CUBE-NFC4.3.0.0
2023-10-05 15:30:05,576 [WARN] PackLoader:240 - Cannot read IP mode file for STMicroelectronics.FP-ATR-SIGFOX1.3.2.0
2023-10-05 15:30:05,654 [WARN] PackLoader:240 - Cannot read IP mode file for SEGGER.I-CUBE-embOS.1.3.1
2023-10-05 15:30:05,748 [WARN] PackLoader:240 - Cannot read IP mode file for STMicroelectronics.X-CUBE-GNSS1.6.0.0
2023-10-05 15:30:05,781 [WARN] PackLoader:240 - Cannot read IP mode file for STMicroelectronics.X-CUBE-AZRTOS-F4.1.1.0
2023-10-05 15:30:05,792 [WARN] PackLoader:240 - Cannot read IP mode file for wolfSSL.I-CUBE-wolfSSL.5.6.3
2023-10-05 15:30:05,825 [WARN] PackLoader:240 - Cannot read IP mode file for STMicroelectronics.X-CUBE-AZRTOS-L5.2.0.0
2023-10-05 15:30:05,924 [WARN] PackLoader:240 - Cannot read IP mode file for STMicroelectronics.X-CUBE-MEMS1.9.6.0
2023-10-05 15:30:06,253 [WARN] PackLoader:240 - Cannot read IP mode file for ITTIA_DB.I-CUBE-ITTIADB.8.8.0
2023-10-05 15:30:06,263 [WARN] PackLoader:240 - Cannot read IP mode file for STMicroelectronics.X-CUBE-BLEMGR.2.0.0
2023-10-05 15:30:06,288 [WARN] ConditionMgr:438 - getConditionDescription Invalid condition id : UX DEVICE CLASS RTOS Condition cause : null
2023-10-05 15:30:06,288 [WARN] ConditionMgr:438 - getConditionDescription Invalid condition id : UX DEVICE CLASS RTOS Condition cause : null
2023-10-05 15:30:06,293 [WARN] PackLoader:240 - Cannot read IP mode file for STMicroelectronics.X-CUBE-AZRTOS-H7.3.1.0
2023-10-05 15:30:06,295 [WARN] ConditionMgr:1039 - genDependencies : Invalid condition id : UX DEVICE CLASS RTOS Condition cause : null
2023-10-05 15:30:06,295 [WARN] ConditionMgr:1039 - genDependencies : Invalid condition id : UX DEVICE CLASS RTOS Condition cause : null
2023-10-05 15:30:06,297 [WARN] ConditionMgr:1039 - genDependencies : Invalid condition id : UX DEVICE CLASS RTOS Condition cause : null
2023-10-05 15:30:06,297 [WARN] ConditionMgr:1039 - genDependencies : Invalid condition id : UX DEVICE CLASS RTOS Condition cause : null
2023-10-05 15:30:06,298 [WARN] ConditionMgr:1039 - genDependencies : Invalid condition id : UX DEVICE CLASS RTOS Condition cause : null
2023-10-05 15:30:06,306 [WARN] PackLoader:240 - Cannot read IP mode file for STMicroelectronics.X-CUBE-NFC7.1.0.1
2023-10-05 15:30:06,316 [WARN] PackLoader:240 - Cannot read IP mode file for STMicroelectronics.X-CUBE-NFC6.3.0.0
2023-10-05 15:30:06,335 [WARN] PackLoader:240 - Cannot read IP mode file for STMicroelectronics.X-CUBE-EEPRMA1.4.1.0
2023-10-05 15:30:06,341 [WARN] PackLoader:240 - Cannot read IP mode file for STMicroelectronics.X-CUBE-AI.8.1.0
2023-10-05 15:30:06,366 [WARN] ConditionMgr:438 - getConditionDescription Invalid condition id : LAN8742 Phy interface Condition cause : null
2023-10-05 15:30:06,368 [WARN] PackLoader:240 - Cannot read IP mode file for STMicroelectronics.X-CUBE-AZRTOS-L4.2.0.0
2023-10-05 15:30:06,370 [WARN] ConditionMgr:1039 - genDependencies : Invalid condition id : LAN8742 Phy interface Condition cause : null
2023-10-05 15:30:06,371 [WARN] ConditionMgr:1039 - genDependencies : Invalid condition id : LAN8742 Phy interface Condition cause : null
2023-10-05 15:30:06,372 [WARN] ConditionMgr:1039 - genDependencies : Invalid condition id : LAN8742 Phy interface Condition cause : null
2023-10-05 15:30:06,382 [WARN] PackLoader:240 - Cannot read IP mode file for STMicroelectronics.X-CUBE-SFXS2LP1.4.0.0
2023-10-05 15:30:06,389 [WARN] PackLoader:240 - Cannot read IP mode file for STMicroelectronics.X-CUBE-ISPU.1.1.0
2023-10-05 15:30:06,407 [WARN] ConditionMgr:438 - getConditionDescription Invalid condition id : UX DEVICE CLASS RTOS Condition cause : null
2023-10-05 15:30:06,407 [WARN] ConditionMgr:438 - getConditionDescription Invalid condition id : UX DEVICE CLASS RTOS Condition cause : null
2023-10-05 15:30:06,412 [WARN] PackLoader:240 - Cannot read IP mode file for STMicroelectronics.X-CUBE-AZRTOS-WB.2.0.0
2023-10-05 15:30:06,413 [WARN] ConditionMgr:1039 - genDependencies : Invalid condition id : UX DEVICE CLASS RTOS Condition cause : null
2023-10-05 15:30:06,413 [WARN] ConditionMgr:1039 - genDependencies : Invalid condition id : UX DEVICE CLASS RTOS Condition cause : null
2023-10-05 15:30:06,413 [WARN] ConditionMgr:1039 - genDependencies : Invalid condition id : UX DEVICE CLASS RTOS Condition cause : null
2023-10-05 15:30:06,414 [WARN] ConditionMgr:1039 - genDependencies : Invalid condition id : UX DEVICE CLASS RTOS Condition cause : null
2023-10-05 15:30:06,414 [WARN] ConditionMgr:1039 - genDependencies : Invalid condition id : UX DEVICE CLASS RTOS Condition cause : null
2023-10-05 15:30:06,421 [WARN] PackLoader:240 - Cannot read IP mode file for STMicroelectronics.X-CUBE-FREERTOS.1.0.1
2023-10-05 15:30:06,442 [WARN] PackLoader:240 - Cannot read IP mode file for STMicroelectronics.X-CUBE-AZRTOS-L5.1.1.0
2023-10-05 15:30:06,449 [WARN] PackLoader:240 - Cannot read IP mode file for STMicroelectronics.X-CUBE-AI.8.0.1
2023-10-05 15:30:06,466 [WARN] PackLoader:240 - Cannot read IP mode file for STMicroelectronics.X-CUBE-SUBG2.5.0.0
2023-10-05 15:30:06,487 [WARN] PackLoader:240 - Cannot read IP mode file for STMicroelectronics.X-CUBE-TOF1.3.3.1
2023-10-05 15:30:06,522 [WARN] PackLoader:240 - Cannot read IP mode file for STMicroelectronics.X-CUBE-AZRTOS-G4.2.0.0
2023-10-05 15:30:06,537 [WARN] PackLoader:240 - Cannot read IP mode file for STMicroelectronics.X-CUBE-TOF1.3.3.0
2023-10-05 15:30:06,556 [WARN] PackLoader:240 - Cannot read IP mode file for STMicroelectronics.X-CUBE-FREERTOS.1.1.0
2023-10-05 15:30:06,562 [WARN] PackLoader:240 - Cannot read IP mode file for portGmbH.I-Cube-SoM-uGOAL.1.1.0
2023-10-05 15:30:06,567 [WARN] PackLoader:240 - Cannot read IP mode file for STMicroelectronics.X-CUBE-ALS.1.0.1
2023-10-05 15:30:06,584 [WARN] PackLoader:240 - Cannot read IP mode file for STMicroelectronics.X-CUBE-AZRTOS-WB.1.1.0
2023-10-05 15:30:06,589 [WARN] PackLoader:240 - Cannot read IP mode file for STMicroelectronics.FP-ATR-ASTRA1.2.0.0
2023-10-05 15:30:06,591 [INFO] ThirdParty:978 - Integrity check success = true
2023-10-05 15:30:06,591 [INFO] IntegrityCheckThread:100 - exiting critical section [integrity check]
2023-10-05 15:30:06,591 [INFO] IntegrityCheckThread:103 - End integrity checks thread
2023-10-05 15:30:11,740 [ERROR] LogOutputStream:75 - [STDERR_REDIRECT] SLF4J: Failed to load class "org.slf4j.impl.StaticLoggerBinder".
2023-10-05 15:30:11,741 [ERROR] LogOutputStream:75 - [STDERR_REDIRECT] SLF4J: Defaulting to no-operation (NOP) logger implementation
2023-10-05 15:30:11,742 [ERROR] LogOutputStream:75 - [STDERR_REDIRECT] SLF4J: See http://www.slf4j.org/codes.html#StaticLoggerBinder for further details.
2023-10-05 15:43:05,784 [INFO] McuFinderGlobals:63 - Set McuFinder mode to 2 (CubeIDE integrated)
2023-10-05 15:43:05,787 [INFO] MainUpdater:2868 - connection check result : 10
2023-10-05 15:43:05,790 [INFO] McuFinderGlobals:76 - Set McuFinderConnectedMode to true
2023-10-05 15:43:06,735 [INFO] ServerAccessManage:473 - Download File mcusAds.json._tmp_
2023-10-05 15:43:06,840 [INFO] LoadUrlFilesThread:156 - End of LoadUrlFiles Thread
2023-10-05 15:43:07,086 [INFO] ServerAccessManage:473 - Download File cube-finder-db.zip
2023-10-05 15:43:11,658 [INFO] FileExtend:240 - Unzip File : cube-finder-db.zip
2023-10-05 15:43:11,659 [INFO] FileExtend:255 - Standard Zip Deflate
2023-10-05 15:43:12,905 [INFO] LoadUrlFilesThread:156 - End of LoadUrlFiles Thread
2023-10-05 15:43:13,977 [INFO] ServerAccessManage:473 - Download File crdb.zip
2023-10-05 15:43:15,210 [INFO] FileExtend:240 - Unzip File : crdb.zip
2023-10-05 15:43:15,210 [INFO] FileExtend:255 - Standard Zip Deflate
2023-10-05 15:43:15,348 [INFO] LoadUrlFilesThread:156 - End of LoadUrlFiles Thread
2023-10-05 15:43:15,463 [INFO] ServerAccessManage:473 - Download File tutoVideoDB.zip
2023-10-05 15:43:15,481 [INFO] FileExtend:240 - Unzip File : tutoVideoDB.zip
2023-10-05 15:43:15,481 [INFO] FileExtend:255 - Standard Zip Deflate
2023-10-05 15:43:15,591 [INFO] LoadUrlFilesThread:156 - End of LoadUrlFiles Thread
2023-10-05 15:43:15,597 [WARN] DbFile:41 - Overriding database path with different value: /home/northy/.stmcufinder/plugins/mcufinder/ => /home/northy/.stmcufinder/plugins/mcufinder
2023-10-05 15:43:15,712 [INFO] ServerAccessManage:473 - Download File api_config.json
2023-10-05 15:43:15,821 [INFO] LoadUrlFilesThread:156 - End of LoadUrlFiles Thread
2023-10-05 15:43:15,822 [INFO] DbMcusAds:53 - JSON generation date=Tue Mar 07 15:50:55 ICT 2023 (1678179055114)
2023-10-05 15:43:15,854 [INFO] LoadUrlFilesThread:185 - End of LoadServerUrlFiles without Thread
2023-10-05 15:43:15,855 [INFO] TargetSelectorAdapter:259 - Refresh data is successful
2023-10-05 15:43:16,025 [INFO] ApiDb:581 - Connected to CubeFinder SQLite database (/home/northy/.stmcufinder/plugins/mcufinder/mcu/cube-finder-db.db)
2023-10-05 15:43:16,129 [INFO] ApiDb:668 - CubeFinder database Data Model version=2.1
2023-10-05 15:43:16,130 [INFO] ApiDb:669 - CubeFinder database Configuration version=3.0.37
2023-10-05 15:43:16,130 [INFO] ApiDb:670 - CubeFinder database generation date=2023-08-09 (1691586011)
2023-10-05 15:43:16,130 [INFO] ApiDb:671 - CubeFinder database FW Pack versions=[FP-ATR-ASTRA1_V2.0.0, FP-SNS-FLIGHT1_V5.0.1, FP-SNS-FLIGHT1_V5.0.2, FP-SNS-MOTENV1_V4.3.1, FP-SNS-MOTENV1_V4.3.2, STM32Cube_FW_C0_V1.1.0, STM32Cube_FW_F4_V1.27.1, STM32Cube_FW_F7_V1.17.0, STM32Cube_FW_G0_V1.6.1, STM32Cube_FW_G4_V1.5.1, STM32Cube_FW_H5_V0.5.1, STM32Cube_FW_H5_V1.1.0, STM32Cube_FW_H7_V1.11.0, STM32Cube_FW_L0_V1.12.2, STM32Cube_FW_L5_V1.5.0, STM32Cube_FW_U5_V1.3.0, STM32Cube_FW_U5_V1.3.0RC4, STM32Cube_FW_WBA_V1.0.0RC1, STM32Cube_FW_WBA_V1.1.0, STM32Cube_FW_WBA_V1.1.0RC1, STM32Cube_FW_WB_V1.15.0RC1, STM32Cube_FW_WB_V1.16.0, STM32Cube_FW_WB_V1.16.0RC2, STM32Cube_FW_WB_V1.17.0, STM32Cube_FW_WL_V1.3.0, X-CUBE-ALGOBUILD_V1.3.0, X-CUBE-ALS_V1.0.1, X-CUBE-AZRTOS-F4_V1.1.0, X-CUBE-AZRTOS-F7_V1.1.0, X-CUBE-AZRTOS-G0_V1.1.0, X-CUBE-AZRTOS-G4_V2.0.0, X-CUBE-AZRTOS-H7_V3.1.0, X-CUBE-AZRTOS-L4_V1.0.0, X-CUBE-AZRTOS-L4_V2.0.0, X-CUBE-AZRTOS-L5_V1.1.0, X-CUBE-AZRTOS-WB_V1.1.0, X-CUBE-AZRTOS-WL_V2.0.0, X-CUBE-BLE1_V7.0.0, X-CUBE-BLE2_V3.3.0, X-CUBE-BLEMGR_V2.0.0, X-CUBE-EEPRMA1_V4.1.0, X-CUBE-FREERTOS_V1.1.0, X-CUBE-GNSS1_V6.0.0, X-CUBE-MEMS1_V9.1.0, X-CUBE-MEMS1_V9.4.0, X-CUBE-MEMS1_V9.6.0, X-CUBE-NFC4_V3.0.0, X-CUBE-NFC7_V1.0.0, X-CUBE-SFXS2LP1_V4.0.0, X-CUBE-SUBG2_V5.0.0, X-CUBE-TOF1_V3.3.1]
2023-10-05 15:43:20,260 [INFO] ApiDb:240 - Found 323 in-development CPN: [B-G473E-ZEST1S, B-WB1M-WPAN1, B-WL5M-SUBG1, NUCLEO-C031C6, NUCLEO-H503RB, NUCLEO-H563ZI, NUCLEO-U545RE-Q, NUCLEO-U5A5ZJ-Q, NUCLEO-WBA52CG, STEVAL-PROTEUS1, STEVAL-SMARTAG2, STEVAL-STWINBX1, STM320518-EVAL, STM32C0116-DK, STM32C011D6Y3TR, STM32C011D6Y6TR, STM32C011F4P3, STM32C011F4P6, STM32C011F4U3, STM32C011F4U6TR, STM32C011F6P3, STM32C011F6P6, STM32C011F6U3, STM32C011F6U6TR, STM32C011J4M3, STM32C011J4M6, STM32C011J6M3, STM32C011J6M6, STM32C0316-DK, STM32C031C4T3, STM32C031C4T6, STM32C031C4U3, STM32C031C4U6, STM32C031C6T3, STM32C031C6T6, STM32C031C6U3, STM32C031C6U6, STM32C031F4P3, STM32C031F4P6, STM32C031F6P3, STM32C031F6P6, STM32C031G4U3, STM32C031G4U6, STM32C031G6U3, STM32C031G6U6, STM32C031K4T3, STM32C031K4T6, STM32C031K4U3, STM32C031K4U6, STM32C031K6T3, STM32C031K6T6, STM32C031K6U3, STM32C031K6U6, STM32G071K8TXN, STM32G071K8UXN, STM32G081GBU6N, STM32G081KBT6N, STM32G081KBUXN, STM32G0B1CCT6N, STM32G0B1KCT6, STM32G0B1NEY6TR, STM32G0B1RCT6N, STM32G0C1CCT6, STM32G0C1CCT6N, STM32G0C1CCU6N, STM32G0C1CET6N, STM32G0C1CEU6N, STM32G0C1KCT6, STM32G0C1NEY6TR, STM32G0C1RCI6N, STM32G0C1RCT6N, STM32G0C1REI6N, STM32G0C1RET6N, STM32G0C1VCI6, STM32G0C1VEI6, STM32G471CCT6, STM32G471CCU6, STM32G471CET3, STM32G471CET6, STM32G471CEU3, STM32G471CEU6, STM32G471MCT6, STM32G471MET3, STM32G471MET6, STM32G471MEY6TR, STM32G471QCT6, STM32G471QET3, STM32G471RCT6, STM32G471RET3, STM32G471RET6, STM32G471VCH6, STM32G471VCI6, STM32G471VCT6, STM32G471VEH3, STM32G471VEH6, STM32G471VEI3, STM32G471VEI6, STM32G471VET3, STM32G471VET6, STM32G474CCT6, STM32H503CBT6, STM32H503CBU6, STM32H503EBY6TR, STM32H503KBU6, STM32H503RBT6, STM32H562AGI6, STM32H562AII6, STM32H562IGK6, STM32H562IGT6, STM32H562IIK6, STM32H562IIT6, STM32H562RGT6, STM32H562RGV6, STM32H562RIT6, STM32H562RIV6, STM32H562VGT6, STM32H562VIT6, STM32H562ZGT6, STM32H562ZIT6, STM32H563AGI6, STM32H563AII3Q, STM32H563AII6, STM32H563IGK6, STM32H563IGT6, STM32H563IIK3Q, STM32H563IIK6, STM32H563IIT3Q, STM32H563IIT6, STM32H563MIY3QTR, STM32H563RGT6, STM32H563RGV6, STM32H563RIT6, STM32H563RIV6, STM32H563VGT6, STM32H563VIT3Q, STM32H563VIT6, STM32H563ZGT6, STM32H563ZIT3Q, STM32H563ZIT6, STM32H573AII3Q, STM32H573AII6, STM32H573I-DK, STM32H573IIK3Q, STM32H573IIK6, STM32H573IIT3Q, STM32H573IIT6, STM32H573MIY3QTR, STM32H573RIT6, STM32H573RIV6, STM32H573VIT3Q, STM32H573VIT6, STM32H573ZIT3Q, STM32H573ZIT6, STM32L4R5QGI6STR, STM32MP131AAE3, STM32MP131AAF3, STM32MP131AAG3, STM32MP131CAE3, STM32MP131CAF3, STM32MP131CAG3, STM32MP131DAE7, STM32MP131DAF7, STM32MP131DAG7, STM32MP131FAE7, STM32MP131FAF7, STM32MP131FAG7, STM32MP133AAE3, STM32MP133AAF3, STM32MP133AAG3, STM32MP133CAE3, STM32MP133CAF3, STM32MP133CAG3, STM32MP133DAE7, STM32MP133DAF7, STM32MP133DAG7, STM32MP133FAE7, STM32MP133FAF7, STM32MP133FAG7, STM32MP135AAE3, STM32MP135AAF3, STM32MP135AAG3, STM32MP135CAE3, STM32MP135CAF3, STM32MP135CAG3, STM32MP135DAE7, STM32MP135DAF7, STM32MP135DAG7, STM32MP135F-DK, STM32MP135FAE7, STM32MP135FAF7, STM32MP135FAF7T, STM32MP135FAF7U, STM32MP135FAG7, STM32U535CBT6, STM32U535CBT6Q, STM32U535CBU6, STM32U535CBU6Q, STM32U535CCT6, STM32U535CCT6Q, STM32U535CCU6, STM32U535CCU6Q, STM32U535CET6, STM32U535CET6Q, STM32U535CEU6, STM32U535CEU6Q, STM32U535JEY6QTR, STM32U535NCY6QTR, STM32U535NEY6QTR, STM32U535RBI6, STM32U535RBI6Q, STM32U535RBT6, STM32U535RBT6Q, STM32U535RCI6, STM32U535RCI6Q, STM32U535RCT6, STM32U535RCT6Q, STM32U535REI6, STM32U535REI6Q, STM32U535RET6, STM32U535RET6Q, STM32U535VCI6, STM32U535VCI6Q, STM32U535VCT6, STM32U535VCT6Q, STM32U535VEI6, STM32U535VEI6Q, STM32U535VET6, STM32U535VET6Q, STM32U545CET6, STM32U545CET6Q, STM32U545CEU6, STM32U545CEU6Q, STM32U545JEY6QTR, STM32U545NEY6QTR, STM32U545REI6, STM32U545REI6Q, STM32U545RET6, STM32U545RET6Q, STM32U545VEI6, STM32U545VEI6Q, STM32U545VET6, STM32U545VET6Q, STM32U595AIH6, STM32U595AIH6Q, STM32U595AJH6, STM32U595AJH6Q, STM32U595QII6, STM32U595QII6Q, STM32U595QJI6, STM32U595QJI6Q, STM32U595RIT6, STM32U595RIT6Q, STM32U595RJT6, STM32U595RJT6Q, STM32U595VIT6, STM32U595VIT6Q, STM32U595VJT6, STM32U595VJT6Q, STM32U595ZIT6, STM32U595ZIT6Q, STM32U595ZIY6QTR, STM32U595ZJT6, STM32U595ZJT6Q, STM32U595ZJY6QTR, STM32U599BJY6QTR, STM32U599NIH6Q, STM32U599NJH6Q, STM32U599VIT6Q, STM32U599VJT6, STM32U599VJT6Q, STM32U599ZIT6Q, STM32U599ZIY6QTR, STM32U599ZJT6Q, STM32U599ZJY6QTR, STM32U5A5AJH6, STM32U5A5AJH6Q, STM32U5A5QJI6, STM32U5A5QJI6Q, STM32U5A5RJT6, STM32U5A5RJT6Q, STM32U5A5VJT6, STM32U5A5VJT6Q, STM32U5A5ZJT6, STM32U5A5ZJT6Q, STM32U5A5ZJY6QTR, STM32U5A9BJY6QTR, STM32U5A9J-DK, STM32U5A9NJH6Q, STM32U5A9VJT6Q, STM32U5A9ZJT6Q, STM32U5A9ZJY6QTR, STM32U5F7VIT6, STM32U5F7VIT6Q, STM32U5F7VJT6, STM32U5F7VJT6Q, STM32U5F9BJY6QTR, STM32U5F9NJH6Q, STM32U5F9VIT6Q, STM32U5F9VJT6Q, STM32U5F9ZIJ6QTR, STM32U5F9ZIT6Q, STM32U5F9ZJJ6QTR, STM32U5F9ZJT6Q, STM32U5G7VJT6, STM32U5G7VJT6Q, STM32U5G9BJY6QTR, STM32U5G9J-DK1, STM32U5G9J-DK2, STM32U5G9NJH6Q, STM32U5G9VJT6Q, STM32U5G9ZJJ6QTR, STM32U5G9ZJT6Q, STM32WB1MMCH6, STM32WBA52CEU6, STM32WBA52CEU6T, STM32WBA52CGU6, STM32WBA52CGU6T, STM32WBA52KEU6, STM32WBA52KEU6T, STM32WBA52KGU6, STM32WBA52KGU6T, STM32WL5MOCH6, STM32WL5MOCH6TR]
2023-10-05 15:43:20,266 [INFO] DbMcus:217 - Found 3848 MCUs, 3848 are supported
2023-10-05 15:43:20,268 [INFO] ApiDb:423 - Load user favorites file /home/northy/.stm32cubeide/favorites.mcus.txt: 1 item(s)
2023-10-05 15:43:20,268 [INFO] ApiDb:427 - User favorites MCUs=[STM32F767ZIT6]
2023-10-05 15:43:20,268 [INFO] DbMcus:223 - Set 1 / 1 favorites MCUs
2023-10-05 15:43:20,612 [INFO] ApiDb:668 - CubeFinder database Data Model version=2.1
2023-10-05 15:43:20,613 [INFO] ApiDb:669 - CubeFinder database Configuration version=3.0.37
2023-10-05 15:43:20,613 [INFO] ApiDb:670 - CubeFinder database generation date=2023-08-09 (1691586011)
2023-10-05 15:43:20,613 [INFO] ApiDb:671 - CubeFinder database FW Pack versions=[FP-ATR-ASTRA1_V2.0.0, FP-SNS-FLIGHT1_V5.0.1, FP-SNS-FLIGHT1_V5.0.2, FP-SNS-MOTENV1_V4.3.1, FP-SNS-MOTENV1_V4.3.2, STM32Cube_FW_C0_V1.1.0, STM32Cube_FW_F4_V1.27.1, STM32Cube_FW_F7_V1.17.0, STM32Cube_FW_G0_V1.6.1, STM32Cube_FW_G4_V1.5.1, STM32Cube_FW_H5_V0.5.1, STM32Cube_FW_H5_V1.1.0, STM32Cube_FW_H7_V1.11.0, STM32Cube_FW_L0_V1.12.2, STM32Cube_FW_L5_V1.5.0, STM32Cube_FW_U5_V1.3.0, STM32Cube_FW_U5_V1.3.0RC4, STM32Cube_FW_WBA_V1.0.0RC1, STM32Cube_FW_WBA_V1.1.0, STM32Cube_FW_WBA_V1.1.0RC1, STM32Cube_FW_WB_V1.15.0RC1, STM32Cube_FW_WB_V1.16.0, STM32Cube_FW_WB_V1.16.0RC2, STM32Cube_FW_WB_V1.17.0, STM32Cube_FW_WL_V1.3.0, X-CUBE-ALGOBUILD_V1.3.0, X-CUBE-ALS_V1.0.1, X-CUBE-AZRTOS-F4_V1.1.0, X-CUBE-AZRTOS-F7_V1.1.0, X-CUBE-AZRTOS-G0_V1.1.0, X-CUBE-AZRTOS-G4_V2.0.0, X-CUBE-AZRTOS-H7_V3.1.0, X-CUBE-AZRTOS-L4_V1.0.0, X-CUBE-AZRTOS-L4_V2.0.0, X-CUBE-AZRTOS-L5_V1.1.0, X-CUBE-AZRTOS-WB_V1.1.0, X-CUBE-AZRTOS-WL_V2.0.0, X-CUBE-BLE1_V7.0.0, X-CUBE-BLE2_V3.3.0, X-CUBE-BLEMGR_V2.0.0, X-CUBE-EEPRMA1_V4.1.0, X-CUBE-FREERTOS_V1.1.0, X-CUBE-GNSS1_V6.0.0, X-CUBE-MEMS1_V9.1.0, X-CUBE-MEMS1_V9.4.0, X-CUBE-MEMS1_V9.6.0, X-CUBE-NFC4_V3.0.0, X-CUBE-NFC7_V1.0.0, X-CUBE-SFXS2LP1_V4.0.0, X-CUBE-SUBG2_V5.0.0, X-CUBE-TOF1_V3.3.1]
2023-10-05 15:43:20,709 [INFO] DbBoardsSqlite:226 - include board P-NUCLEO-WB55-NUCLEO as a kit item of type 'Nucleo-64'
2023-10-05 15:43:20,709 [INFO] DbBoardsSqlite:226 - include board P-NUCLEO-WB55-USBDONGLE as a kit item of type 'Nucleo USB Dongle'
2023-10-05 15:43:20,709 [INFO] DbBoardsSqlite:226 - include board STEVAL-IDP005V1 as a kit item of type 'Evaluation Board'
2023-10-05 15:43:20,710 [INFO] DbBoardsSqlite:226 - include board STEVAL-IDP005V2 as a kit item of type 'Evaluation Board'
2023-10-05 15:43:20,772 [INFO] ApiDb:240 - Found 323 in-development CPN: [B-G473E-ZEST1S, B-WB1M-WPAN1, B-WL5M-SUBG1, NUCLEO-C031C6, NUCLEO-H503RB, NUCLEO-H563ZI, NUCLEO-U545RE-Q, NUCLEO-U5A5ZJ-Q, NUCLEO-WBA52CG, STEVAL-PROTEUS1, STEVAL-SMARTAG2, STEVAL-STWINBX1, STM320518-EVAL, STM32C0116-DK, STM32C011D6Y3TR, STM32C011D6Y6TR, STM32C011F4P3, STM32C011F4P6, STM32C011F4U3, STM32C011F4U6TR, STM32C011F6P3, STM32C011F6P6, STM32C011F6U3, STM32C011F6U6TR, STM32C011J4M3, STM32C011J4M6, STM32C011J6M3, STM32C011J6M6, STM32C0316-DK, STM32C031C4T3, STM32C031C4T6, STM32C031C4U3, STM32C031C4U6, STM32C031C6T3, STM32C031C6T6, STM32C031C6U3, STM32C031C6U6, STM32C031F4P3, STM32C031F4P6, STM32C031F6P3, STM32C031F6P6, STM32C031G4U3, STM32C031G4U6, STM32C031G6U3, STM32C031G6U6, STM32C031K4T3, STM32C031K4T6, STM32C031K4U3, STM32C031K4U6, STM32C031K6T3, STM32C031K6T6, STM32C031K6U3, STM32C031K6U6, STM32G071K8TXN, STM32G071K8UXN, STM32G081GBU6N, STM32G081KBT6N, STM32G081KBUXN, STM32G0B1CCT6N, STM32G0B1KCT6, STM32G0B1NEY6TR, STM32G0B1RCT6N, STM32G0C1CCT6, STM32G0C1CCT6N, STM32G0C1CCU6N, STM32G0C1CET6N, STM32G0C1CEU6N, STM32G0C1KCT6, STM32G0C1NEY6TR, STM32G0C1RCI6N, STM32G0C1RCT6N, STM32G0C1REI6N, STM32G0C1RET6N, STM32G0C1VCI6, STM32G0C1VEI6, STM32G471CCT6, STM32G471CCU6, STM32G471CET3, STM32G471CET6, STM32G471CEU3, STM32G471CEU6, STM32G471MCT6, STM32G471MET3, STM32G471MET6, STM32G471MEY6TR, STM32G471QCT6, STM32G471QET3, STM32G471RCT6, STM32G471RET3, STM32G471RET6, STM32G471VCH6, STM32G471VCI6, STM32G471VCT6, STM32G471VEH3, STM32G471VEH6, STM32G471VEI3, STM32G471VEI6, STM32G471VET3, STM32G471VET6, STM32G474CCT6, STM32H503CBT6, STM32H503CBU6, STM32H503EBY6TR, STM32H503KBU6, STM32H503RBT6, STM32H562AGI6, STM32H562AII6, STM32H562IGK6, STM32H562IGT6, STM32H562IIK6, STM32H562IIT6, STM32H562RGT6, STM32H562RGV6, STM32H562RIT6, STM32H562RIV6, STM32H562VGT6, STM32H562VIT6, STM32H562ZGT6, STM32H562ZIT6, STM32H563AGI6, STM32H563AII3Q, STM32H563AII6, STM32H563IGK6, STM32H563IGT6, STM32H563IIK3Q, STM32H563IIK6, STM32H563IIT3Q, STM32H563IIT6, STM32H563MIY3QTR, STM32H563RGT6, STM32H563RGV6, STM32H563RIT6, STM32H563RIV6, STM32H563VGT6, STM32H563VIT3Q, STM32H563VIT6, STM32H563ZGT6, STM32H563ZIT3Q, STM32H563ZIT6, STM32H573AII3Q, STM32H573AII6, STM32H573I-DK, STM32H573IIK3Q, STM32H573IIK6, STM32H573IIT3Q, STM32H573IIT6, STM32H573MIY3QTR, STM32H573RIT6, STM32H573RIV6, STM32H573VIT3Q, STM32H573VIT6, STM32H573ZIT3Q, STM32H573ZIT6, STM32L4R5QGI6STR, STM32MP131AAE3, STM32MP131AAF3, STM32MP131AAG3, STM32MP131CAE3, STM32MP131CAF3, STM32MP131CAG3, STM32MP131DAE7, STM32MP131DAF7, STM32MP131DAG7, STM32MP131FAE7, STM32MP131FAF7, STM32MP131FAG7, STM32MP133AAE3, STM32MP133AAF3, STM32MP133AAG3, STM32MP133CAE3, STM32MP133CAF3, STM32MP133CAG3, STM32MP133DAE7, STM32MP133DAF7, STM32MP133DAG7, STM32MP133FAE7, STM32MP133FAF7, STM32MP133FAG7, STM32MP135AAE3, STM32MP135AAF3, STM32MP135AAG3, STM32MP135CAE3, STM32MP135CAF3, STM32MP135CAG3, STM32MP135DAE7, STM32MP135DAF7, STM32MP135DAG7, STM32MP135F-DK, STM32MP135FAE7, STM32MP135FAF7, STM32MP135FAF7T, STM32MP135FAF7U, STM32MP135FAG7, STM32U535CBT6, STM32U535CBT6Q, STM32U535CBU6, STM32U535CBU6Q, STM32U535CCT6, STM32U535CCT6Q, STM32U535CCU6, STM32U535CCU6Q, STM32U535CET6, STM32U535CET6Q, STM32U535CEU6, STM32U535CEU6Q, STM32U535JEY6QTR, STM32U535NCY6QTR, STM32U535NEY6QTR, STM32U535RBI6, STM32U535RBI6Q, STM32U535RBT6, STM32U535RBT6Q, STM32U535RCI6, STM32U535RCI6Q, STM32U535RCT6, STM32U535RCT6Q, STM32U535REI6, STM32U535REI6Q, STM32U535RET6, STM32U535RET6Q, STM32U535VCI6, STM32U535VCI6Q, STM32U535VCT6, STM32U535VCT6Q, STM32U535VEI6, STM32U535VEI6Q, STM32U535VET6, STM32U535VET6Q, STM32U545CET6, STM32U545CET6Q, STM32U545CEU6, STM32U545CEU6Q, STM32U545JEY6QTR, STM32U545NEY6QTR, STM32U545REI6, STM32U545REI6Q, STM32U545RET6, STM32U545RET6Q, STM32U545VEI6, STM32U545VEI6Q, STM32U545VET6, STM32U545VET6Q, STM32U595AIH6, STM32U595AIH6Q, STM32U595AJH6, STM32U595AJH6Q, STM32U595QII6, STM32U595QII6Q, STM32U595QJI6, STM32U595QJI6Q, STM32U595RIT6, STM32U595RIT6Q, STM32U595RJT6, STM32U595RJT6Q, STM32U595VIT6, STM32U595VIT6Q, STM32U595VJT6, STM32U595VJT6Q, STM32U595ZIT6, STM32U595ZIT6Q, STM32U595ZIY6QTR, STM32U595ZJT6, STM32U595ZJT6Q, STM32U595ZJY6QTR, STM32U599BJY6QTR, STM32U599NIH6Q, STM32U599NJH6Q, STM32U599VIT6Q, STM32U599VJT6, STM32U599VJT6Q, STM32U599ZIT6Q, STM32U599ZIY6QTR, STM32U599ZJT6Q, STM32U599ZJY6QTR, STM32U5A5AJH6, STM32U5A5AJH6Q, STM32U5A5QJI6, STM32U5A5QJI6Q, STM32U5A5RJT6, STM32U5A5RJT6Q, STM32U5A5VJT6, STM32U5A5VJT6Q, STM32U5A5ZJT6, STM32U5A5ZJT6Q, STM32U5A5ZJY6QTR, STM32U5A9BJY6QTR, STM32U5A9J-DK, STM32U5A9NJH6Q, STM32U5A9VJT6Q, STM32U5A9ZJT6Q, STM32U5A9ZJY6QTR, STM32U5F7VIT6, STM32U5F7VIT6Q, STM32U5F7VJT6, STM32U5F7VJT6Q, STM32U5F9BJY6QTR, STM32U5F9NJH6Q, STM32U5F9VIT6Q, STM32U5F9VJT6Q, STM32U5F9ZIJ6QTR, STM32U5F9ZIT6Q, STM32U5F9ZJJ6QTR, STM32U5F9ZJT6Q, STM32U5G7VJT6, STM32U5G7VJT6Q, STM32U5G9BJY6QTR, STM32U5G9J-DK1, STM32U5G9J-DK2, STM32U5G9NJH6Q, STM32U5G9VJT6Q, STM32U5G9ZJJ6QTR, STM32U5G9ZJT6Q, STM32WB1MMCH6, STM32WBA52CEU6, STM32WBA52CEU6T, STM32WBA52CGU6, STM32WBA52CGU6T, STM32WBA52KEU6, STM32WBA52KEU6T, STM32WBA52KGU6, STM32WBA52KGU6T, STM32WL5MOCH6, STM32WL5MOCH6TR]
2023-10-05 15:43:20,918 [INFO] BoardInfo:880 - No configuration file found for board P-NUCLEO-WB55
2023-10-05 15:43:20,918 [INFO] DbBoards:157 - Kit is not supported: P-NUCLEO-WB55
2023-10-05 15:43:20,924 [INFO] BoardInfo:880 - No configuration file found for board STEVAL-BFA001V1B
2023-10-05 15:43:20,925 [INFO] DbBoards:157 - Kit is not supported: STEVAL-BFA001V1B
2023-10-05 15:43:20,926 [INFO] BoardInfo:880 - No configuration file found for board STEVAL-BFA001V2B
2023-10-05 15:43:20,926 [INFO] DbBoards:157 - Kit is not supported: STEVAL-BFA001V2B
2023-10-05 15:43:21,096 [INFO] DbBoards:161 - Found 190 boards, 187 are supported
2023-10-05 15:43:21,100 [INFO] ApiDb:423 - Load user favorites file /home/northy/.stm32cubeide/favorites.boards.txt: 0 item(s)
2023-10-05 15:43:21,100 [INFO] ApiDb:427 - User favorites Boards=[]
2023-10-05 15:43:21,100 [INFO] DbBoards:190 - Set 0 / 0 favorites Boards
2023-10-05 15:43:21,104 [INFO] ApiDb:668 - CubeFinder database Data Model version=2.1
2023-10-05 15:43:21,104 [INFO] ApiDb:669 - CubeFinder database Configuration version=3.0.37
2023-10-05 15:43:21,104 [INFO] ApiDb:670 - CubeFinder database generation date=2023-08-09 (1691586011)
2023-10-05 15:43:21,104 [INFO] ApiDb:671 - CubeFinder database FW Pack versions=[FP-ATR-ASTRA1_V2.0.0, FP-SNS-FLIGHT1_V5.0.1, FP-SNS-FLIGHT1_V5.0.2, FP-SNS-MOTENV1_V4.3.1, FP-SNS-MOTENV1_V4.3.2, STM32Cube_FW_C0_V1.1.0, STM32Cube_FW_F4_V1.27.1, STM32Cube_FW_F7_V1.17.0, STM32Cube_FW_G0_V1.6.1, STM32Cube_FW_G4_V1.5.1, STM32Cube_FW_H5_V0.5.1, STM32Cube_FW_H5_V1.1.0, STM32Cube_FW_H7_V1.11.0, STM32Cube_FW_L0_V1.12.2, STM32Cube_FW_L5_V1.5.0, STM32Cube_FW_U5_V1.3.0, STM32Cube_FW_U5_V1.3.0RC4, STM32Cube_FW_WBA_V1.0.0RC1, STM32Cube_FW_WBA_V1.1.0, STM32Cube_FW_WBA_V1.1.0RC1, STM32Cube_FW_WB_V1.15.0RC1, STM32Cube_FW_WB_V1.16.0, STM32Cube_FW_WB_V1.16.0RC2, STM32Cube_FW_WB_V1.17.0, STM32Cube_FW_WL_V1.3.0, X-CUBE-ALGOBUILD_V1.3.0, X-CUBE-ALS_V1.0.1, X-CUBE-AZRTOS-F4_V1.1.0, X-CUBE-AZRTOS-F7_V1.1.0, X-CUBE-AZRTOS-G0_V1.1.0, X-CUBE-AZRTOS-G4_V2.0.0, X-CUBE-AZRTOS-H7_V3.1.0, X-CUBE-AZRTOS-L4_V1.0.0, X-CUBE-AZRTOS-L4_V2.0.0, X-CUBE-AZRTOS-L5_V1.1.0, X-CUBE-AZRTOS-WB_V1.1.0, X-CUBE-AZRTOS-WL_V2.0.0, X-CUBE-BLE1_V7.0.0, X-CUBE-BLE2_V3.3.0, X-CUBE-BLEMGR_V2.0.0, X-CUBE-EEPRMA1_V4.1.0, X-CUBE-FREERTOS_V1.1.0, X-CUBE-GNSS1_V6.0.0, X-CUBE-MEMS1_V9.1.0, X-CUBE-MEMS1_V9.4.0, X-CUBE-MEMS1_V9.6.0, X-CUBE-NFC4_V3.0.0, X-CUBE-NFC7_V1.0.0, X-CUBE-SFXS2LP1_V4.0.0, X-CUBE-SUBG2_V5.0.0, X-CUBE-TOF1_V3.3.1]
2023-10-05 15:43:22,634 [INFO] DbExamplesSqlite:395 - Ignored 27 examples not supported by CubeIDE
2023-10-05 15:43:22,635 [INFO] DbExamplesSqlite:396 - Found 7231 examples active
2023-10-05 15:43:22,636 [INFO] DbExamplesSqlite:397 - Found 677 examples obsolete
2023-10-05 15:43:22,636 [INFO] DbExamplesSqlite:398 - Found 0 examples under development
2023-10-05 15:43:22,637 [INFO] DbExamplesSqlite:399 - Found 74 examples not building
2023-10-05 15:43:22,640 [INFO] DbExamples:125 - Found 7278 examples
2023-10-05 15:43:22,664 [INFO] DbExamples:222 - Found 92 boards with related examples
2023-10-05 15:43:22,666 [INFO] DbExamples:235 - Found 78 MCUs with related examples
2023-10-05 15:43:22,706 [INFO] ApiDb:423 - Load user favorites file /home/northy/.stm32cubeide/favorites.examples.txt: 0 item(s)
2023-10-05 15:43:22,706 [INFO] ApiDb:427 - User favorites Examples=[]
2023-10-05 15:43:22,707 [INFO] DbExamples:250 - Set 0 / 0 favorites Examples
2023-10-05 15:43:22,890 [INFO] McuFinderGlobals:76 - Set McuFinderConnectedMode to true
2023-10-05 15:43:22,903 [INFO] MultiScanPanel:200 - Auto-refresh data requested => check proxy status ongoing
2023-10-05 15:43:22,908 [INFO] FinderPluginLoader:95 - Searching for filters in installed packs
2023-10-05 15:43:25,527 [INFO] LoadUrlFilesThread:185 - End of LoadServerUrlFiles without Thread
2023-10-05 15:43:25,557 [INFO] DetailPanel:341 - Set advertising image to /home/northy/STM32Cube/Repository//en.prom-stm32h5-mcu-finder.jpg
2023-10-05 15:55:51,904 [INFO] MainUpdater:2868 - connection check result : 10
2023-10-05 15:55:51,904 [INFO] MainUpdater:2868 - connection check result : 10
2023-10-05 15:55:54,158 [INFO] MicroXplorer:468 - Change Database Path : 
2023-10-05 15:55:54,158 [INFO] MicroXplorer:498 - Change Database Version : DB.6.0.90
2023-10-05 15:55:54,164 [WARN] ThirdParty:871 - waiting for thirdparty lock release [close project]
2023-10-05 15:55:54,164 [INFO] ThirdParty:873 - entering critical section [close project]
2023-10-05 15:55:54,165 [INFO] ThirdParty:883 - exiting critical section [close project]
2023-10-05 15:55:54,169 [INFO] PinOutPanel:1499 - setPackage(No Configuration,No Configuration)
2023-10-05 15:55:54,179 [INFO] UtilMem:75 - Begin LoadConfig() Used Memory: 661065880 Bytes (903872512)
2023-10-05 15:55:54,180 [INFO] MicroXplorer:468 - Change Database Path : 
2023-10-05 15:55:54,180 [INFO] MicroXplorer:498 - Change Database Version : DB.6.0.90
2023-10-05 15:55:54,181 [INFO] OpenFileManager:308 - Change cursor
2023-10-05 15:55:54,240 [INFO] Mcu:1946 - Initializing MCU STM32F767ZITx STM32F767ZITx STM32F767ZIT6
2023-10-05 15:55:59,228 [INFO] Context:659 - Trying to add GPIOservice into a context  which must be forbidden
2023-10-05 15:56:00,682 [INFO] ImportTextPane:194 - (OptionalMessage_ERROR) Unable to find key (Mcu.ThirdPartyNb) in loaded IOC file
2023-10-05 15:56:00,683 [INFO] ImportTextPane:194 - (OptionalMessage_ERROR) Unable to find key (Mcu.PinsNb) in loaded IOC file
2023-10-05 15:56:00,683 [INFO] ImportTextPane:194 - (OptionalMessage_ERROR) Unable to find key (Mcu.IPNb) in loaded IOC file
2023-10-05 15:56:01,141 [INFO] RtosManager:555 - Registered RTOS mode: class=CMSIS, group=RTOS, mode=CMSIS_V1, owner=FREERTOS
2023-10-05 15:56:01,142 [INFO] RtosManager:555 - Registered RTOS mode: class=CMSIS, group=RTOS2, mode=CMSIS_V2, owner=FREERTOS
2023-10-05 15:56:01,142 [INFO] RtosManager:555 - Registered RTOS mode: class=RTOS, group=Core, mode=CMSIS_V1, owner=FREERTOS
2023-10-05 15:56:01,142 [INFO] RtosManager:555 - Registered RTOS mode: class=RTOS, group=Core, mode=CMSIS_V2, owner=FREERTOS
2023-10-05 15:56:01,142 [WARN] ModelIntegratedComponent:184 - Missing modes for component STMicroelectronics:FreeRTOS:0.0.1:STMicroelectronics:RTOS:FreeRTOS:Core:::10.2.0:
2023-10-05 15:56:01,178 [WARN] ModelIntegratedComponent:63 - No mode defined for component null
2023-10-05 15:56:01,178 [WARN] ModelIntegratedComponent:63 - No mode defined for component null
2023-10-05 15:56:01,178 [WARN] ModelIntegratedComponent:63 - No mode defined for component null
2023-10-05 15:56:01,178 [WARN] ModelIntegratedComponent:63 - No mode defined for component null
2023-10-05 15:56:01,179 [WARN] ModelIntegratedComponent:63 - No mode defined for component null
2023-10-05 15:56:01,179 [WARN] ModelIntegratedComponent:63 - No mode defined for component null
2023-10-05 15:56:01,179 [WARN] ModelIntegratedComponent:63 - No mode defined for component null
2023-10-05 15:56:01,180 [WARN] ModelIntegratedComponent:63 - No mode defined for component null
2023-10-05 15:56:01,180 [WARN] ModelIntegratedComponent:63 - No mode defined for component null
2023-10-05 15:56:01,180 [WARN] ModelIntegratedComponent:63 - No mode defined for component null
2023-10-05 15:56:01,181 [WARN] ModelIntegratedComponent:63 - No mode defined for component null
2023-10-05 15:56:01,181 [WARN] ModelIntegratedComponent:63 - No mode defined for component null
2023-10-05 15:56:01,181 [WARN] ModelIntegratedComponent:63 - No mode defined for component null
2023-10-05 15:56:01,181 [WARN] ModelIntegratedComponent:63 - No mode defined for component null
2023-10-05 15:56:01,181 [WARN] ModelIntegratedComponent:63 - No mode defined for component null
2023-10-05 15:56:01,182 [WARN] ModelIntegratedComponent:63 - No mode defined for component null
2023-10-05 15:56:01,182 [WARN] ModelIntegratedComponent:63 - No mode defined for component null
2023-10-05 15:56:01,182 [WARN] ModelIntegratedComponent:63 - No mode defined for component null
2023-10-05 15:56:01,182 [WARN] ModelIntegratedComponent:63 - No mode defined for component null
2023-10-05 15:56:01,183 [WARN] ModelIntegratedComponent:63 - No mode defined for component null
2023-10-05 15:56:01,183 [WARN] ModelIntegratedComponent:63 - No mode defined for component null
2023-10-05 15:56:01,183 [WARN] ModelIntegratedComponent:63 - No mode defined for component null
2023-10-05 15:56:01,183 [WARN] ModelIntegratedComponent:63 - No mode defined for component null
2023-10-05 15:56:01,183 [WARN] ModelIntegratedComponent:63 - No mode defined for component null
2023-10-05 15:56:01,183 [WARN] ModelIntegratedComponent:63 - No mode defined for component null
2023-10-05 15:56:01,184 [WARN] ModelIntegratedComponent:63 - No mode defined for component null
2023-10-05 15:56:01,184 [WARN] ModelIntegratedComponent:63 - No mode defined for component null
2023-10-05 15:56:01,184 [WARN] ModelIntegratedComponent:63 - No mode defined for component null
2023-10-05 15:56:01,184 [WARN] ModelIntegratedComponent:63 - No mode defined for component null
2023-10-05 15:56:01,184 [WARN] ModelIntegratedComponent:63 - No mode defined for component null
2023-10-05 15:56:01,184 [WARN] ModelIntegratedComponent:63 - No mode defined for component null
2023-10-05 15:56:01,185 [WARN] ModelIntegratedComponent:63 - No mode defined for component null
2023-10-05 15:56:01,185 [WARN] ModelIntegratedComponent:63 - No mode defined for component null
2023-10-05 15:56:01,228 [INFO] ThirdPartyModel:298 - Start build external matchings
2023-10-05 15:56:02,413 [INFO] ThirdPartyModel:316 - End build external matchings
2023-10-05 15:56:03,154 [INFO] UtilMem:75 - End LoadConfig() Used Memory: 806048424 Bytes (1073741824)
2023-10-05 15:56:03,175 [WARN] ThirdParty:833 - waiting for thirdparty lock release [change project]
2023-10-05 15:56:03,175 [INFO] ThirdParty:835 - entering critical section [change project]
2023-10-05 15:56:03,175 [INFO] ThirdParty:1030 - CMSIS Pack Vendor :STMicroelectronics X-CUBE-ISPU 1.1.0
2023-10-05 15:56:03,175 [INFO] ThirdParty:1030 - CMSIS Pack Vendor :STMicroelectronics USBPD 4.1
2023-10-05 15:56:03,175 [INFO] ThirdParty:1030 - CMSIS Pack Vendor :STMicroelectronics X-CUBE-GNSS1 6.0.0
2023-10-05 15:56:03,176 [INFO] ThirdParty:1030 - CMSIS Pack Vendor :STMicroelectronics USB_HOST 2.0.0
2023-10-05 15:56:03,176 [INFO] ThirdParty:1030 - CMSIS Pack Vendor :STMicroelectronics X-CUBE-AZRTOS-F4 1.1.0
2023-10-05 15:56:03,176 [INFO] ThirdParty:1030 - CMSIS Pack Vendor :STMicroelectronics LIBJPEG 8.0.0
2023-10-05 15:56:03,176 [INFO] ThirdParty:1030 - CMSIS Pack Vendor :wolfSSL I-CUBE-wolfSSL 5.6.3
2023-10-05 15:56:03,176 [INFO] ThirdParty:1030 - CMSIS Pack Vendor :STMicroelectronics X-CUBE-SMBUS 2.1.0
2023-10-05 15:56:03,176 [INFO] ThirdParty:1030 - CMSIS Pack Vendor :STMicroelectronics USB_DEVICE 3.0.0
2023-10-05 15:56:03,176 [INFO] ThirdParty:1030 - CMSIS Pack Vendor :STMicroelectronics X-CUBE-AZRTOS-WB 2.0.0
2023-10-05 15:56:03,176 [INFO] ThirdParty:1030 - CMSIS Pack Vendor :STMicroelectronics X-CUBE-FREERTOS 1.0.1
2023-10-05 15:56:03,177 [INFO] ThirdParty:1030 - CMSIS Pack Vendor :STMicroelectronics X-CUBE-AZRTOS-F7 1.1.0
2023-10-05 15:56:03,177 [INFO] ThirdParty:1030 - CMSIS Pack Vendor :STMicroelectronics X-CUBE-AZRTOS-L5 2.0.0
2023-10-05 15:56:03,177 [INFO] ThirdParty:1030 - CMSIS Pack Vendor :STMicroelectronics USB_DEVICE 2.0.0
2023-10-05 15:56:03,177 [INFO] ThirdParty:1030 - CMSIS Pack Vendor :STMicroelectronics X-CUBE-MEMS1 9.6.0
2023-10-05 15:56:03,177 [INFO] ThirdParty:1030 - CMSIS Pack Vendor :ITTIA_DB I-CUBE-ITTIADB 8.8.0
2023-10-05 15:56:03,177 [INFO] ThirdParty:1030 - CMSIS Pack Vendor :STMicroelectronics FP-SNS-MOTENV1 4.3.2
2023-10-05 15:56:03,177 [INFO] ThirdParty:1030 - CMSIS Pack Vendor :STMicroelectronics FP-SNS-FLIGHT1 5.0.1
2023-10-05 15:56:03,177 [INFO] ThirdParty:1030 - CMSIS Pack Vendor :STMicroelectronics X-CUBE-ALGOBUILD 1.3.0
2023-10-05 15:56:03,177 [INFO] ThirdParty:1030 - CMSIS Pack Vendor :STMicroelectronics X-CUBE-BLE1 6.2.4
2023-10-05 15:56:03,177 [INFO] ThirdParty:1030 - CMSIS Pack Vendor :STMicroelectronics X-CUBE-AZRTOS-L5 1.1.0
2023-10-05 15:56:03,178 [INFO] ThirdParty:1030 - CMSIS Pack Vendor :STMicroelectronics FreeRTOS 0.0.1
2023-10-05 15:56:03,178 [INFO] ThirdParty:1030 - CMSIS Pack Vendor :STMicroelectronics X-CUBE-AZRTOS-G0 1.1.0
2023-10-05 15:56:03,178 [INFO] ThirdParty:1030 - CMSIS Pack Vendor :STMicroelectronics X-CUBE-BLEMGR 2.0.0
2023-10-05 15:56:03,178 [INFO] ThirdParty:1030 - CMSIS Pack Vendor :STMicroelectronics X-CUBE-AI 8.0.1
2023-10-05 15:56:03,178 [INFO] ThirdParty:1030 - CMSIS Pack Vendor :STMicroelectronics X-CUBE-NFC4 3.0.0
2023-10-05 15:56:03,178 [INFO] ThirdParty:1030 - CMSIS Pack Vendor :STMicroelectronics X-CUBE-SUBG2 5.0.0
2023-10-05 15:56:03,178 [INFO] ThirdParty:1030 - CMSIS Pack Vendor :STMicroelectronics STM32_WPAN 1.0.0
2023-10-05 15:56:03,178 [INFO] ThirdParty:1030 - CMSIS Pack Vendor :STMicroelectronics lwIP 2.0.3
2023-10-05 15:56:03,178 [INFO] ThirdParty:1030 - CMSIS Pack Vendor :STMicroelectronics FP-SNS-FLIGHT1 5.0.2
2023-10-05 15:56:03,178 [INFO] ThirdParty:1030 - CMSIS Pack Vendor :STMicroelectronics USB_HOST 1.0.0
2023-10-05 15:56:03,178 [INFO] ThirdParty:1030 - CMSIS Pack Vendor :STMicroelectronics X-CUBE-TOF1 3.3.1
2023-10-05 15:56:03,178 [INFO] ThirdParty:1030 - CMSIS Pack Vendor :STMicroelectronics X-CUBE-AZRTOS-G4 2.0.0
2023-10-05 15:56:03,179 [INFO] ThirdParty:1030 - CMSIS Pack Vendor :STMicroelectronics PDM2PCM 3.1.0
2023-10-05 15:56:03,179 [INFO] ThirdParty:1030 - CMSIS Pack Vendor :STMicroelectronics X-CUBE-AZRTOS-H7 3.1.0
2023-10-05 15:56:03,179 [INFO] ThirdParty:1030 - CMSIS Pack Vendor :STMicroelectronics X-CUBE-TOF1 3.3.0
2023-10-05 15:56:03,179 [INFO] ThirdParty:1030 - CMSIS Pack Vendor :STMicroelectronics PDM2PCM 3.3.0
2023-10-05 15:56:03,179 [INFO] ThirdParty:1030 - CMSIS Pack Vendor :STMicroelectronics X-CUBE-DISPLAY 3.0.0
2023-10-05 15:56:03,179 [INFO] ThirdParty:1030 - CMSIS Pack Vendor :STMicroelectronics X-CUBE-BLE1 7.0.0
2023-10-05 15:56:03,179 [INFO] ThirdParty:1030 - CMSIS Pack Vendor :STMicroelectronics FP-ATR-SIGFOX1 3.2.0
2023-10-05 15:56:03,179 [INFO] ThirdParty:1030 - CMSIS Pack Vendor :STMicroelectronics HAL Drivers 0.0.0
2023-10-05 15:56:03,179 [INFO] ThirdParty:1030 - CMSIS Pack Vendor :STMicroelectronics MBEDTLS 2.16.2
2023-10-05 15:56:03,179 [INFO] ThirdParty:1030 - CMSIS Pack Vendor :emotas I-CUBE-CANOPEN 1.3.0
2023-10-05 15:56:03,179 [INFO] ThirdParty:1030 - CMSIS Pack Vendor :STMicroelectronics X-CUBE-FREERTOS 1.1.0
2023-10-05 15:56:03,179 [INFO] ThirdParty:1030 - CMSIS Pack Vendor :STMicroelectronics X-CUBE-TOUCHGFX 4.22.0
2023-10-05 15:56:03,179 [INFO] ThirdParty:1030 - CMSIS Pack Vendor :STMicroelectronics X-CUBE-NFC7 1.0.1
2023-10-05 15:56:03,180 [INFO] ThirdParty:1030 - CMSIS Pack Vendor :STMicroelectronics MBEDTLS 2.14.1
2023-10-05 15:56:03,180 [INFO] ThirdParty:1030 - CMSIS Pack Vendor :STMicroelectronics X-CUBE-TOUCHGFX 4.22.1
2023-10-05 15:56:03,180 [INFO] ThirdParty:1030 - CMSIS Pack Vendor :STMicroelectronics X-CUBE-NFC6 3.0.0
2023-10-05 15:56:03,180 [INFO] ThirdParty:1030 - CMSIS Pack Vendor :STMicroelectronics X-CUBE-EEPRMA1 4.1.0
2023-10-05 15:56:03,180 [INFO] ThirdParty:1030 - CMSIS Pack Vendor :portGmbH I-Cube-SoM-uGOAL 1.1.0
2023-10-05 15:56:03,180 [INFO] ThirdParty:1030 - CMSIS Pack Vendor :STMicroelectronics X-CUBE-ALS 1.0.1
2023-10-05 15:56:03,180 [INFO] ThirdParty:1030 - CMSIS Pack Vendor :STMicroelectronics ThreadX 1.0.0
2023-10-05 15:56:03,180 [INFO] ThirdParty:1030 - CMSIS Pack Vendor :STMicroelectronics FP-SNS-SMARTAG2 1.2.0
2023-10-05 15:56:03,180 [INFO] ThirdParty:1030 - CMSIS Pack Vendor :STMicroelectronics X-CUBE-AZRTOS-WB 1.1.0
2023-10-05 15:56:03,180 [INFO] ThirdParty:1030 - CMSIS Pack Vendor :STMicroelectronics X-CUBE-AZRTOS-WL 2.0.0
2023-10-05 15:56:03,180 [INFO] ThirdParty:1030 - CMSIS Pack Vendor :SEGGER I-CUBE-embOS 1.3.1
2023-10-05 15:56:03,181 [INFO] ThirdParty:1030 - CMSIS Pack Vendor :STMicroelectronics USB_DEVICE 1.0.0
2023-10-05 15:56:03,181 [INFO] ThirdParty:1030 - CMSIS Pack Vendor :STMicroelectronics X-CUBE-AI 8.1.0
2023-10-05 15:56:03,181 [INFO] ThirdParty:1030 - CMSIS Pack Vendor :STMicroelectronics X-CUBE-AZRTOS-L4 2.0.0
2023-10-05 15:56:03,181 [INFO] ThirdParty:1030 - CMSIS Pack Vendor :STMicroelectronics ThreadX 0.0.2
2023-10-05 15:56:03,181 [INFO] ThirdParty:1030 - CMSIS Pack Vendor :WES I-CUBE-Cesium 1.3.0
2023-10-05 15:56:03,181 [INFO] ThirdParty:1030 - CMSIS Pack Vendor :STMicroelectronics FP-ATR-ASTRA1 2.0.0
2023-10-05 15:56:03,181 [INFO] ThirdParty:1030 - CMSIS Pack Vendor :STMicroelectronics lwIP 2.1.2
2023-10-05 15:56:03,181 [INFO] ThirdParty:1030 - CMSIS Pack Vendor :STMicroelectronics X-CUBE-SFXS2LP1 4.0.0
2023-10-05 15:56:03,181 [INFO] ThirdParty:1030 - CMSIS Pack Vendor :STMicroelectronics X-CUBE-BLE2 3.3.0
2023-10-05 15:56:03,181 [INFO] ThirdParty:1030 - CMSIS Pack Vendor :STMicroelectronics PDM2PCM 3.2.0
2023-10-05 15:56:03,182 [INFO] ThirdParty:841 - exiting critical section [change project]
2023-10-05 15:56:04,452 [INFO] PinOutPanel:1499 - setPackage(No Configuration,No Configuration)
2023-10-05 15:56:04,454 [INFO] PinOutPanel:1499 - setPackage(STM32F767ZITx,LQFP144)
2023-10-05 15:56:06,017 [INFO] UtilMem:75 - Before build in PCC Used Memory: 789659824 Bytes (1073741824)
2023-10-05 15:56:07,168 [INFO] UtilMem:75 - After build in PCC Used Memory: 915720144 Bytes (1073741824)
2023-10-05 15:56:07,304 [INFO] IPUIPlugin:80 - create IPUIPlugin
2023-10-05 15:56:07,305 [INFO] IPUIPlugin:80 - create IPUIPlugin
2023-10-05 15:56:07,305 [INFO] IPUIPlugin:80 - create IPUIPlugin
2023-10-05 15:56:07,306 [INFO] IPUIPlugin:80 - create IPUIPlugin
2023-10-05 15:56:07,308 [INFO] IPUIPlugin:80 - create IPUIPlugin
2023-10-05 15:56:07,308 [INFO] IPUIPlugin:80 - create IPUIPlugin
2023-10-05 15:56:07,309 [INFO] IPUIPlugin:80 - create IPUIPlugin
2023-10-05 15:56:07,310 [INFO] IPUIPlugin:80 - create IPUIPlugin
2023-10-05 15:56:07,310 [INFO] IPUIPlugin:80 - create IPUIPlugin
2023-10-05 15:56:07,311 [INFO] IPUIPlugin:80 - create IPUIPlugin
2023-10-05 15:56:07,312 [INFO] IPUIPlugin:80 - create IPUIPlugin
2023-10-05 15:56:07,312 [INFO] IPUIPlugin:80 - create IPUIPlugin
2023-10-05 15:56:07,313 [INFO] IPUIPlugin:80 - create IPUIPlugin
2023-10-05 15:56:07,313 [INFO] IPUIPlugin:80 - create IPUIPlugin
2023-10-05 15:56:07,314 [INFO] IPUIPlugin:80 - create IPUIPlugin
2023-10-05 15:56:07,314 [INFO] IPUIPlugin:80 - create IPUIPlugin
2023-10-05 15:56:07,314 [INFO] IPUIPlugin:80 - create IPUIPlugin
2023-10-05 15:56:07,314 [INFO] IPUIPlugin:80 - create IPUIPlugin
2023-10-05 15:56:07,315 [INFO] IPUIPlugin:80 - create IPUIPlugin
2023-10-05 15:56:07,315 [INFO] IPUIPlugin:80 - create IPUIPlugin
2023-10-05 15:56:07,315 [INFO] IPUIPlugin:80 - create IPUIPlugin
2023-10-05 15:56:07,316 [INFO] IPUIPlugin:80 - create IPUIPlugin
2023-10-05 15:56:07,316 [INFO] IPUIPlugin:80 - create IPUIPlugin
2023-10-05 15:56:07,317 [INFO] IPUIPlugin:80 - create IPUIPlugin
2023-10-05 15:56:07,318 [INFO] IPUIPlugin:80 - create IPUIPlugin
2023-10-05 15:56:07,318 [INFO] IPUIPlugin:80 - create IPUIPlugin
2023-10-05 15:56:07,319 [INFO] IPUIPlugin:80 - create IPUIPlugin
2023-10-05 15:56:07,320 [INFO] IPUIPlugin:80 - create IPUIPlugin
2023-10-05 15:56:07,322 [INFO] IPUIPlugin:80 - create IPUIPlugin
2023-10-05 15:56:07,323 [INFO] IPUIPlugin:80 - create IPUIPlugin
2023-10-05 15:56:07,323 [INFO] IPUIPlugin:80 - create IPUIPlugin
2023-10-05 15:56:07,324 [INFO] IPUIPlugin:80 - create IPUIPlugin
2023-10-05 15:56:07,325 [INFO] IPUIPlugin:80 - create IPUIPlugin
2023-10-05 15:56:07,326 [INFO] IPUIPlugin:80 - create IPUIPlugin
2023-10-05 15:56:07,326 [INFO] IPUIPlugin:80 - create IPUIPlugin
2023-10-05 15:56:07,327 [INFO] IPUIPlugin:80 - create IPUIPlugin
2023-10-05 15:56:07,327 [INFO] IPUIPlugin:80 - create IPUIPlugin
2023-10-05 15:56:07,327 [INFO] IPUIPlugin:80 - create IPUIPlugin
2023-10-05 15:56:07,328 [INFO] IPUIPlugin:80 - create IPUIPlugin
2023-10-05 15:56:07,329 [INFO] IPUIPlugin:80 - create IPUIPlugin
2023-10-05 15:56:07,330 [INFO] IPUIPlugin:80 - create IPUIPlugin
2023-10-05 15:56:07,330 [INFO] IPUIPlugin:80 - create IPUIPlugin
2023-10-05 15:56:07,331 [INFO] IPUIPlugin:80 - create IPUIPlugin
2023-10-05 15:56:07,332 [INFO] IPUIPlugin:80 - create IPUIPlugin
2023-10-05 15:56:07,332 [INFO] IPUIPlugin:80 - create IPUIPlugin
2023-10-05 15:56:07,333 [INFO] IPUIPlugin:80 - create IPUIPlugin
2023-10-05 15:56:07,333 [INFO] IPUIPlugin:80 - create IPUIPlugin
2023-10-05 15:56:07,333 [INFO] IPUIPlugin:80 - create IPUIPlugin
2023-10-05 15:56:07,333 [INFO] IPUIPlugin:80 - create IPUIPlugin
2023-10-05 15:56:07,334 [INFO] IPUIPlugin:80 - create IPUIPlugin
2023-10-05 15:56:07,334 [INFO] IPUIPlugin:80 - create IPUIPlugin
2023-10-05 15:56:07,334 [INFO] IPUIPlugin:80 - create IPUIPlugin
2023-10-05 15:56:07,335 [INFO] IPUIPlugin:80 - create IPUIPlugin
2023-10-05 15:56:07,335 [INFO] IPUIPlugin:80 - create IPUIPlugin
2023-10-05 15:56:07,335 [INFO] IPUIPlugin:80 - create IPUIPlugin
2023-10-05 15:56:07,335 [INFO] IPUIPlugin:80 - create IPUIPlugin
2023-10-05 15:56:07,336 [INFO] IPUIPlugin:80 - create IPUIPlugin
2023-10-05 15:56:07,336 [INFO] IPUIPlugin:80 - create IPUIPlugin
2023-10-05 15:56:07,336 [INFO] IPUIPlugin:80 - create IPUIPlugin
2023-10-05 15:56:07,336 [INFO] IPUIPlugin:80 - create IPUIPlugin
2023-10-05 15:56:07,337 [INFO] IPUIPlugin:80 - create IPUIPlugin
2023-10-05 15:56:07,337 [INFO] IPUIPlugin:80 - create IPUIPlugin
2023-10-05 15:56:07,337 [INFO] IPUIPlugin:80 - create IPUIPlugin
2023-10-05 15:56:07,338 [INFO] IPUIPlugin:80 - create IPUIPlugin
2023-10-05 15:56:07,338 [INFO] IPUIPlugin:80 - create IPUIPlugin
2023-10-05 15:56:07,338 [INFO] IPUIPlugin:80 - create IPUIPlugin
2023-10-05 15:56:07,339 [INFO] IPUIPlugin:80 - create IPUIPlugin
2023-10-05 15:56:07,339 [INFO] IPUIPlugin:80 - create IPUIPlugin
2023-10-05 15:56:07,340 [INFO] IPUIPlugin:80 - create IPUIPlugin
2023-10-05 15:56:07,340 [INFO] IPUIPlugin:80 - create IPUIPlugin
2023-10-05 15:56:07,341 [INFO] IPUIPlugin:80 - create IPUIPlugin
2023-10-05 15:56:07,341 [INFO] IPUIPlugin:80 - create IPUIPlugin
2023-10-05 15:56:07,342 [INFO] IPUIPlugin:80 - create IPUIPlugin
2023-10-05 15:56:07,343 [INFO] IPUIPlugin:80 - create IPUIPlugin
2023-10-05 15:56:07,344 [INFO] IPUIPlugin:80 - create IPUIPlugin
2023-10-05 15:56:07,345 [INFO] IPUIPlugin:80 - create IPUIPlugin
2023-10-05 15:56:07,346 [INFO] IPUIPlugin:80 - create IPUIPlugin
2023-10-05 15:56:07,348 [INFO] IPUIPlugin:80 - create IPUIPlugin
2023-10-05 15:56:07,349 [INFO] IPUIPlugin:80 - create IPUIPlugin
2023-10-05 15:56:07,419 [INFO] ApiDbMcu:507 - Load IP Config File for PDM2PCM
2023-10-05 15:56:07,700 [INFO] CADModel:165 - CPN selected for project levelSTM32F767ZIT6
2023-10-05 15:56:07,700 [INFO] CADModel:114 - Register for checkConnection events
2023-10-05 15:56:07,751 [INFO] OpenFileManager:328 - Restore cursor
2023-10-05 15:56:08,921 [INFO] UtilMem:75 - End SaveConfig() Used Memory: 672182400 Bytes (1073741824)
2023-10-05 15:56:09,048 [INFO] UtilMem:75 - End SaveConfig() Used Memory: 705214592 Bytes (1073741824)
2023-10-05 15:56:10,156 [INFO] BlockDiagram:2759 - set Specific Code input for plugin: RCC
2023-10-05 15:56:10,156 [INFO] BlockDiagram:2759 - set Specific Code input for plugin: NVIC
2023-10-05 15:56:10,156 [INFO] BlockDiagram:2759 - set Specific Code input for plugin: CORTEX_M7
2023-10-05 15:56:10,159 [INFO] CodeGenerator:799 - code generatio: config db path: /opt/st/stm32cubeide_1.13.0/plugins/com.st.stm32cube.common.mx_6.9.0.202307051724//db/
2023-10-05 15:56:10,890 [INFO] CodeEngine:255 - oldGeneratedFile, /home/northy/STM32CubeIDE/TEST_MAD/Test_Lab/MXTmpFiles/license.tmp_save
2023-10-05 15:56:11,717 [INFO] CodeEngine:279 - Generated code: /home/northy/STM32CubeIDE/TEST_MAD/Test_Lab/MXTmpFiles/license.tmp
2023-10-05 15:56:11,839 [INFO] CodeEngine:255 - oldGeneratedFile, /home/northy/STM32CubeIDE/TEST_MAD/Test_Lab/MXTmpFiles/cortex.tmp_save
2023-10-05 15:56:12,130 [INFO] CodeEngine:279 - Generated code: /home/northy/STM32CubeIDE/TEST_MAD/Test_Lab/MXTmpFiles/cortex.tmp
2023-10-05 15:56:12,141 [INFO] CodeEngine:255 - oldGeneratedFile, /home/northy/STM32CubeIDE/TEST_MAD/Test_Lab/Core/Src/stm32f7xx_it.c_save
2023-10-05 15:56:12,348 [INFO] CodeEngine:279 - Generated code: /home/northy/STM32CubeIDE/TEST_MAD/Test_Lab/Core/Src/stm32f7xx_it.c
2023-10-05 15:56:12,352 [INFO] CodeEngine:255 - oldGeneratedFile, /home/northy/STM32CubeIDE/TEST_MAD/Test_Lab/Core/Inc/stm32f7xx_it.h_save
2023-10-05 15:56:12,497 [INFO] CodeEngine:279 - Generated code: /home/northy/STM32CubeIDE/TEST_MAD/Test_Lab/Core/Inc/stm32f7xx_it.h
2023-10-05 15:56:12,522 [INFO] CodeEngine:255 - oldGeneratedFile, /home/northy/STM32CubeIDE/TEST_MAD/Test_Lab/Core/Src/stm32f7xx_hal_msp.c_save
2023-10-05 15:56:12,781 [INFO] CodeEngine:279 - Generated code: /home/northy/STM32CubeIDE/TEST_MAD/Test_Lab/Core/Src/stm32f7xx_hal_msp.c
2023-10-05 15:56:12,784 [INFO] CodeEngine:255 - oldGeneratedFile, /home/northy/STM32CubeIDE/TEST_MAD/Test_Lab/MXTmpFiles/system.tmp_save
2023-10-05 15:56:12,925 [INFO] CodeEngine:279 - Generated code: /home/northy/STM32CubeIDE/TEST_MAD/Test_Lab/MXTmpFiles/system.tmp
2023-10-05 15:56:12,932 [INFO] CodeEngine:311 - oldGeneratedFile, /home/northy/STM32CubeIDE/TEST_MAD/Test_Lab/Core/Inc/stm32f7xx_hal_conf.h_save
2023-10-05 15:56:13,118 [INFO] CodeEngine:335 - Generated code: /home/northy/STM32CubeIDE/TEST_MAD/Test_Lab/Core/Inc/stm32f7xx_hal_conf.h
2023-10-05 15:56:13,219 [INFO] CodeEngine:255 - oldGeneratedFile, /home/northy/STM32CubeIDE/TEST_MAD/Test_Lab/Core/Inc/main.h_save
2023-10-05 15:56:13,486 [INFO] CodeEngine:279 - Generated code: /home/northy/STM32CubeIDE/TEST_MAD/Test_Lab/Core/Inc/main.h
2023-10-05 15:56:13,490 [INFO] CodeEngine:255 - oldGeneratedFile, /home/northy/STM32CubeIDE/TEST_MAD/Test_Lab/Core/Src/main.c_save
2023-10-05 15:56:13,726 [INFO] CodeEngine:279 - Generated code: /home/northy/STM32CubeIDE/TEST_MAD/Test_Lab/Core/Src/main.c
2023-10-05 15:56:14,884 [INFO] ProjectBuilder:3064 - Time for Copy HAL[1] : 126mS.
2023-10-05 15:56:14,894 [INFO] ProjectBuilder:4404 - Project Generator version: 4.1.0
2023-10-05 15:56:15,397 [INFO] ConfigFileManager:1457 - The Die is : DIE451
2023-10-05 15:56:15,411 [INFO] ApiDbMcu:507 - Load IP Config File for FATFS
2023-10-05 15:56:15,422 [INFO] ApiDbMcu:507 - Load IP Config File for FREERTOS
2023-10-05 15:56:15,427 [INFO] ApiDbMcu:507 - Load IP Config File for LIBJPEG
2023-10-05 15:56:15,440 [INFO] ApiDbMcu:507 - Load IP Config File for LWIP
2023-10-05 15:56:15,454 [INFO] ApiDbMcu:507 - Load IP Config File for MBEDTLS
2023-10-05 15:56:15,553 [INFO] ApiDbMcu:507 - Load IP Config File for USB_DEVICE
2023-10-05 15:56:15,561 [INFO] ApiDbMcu:507 - Load IP Config File for USB_HOST
2023-10-05 15:56:16,975 [INFO] LogOutputStream:77 - [STDOUT_REDIRECT] 
2023-10-05 15:56:25,353 [INFO] ProjectBuilder:4626 - Time for Generating toolchain IDE Files: 10457mS.
2023-10-05 15:56:25,355 [INFO] ProjectBuilder:2935 - Time for Copy CMSIS : 0mS.
2023-10-05 15:56:25,356 [INFO] ProjectBuilder:2935 - Time for Copy CMSIS : 0mS.
2023-10-05 15:56:26,847 [INFO] McuFinderGlobals:76 - Set McuFinderConnectedMode to true
2023-10-05 15:56:26,853 [INFO] ApiDb:448 - Save user favorites file /home/northy/.stm32cubeide/favorites.mcus.txt: 1 item(s)
2023-10-05 15:56:26,853 [INFO] ApiDb:452 - User favorites MCUs=[STM32F767ZIT6]
