2023-10-07 16:56:35,078 [INFO] Activator:176 - 


2023-10-07 16:56:35,085 [INFO] Activator:177 - !SESSION log4j initialized
2023-10-07 16:56:41,180 [INFO] LogOutputStream:77 - [STDOUT_REDIRECT] 
2023-10-07 16:56:42,114 [INFO] ApplicationProperties:184 - Using Application install path: /opt/st/stm32cubeide_1.13.0/plugins/com.st.stm32cube.common.mx_6.9.0.202307051724
2023-10-07 16:56:42,143 [INFO] DbMcusXml:78 - Set database path to: /opt/st/stm32cubeide_1.13.0/plugins/com.st.stm32cube.common.mx_6.9.0.202307051724//db//mcu/
2023-10-07 16:56:42,143 [INFO] ApiDb:274 - Set plugin database path to: /opt/st/stm32cubeide_1.13.0/plugins/com.st.stm32cube.common.mx_6.9.0.202307051724//db//plugins/boardmanager/
2023-10-07 16:56:42,144 [WARN] ApiDb:259 - Overriding images path with different value:  => /opt/st/stm32cubeide_1.13.0/plugins/com.st.stm32cube.common.mx_6.9.0.202307051724//db//plugins/mcufinder/images/
2023-10-07 16:56:42,159 [INFO] ApiDb:250 - Set database path to: /home/northy/.stmcufinder/plugins/mcufinder//mcu/
2023-10-07 16:56:42,162 [INFO] DbMcusAds:125 - Set database path to: /home/northy/.stmcufinder/plugins/mcufinder//mcu/
2023-10-07 16:56:42,166 [INFO] CrossReferenceDbSqlite:203 - Set database path to: /home/northy/.stmcufinder/plugins/mcufinder//mcu/cs/
2023-10-07 16:56:42,481 [INFO] RulesReader:64 - Compatibility file has been processed (293 Rules)
2023-10-07 16:56:42,632 [INFO] DbMcusXml:78 - Set database path to: /opt/st/stm32cubeide_1.13.0/plugins/com.st.stm32cube.common.mx_6.9.0.202307051724//db//mcu/
2023-10-07 16:56:42,632 [INFO] ApiDb:274 - Set plugin database path to: /opt/st/stm32cubeide_1.13.0/plugins/com.st.stm32cube.common.mx_6.9.0.202307051724//db//plugins/boardmanager/
2023-10-07 16:56:42,633 [INFO] ApiDb:261 - Set plugin images path to: /opt/st/stm32cubeide_1.13.0/plugins/com.st.stm32cube.common.mx_6.9.0.202307051724//db//plugins/mcufinder/images/
2023-10-07 16:56:42,634 [WARN] DbFile:41 - Overriding database path with different value: /home/northy/.stmcufinder/plugins/mcufinder/ => /home/northy/.stmcufinder/plugins/mcufinder
2023-10-07 16:56:42,635 [INFO] ApiDb:250 - Set database path to: /home/northy/.stmcufinder/plugins/mcufinder//mcu/
2023-10-07 16:56:42,635 [WARN] DbFile:41 - Overriding database path with different value: /home/northy/.stmcufinder/plugins/mcufinder/ => /home/northy/.stmcufinder/plugins/mcufinder
2023-10-07 16:56:42,636 [INFO] DbMcusAds:125 - Set database path to: /home/northy/.stmcufinder/plugins/mcufinder//mcu/
2023-10-07 16:56:42,636 [WARN] DbFile:41 - Overriding database path with different value: /home/northy/.stmcufinder/plugins/mcufinder/ => /home/northy/.stmcufinder/plugins/mcufinder
2023-10-07 16:56:42,637 [WARN] DbFile:41 - Overriding database path with different value: /home/northy/.stmcufinder/plugins/mcufinder/ => /home/northy/.stmcufinder/plugins/mcufinder
2023-10-07 16:56:42,638 [INFO] CrossReferenceDbSqlite:203 - Set database path to: /home/northy/.stmcufinder/plugins/mcufinder//mcu/cs/
2023-10-07 16:56:42,855 [INFO] MainPanel:262 - HeapMemory: 268435456
2023-10-07 16:56:42,999 [INFO] DbMcusXml:78 - Set database path to: /opt/st/stm32cubeide_1.13.0/plugins/com.st.stm32cube.common.mx_6.9.0.202307051724//db//mcu/
2023-10-07 16:56:42,999 [INFO] ApiDb:274 - Set plugin database path to: /opt/st/stm32cubeide_1.13.0/plugins/com.st.stm32cube.common.mx_6.9.0.202307051724//db//plugins/boardmanager/
2023-10-07 16:56:42,999 [INFO] ApiDb:261 - Set plugin images path to: /opt/st/stm32cubeide_1.13.0/plugins/com.st.stm32cube.common.mx_6.9.0.202307051724//db//plugins/mcufinder/images/
2023-10-07 16:56:43,000 [WARN] DbFile:41 - Overriding database path with different value: /home/northy/.stmcufinder/plugins/mcufinder/ => /home/northy/.stmcufinder/plugins/mcufinder
2023-10-07 16:56:43,000 [INFO] ApiDb:250 - Set database path to: /home/northy/.stmcufinder/plugins/mcufinder//mcu/
2023-10-07 16:56:43,001 [WARN] DbFile:41 - Overriding database path with different value: /home/northy/.stmcufinder/plugins/mcufinder/ => /home/northy/.stmcufinder/plugins/mcufinder
2023-10-07 16:56:43,001 [INFO] DbMcusAds:125 - Set database path to: /home/northy/.stmcufinder/plugins/mcufinder//mcu/
2023-10-07 16:56:43,001 [WARN] DbFile:41 - Overriding database path with different value: /home/northy/.stmcufinder/plugins/mcufinder/ => /home/northy/.stmcufinder/plugins/mcufinder
2023-10-07 16:56:43,001 [WARN] DbFile:41 - Overriding database path with different value: /home/northy/.stmcufinder/plugins/mcufinder/ => /home/northy/.stmcufinder/plugins/mcufinder
2023-10-07 16:56:43,002 [INFO] CrossReferenceDbSqlite:203 - Set database path to: /home/northy/.stmcufinder/plugins/mcufinder//mcu/cs/
2023-10-07 16:56:43,032 [INFO] ApplicationProperties:184 - Using Application install path: /opt/st/stm32cubeide_1.13.0/plugins/com.st.stm32cube.common.mx_6.9.0.202307051724
2023-10-07 16:56:43,036 [INFO] PluginManage:196 - Search for loadable plugins [exclusion list=, ]
2023-10-07 16:56:43,038 [INFO] PluginManage:310 - Check plugin analytics
2023-10-07 16:56:43,338 [INFO] AnalyticsPlugin:253 - Accepted Software Licenses: 
2023-10-07 16:56:43,339 [INFO] AnalyticsPlugin:255 - Accepted CMSIS Pack Licenses: 
2023-10-07 16:56:43,339 [INFO] AnalyticsPlugin:257 - Accepted Firmware Licenses: FW.F7.1.17.0
2023-10-07 16:56:43,345 [INFO] PluginManage:359 - Loaded plugin analytics (category:tool,tabindex:-1)
2023-10-07 16:56:43,346 [INFO] PluginManage:310 - Check plugin cadmodel
2023-10-07 16:56:43,396 [INFO] CADModel:105 - Init CAD model plugin
2023-10-07 16:56:43,397 [INFO] PluginManage:359 - Loaded plugin cadmodel (category:power,tabindex:5)
2023-10-07 16:56:43,397 [INFO] PluginManage:310 - Check plugin clock
2023-10-07 16:56:43,412 [INFO] PluginManage:359 - Loaded plugin clock (category:base,tabindex:2)
2023-10-07 16:56:43,412 [INFO] PluginManage:310 - Check plugin ddr
2023-10-07 16:56:43,416 [INFO] PluginManage:359 - Loaded plugin ddr (category:tool,tabindex:6)
2023-10-07 16:56:43,416 [INFO] PluginManage:310 - Check plugin filemanager
2023-10-07 16:56:43,639 [INFO] PluginManage:359 - Loaded plugin filemanager (category:base,tabindex:10)
2023-10-07 16:56:43,640 [INFO] PluginManage:310 - Check plugin ipmanager
2023-10-07 16:56:43,650 [INFO] PluginManage:359 - Loaded plugin ipmanager (category:base,tabindex:5)
2023-10-07 16:56:43,650 [INFO] PluginManage:310 - Check plugin lpbam
2023-10-07 16:56:43,664 [INFO] PluginManage:359 - Loaded plugin lpbam (category:base,tabindex:0)
2023-10-07 16:56:43,665 [INFO] PluginManage:310 - Check plugin memorymap
2023-10-07 16:56:43,681 [INFO] PluginManage:359 - Loaded plugin memorymap (category:base,tabindex:4)
2023-10-07 16:56:43,681 [INFO] PluginManage:310 - Check plugin pinoutandconfiguration
2023-10-07 16:56:43,693 [INFO] PluginManage:359 - Loaded plugin pinoutandconfiguration (category:base,tabindex:1)
2023-10-07 16:56:43,693 [INFO] PluginManage:310 - Check plugin pinoutconfig
2023-10-07 16:56:43,861 [WARN] SupportedApi:132 - Cannot load RTOS API schema: s4s-elt-must-match.1: The content of 'definitions' must match (annotation?, (simpleType | complexType)?, (unique | key | keyref)*)). A problem was found starting at: attribute.
2023-10-07 16:56:44,121 [INFO] PluginManage:359 - Loaded plugin pinoutconfig (category:base,tabindex:0)
2023-10-07 16:56:44,121 [INFO] PluginManage:310 - Check plugin power
2023-10-07 16:56:44,136 [INFO] PluginManage:359 - Loaded plugin power (category:power,tabindex:4)
2023-10-07 16:56:44,137 [INFO] PluginManage:310 - Check plugin projectmanager
2023-10-07 16:56:44,164 [INFO] PluginManage:359 - Loaded plugin projectmanager (category:projectmanager,tabindex:3)
2023-10-07 16:56:44,165 [INFO] PluginManage:310 - Check plugin thirdparty
2023-10-07 16:56:44,360 [INFO] PluginManage:359 - Loaded plugin thirdparty (category:base,tabindex:-1)
2023-10-07 16:56:44,360 [WARN] IntegrityCheckThread:84 - waiting for thirdparty lock release [integrity check]
2023-10-07 16:56:44,361 [INFO] PluginManage:310 - Check plugin tools
2023-10-07 16:56:44,361 [INFO] IntegrityCheckThread:86 - entering critical section [integrity check]
2023-10-07 16:56:44,362 [INFO] ThirdPartyUpdaterWithRetryManager:70 - Updater plugin not ready yet. [1/15]
2023-10-07 16:56:44,365 [INFO] PluginManage:359 - Loaded plugin tools (category:base,tabindex:7)
2023-10-07 16:56:44,365 [INFO] PluginManage:310 - Check plugin tutovideos
2023-10-07 16:56:44,647 [INFO] PluginManage:359 - Loaded plugin tutovideos (category:base,tabindex:-1)
2023-10-07 16:56:44,647 [INFO] PluginManage:310 - Check plugin updater
2023-10-07 16:56:44,663 [INFO] PluginManage:359 - Loaded plugin updater (category:base,tabindex:12)
2023-10-07 16:56:44,664 [INFO] PluginManage:310 - Check plugin userauth
2023-10-07 16:56:44,672 [INFO] UserAuth:113 - Init User Auth plugin
2023-10-07 16:56:44,673 [INFO] PluginManage:359 - Loaded plugin userauth (category:base,tabindex:14)
2023-10-07 16:56:44,673 [INFO] PluginManage:283 - PluginManage : Loaded plugins [17]
2023-10-07 16:56:44,978 [INFO] PinOutPanel:1499 - setPackage(No Configuration,No Configuration)
2023-10-07 16:56:45,118 [INFO] CADModel:165 - CPN selected for project level
2023-10-07 16:56:45,118 [INFO] CADModel:114 - Register for checkConnection events
2023-10-07 16:56:45,132 [INFO] IPUIPlugin:80 - create IPUIPlugin
2023-10-07 16:56:45,132 [INFO] PluginManager:220 - loadIPPluginJar : add ts
2023-10-07 16:56:45,140 [INFO] IPUIPlugin:80 - create IPUIPlugin
2023-10-07 16:56:45,140 [INFO] PluginManager:220 - loadIPPluginJar : add pdm2pcm
2023-10-07 16:56:45,142 [INFO] IPUIPlugin:80 - create IPUIPlugin
2023-10-07 16:56:45,143 [INFO] PluginManager:220 - loadIPPluginJar : add fatfs
2023-10-07 16:56:45,145 [INFO] IPUIPlugin:80 - create IPUIPlugin
2023-10-07 16:56:45,146 [INFO] PluginManager:220 - loadIPPluginJar : add gfxmmu
2023-10-07 16:56:45,152 [INFO] IPUIPlugin:80 - create IPUIPlugin
2023-10-07 16:56:45,153 [INFO] PluginManager:220 - loadIPPluginJar : add gpio
2023-10-07 16:56:45,160 [INFO] IPUIPlugin:80 - create IPUIPlugin
2023-10-07 16:56:45,160 [INFO] PluginManager:220 - loadIPPluginJar : add freertos
2023-10-07 16:56:45,164 [INFO] IPUIPlugin:80 - create IPUIPlugin
2023-10-07 16:56:45,164 [INFO] PluginManager:220 - loadIPPluginJar : add spi
2023-10-07 16:56:45,166 [INFO] IPUIPlugin:80 - create IPUIPlugin
2023-10-07 16:56:45,167 [INFO] PluginManager:220 - loadIPPluginJar : add quadspi
2023-10-07 16:56:45,169 [INFO] IPUIPlugin:80 - create IPUIPlugin
2023-10-07 16:56:45,169 [INFO] PluginManager:220 - loadIPPluginJar : add tim
2023-10-07 16:56:45,173 [INFO] IPUIPlugin:80 - create IPUIPlugin
2023-10-07 16:56:45,173 [INFO] PluginManager:220 - loadIPPluginJar : add aes
2023-10-07 16:56:45,182 [INFO] IPUIPlugin:80 - create IPUIPlugin
2023-10-07 16:56:45,182 [INFO] PluginManager:220 - loadIPPluginJar : add dma
2023-10-07 16:56:45,185 [INFO] IPUIPlugin:80 - create IPUIPlugin
2023-10-07 16:56:45,185 [INFO] PluginManager:220 - loadIPPluginJar : add tracer_emb
2023-10-07 16:56:45,188 [INFO] IPUIPlugin:80 - create IPUIPlugin
2023-10-07 16:56:45,188 [INFO] PluginManager:220 - loadIPPluginJar : add comp
2023-10-07 16:56:45,192 [INFO] IPUIPlugin:80 - create IPUIPlugin
2023-10-07 16:56:45,192 [INFO] PluginManager:220 - loadIPPluginJar : add openamp
2023-10-07 16:56:45,196 [INFO] IPUIPlugin:80 - create IPUIPlugin
2023-10-07 16:56:45,196 [INFO] PluginManager:220 - loadIPPluginJar : add dfsdm
2023-10-07 16:56:45,199 [INFO] IPUIPlugin:80 - create IPUIPlugin
2023-10-07 16:56:45,200 [INFO] PluginManager:220 - loadIPPluginJar : add cryp
2023-10-07 16:56:45,203 [INFO] IPUIPlugin:80 - create IPUIPlugin
2023-10-07 16:56:45,204 [INFO] PluginManager:220 - loadIPPluginJar : add i2s
2023-10-07 16:56:45,212 [INFO] IPUIPlugin:80 - create IPUIPlugin
2023-10-07 16:56:45,219 [INFO] PluginManager:220 - loadIPPluginJar : add plateformsettings
2023-10-07 16:56:45,225 [INFO] IPUIPlugin:80 - create IPUIPlugin
2023-10-07 16:56:45,225 [INFO] PluginManager:220 - loadIPPluginJar : add touchsensing
2023-10-07 16:56:45,228 [INFO] IPUIPlugin:80 - create IPUIPlugin
2023-10-07 16:56:45,229 [INFO] PluginManager:220 - loadIPPluginJar : add i3c
2023-10-07 16:56:45,233 [INFO] IPUIPlugin:80 - create IPUIPlugin
2023-10-07 16:56:45,233 [INFO] PluginManager:220 - loadIPPluginJar : add usart
2023-10-07 16:56:45,236 [INFO] IPUIPlugin:80 - create IPUIPlugin
2023-10-07 16:56:45,237 [INFO] PluginManager:220 - loadIPPluginJar : add i2c
2023-10-07 16:56:45,246 [INFO] IPUIPlugin:80 - create IPUIPlugin
2023-10-07 16:56:45,246 [INFO] PluginManager:220 - loadIPPluginJar : add mdma
2023-10-07 16:56:45,249 [INFO] IPUIPlugin:80 - create IPUIPlugin
2023-10-07 16:56:45,249 [INFO] PluginManager:220 - loadIPPluginJar : add ucpd
2023-10-07 16:56:45,253 [INFO] IPUIPlugin:80 - create IPUIPlugin
2023-10-07 16:56:45,253 [INFO] PluginManager:220 - loadIPPluginJar : add lorawan
2023-10-07 16:56:45,255 [INFO] IPUIPlugin:80 - create IPUIPlugin
2023-10-07 16:56:45,256 [INFO] PluginManager:220 - loadIPPluginJar : add ltdc
2023-10-07 16:56:45,260 [INFO] IPUIPlugin:80 - create IPUIPlugin
2023-10-07 16:56:45,261 [INFO] PluginManager:220 - loadIPPluginJar : add ipddr
2023-10-07 16:56:45,270 [INFO] IPUIPlugin:80 - create IPUIPlugin
2023-10-07 16:56:45,270 [INFO] PluginManager:220 - loadIPPluginJar : add stm32_wpan
2023-10-07 16:56:45,272 [INFO] IPUIPlugin:80 - create IPUIPlugin
2023-10-07 16:56:45,273 [INFO] PluginManager:220 - loadIPPluginJar : add genericplugin
2023-10-07 16:56:45,281 [INFO] IPUIPlugin:80 - create IPUIPlugin
2023-10-07 16:56:45,282 [INFO] PluginManager:220 - loadIPPluginJar : add adc
2023-10-07 16:56:45,287 [INFO] IPUIPlugin:80 - create IPUIPlugin
2023-10-07 16:56:45,287 [INFO] PluginManager:220 - loadIPPluginJar : add nvic
2023-10-07 16:56:45,291 [INFO] IPUIPlugin:80 - create IPUIPlugin
2023-10-07 16:56:45,292 [INFO] PluginManager:220 - loadIPPluginJar : add sai
2023-10-07 16:56:45,294 [INFO] IPUIPlugin:80 - create IPUIPlugin
2023-10-07 16:56:45,294 [INFO] PluginManager:220 - loadIPPluginJar : add tsc
2023-10-07 16:56:45,302 [INFO] IPUIPlugin:80 - create IPUIPlugin
2023-10-07 16:56:45,302 [INFO] PluginManager:220 - loadIPPluginJar : add gic
2023-10-07 16:56:45,313 [INFO] IPUIPlugin:80 - create IPUIPlugin
2023-10-07 16:56:45,314 [INFO] PluginManager:220 - loadIPPluginJar : add linkedlist
2023-10-07 16:56:45,318 [INFO] IPUIPlugin:80 - create IPUIPlugin
2023-10-07 16:56:45,318 [INFO] PluginManager:220 - loadIPPluginJar : add resmgrutility
2023-10-07 16:56:45,321 [INFO] IPUIPlugin:80 - create IPUIPlugin
2023-10-07 16:56:45,322 [INFO] PluginManager:220 - loadIPPluginJar : add dma3
2023-10-07 16:56:45,326 [INFO] IPUIPlugin:80 - create IPUIPlugin
2023-10-07 16:56:45,326 [INFO] PluginManager:220 - loadIPPluginJar : add usbx
2023-10-07 16:56:45,330 [INFO] IPUIPlugin:80 - create IPUIPlugin
2023-10-07 16:56:45,330 [INFO] PluginManager:220 - loadIPPluginJar : add can
2023-10-07 16:56:45,334 [INFO] IPUIPlugin:80 - create IPUIPlugin
2023-10-07 16:56:45,334 [INFO] PluginManager:220 - loadIPPluginJar : add gtzc
2023-10-07 16:56:45,341 [INFO] IPUIPlugin:80 - create IPUIPlugin
2023-10-07 16:56:45,341 [INFO] PluginManager:220 - loadIPPluginJar : add fmc
2023-10-07 16:56:45,344 [INFO] IPUIPlugin:80 - create IPUIPlugin
2023-10-07 16:56:45,345 [INFO] PluginManager:220 - loadIPPluginJar : add hash
2023-10-07 16:56:45,349 [INFO] IPUIPlugin:80 - create IPUIPlugin
2023-10-07 16:56:45,349 [INFO] PluginManager:220 - loadIPPluginJar : add opamp
2023-10-07 16:56:45,473 [INFO] CADModel:165 - CPN selected for project level
2023-10-07 16:56:45,473 [INFO] CADModel:114 - Register for checkConnection events
2023-10-07 16:56:45,474 [FATAL] Updater:308 - Updater called before beeing initialized
2023-10-07 16:56:45,474 [ERROR] CADModel:125 - Updater not yet initialized, retry later 
2023-10-07 16:56:45,672 [INFO] CADModel:165 - CPN selected for project level
2023-10-07 16:56:45,672 [INFO] CADModel:114 - Register for checkConnection events
2023-10-07 16:56:45,672 [FATAL] Updater:308 - Updater called before beeing initialized
2023-10-07 16:56:45,672 [ERROR] CADModel:125 - Updater not yet initialized, retry later 
2023-10-07 16:56:45,678 [FATAL] Updater:308 - Updater called before beeing initialized
2023-10-07 16:56:45,828 [FATAL] Updater:308 - Updater called before beeing initialized
2023-10-07 16:56:45,838 [INFO] DbMcusAds:53 - JSON generation date=Tue Mar 07 15:50:55 ICT 2023 (1678179055114)
2023-10-07 16:56:45,838 [FATAL] Updater:308 - Updater called before beeing initialized
2023-10-07 16:56:45,901 [WARN] DetailPanel:346 - Failed to get advertising image, set to default
2023-10-07 16:56:46,095 [FATAL] Updater:308 - Updater called before beeing initialized
2023-10-07 16:56:46,098 [FATAL] Updater:308 - Updater called before beeing initialized
2023-10-07 16:56:46,098 [FATAL] Updater:308 - Updater called before beeing initialized
2023-10-07 16:56:46,098 [WARN] DetailPanel:346 - Failed to get advertising image, set to default
2023-10-07 16:56:46,100 [FATAL] Updater:308 - Updater called before beeing initialized
2023-10-07 16:56:46,151 [ERROR] Updater:1120 - MainUpdater not yet initialized. External WinMGr cannot be set.
2023-10-07 16:56:46,154 [INFO] Updater:1056 - Updater Version found : 6.9.0
2023-10-07 16:56:46,184 [INFO] ApplicationProperties:184 - Using Application install path: /opt/st/stm32cubeide_1.13.0/plugins/com.st.stm32cube.common.mx_6.9.0.202307051724
2023-10-07 16:56:46,497 [INFO] MainUpdater:2868 - connection check result : 10
2023-10-07 16:56:46,498 [INFO] MainUpdater:285 - Updater Check For Update Now.
2023-10-07 16:56:46,499 [INFO] MicroXplorer:498 - Change Database Version : DB.6.0.90
2023-10-07 16:56:46,507 [INFO] McuFinderGlobals:63 - Set McuFinder mode to 2 (CubeIDE integrated)
2023-10-07 16:56:46,754 [INFO] CheckServerUpdateThread:120 - End of CheckServer Thread
2023-10-07 16:56:47,529 [WARN] PackLoader:240 - Cannot read IP mode file for STMicroelectronics.X-CUBE-SMBUS.2.1.0
2023-10-07 16:56:47,626 [WARN] PackLoader:240 - Cannot read IP mode file for STMicroelectronics.X-CUBE-AZRTOS-F7.1.1.0
2023-10-07 16:56:47,652 [WARN] PackLoader:240 - Cannot read IP mode file for STMicroelectronics.FP-SNS-MOTENV1.4.3.2
2023-10-07 16:56:47,669 [WARN] PackLoader:240 - Cannot read IP mode file for STMicroelectronics.FP-SNS-FLIGHT1.5.0.1
2023-10-07 16:56:47,682 [WARN] PackLoader:240 - Cannot read IP mode file for STMicroelectronics.X-CUBE-BLE1.6.2.4
2023-10-07 16:56:47,691 [WARN] PackLoader:240 - Cannot read IP mode file for STMicroelectronics.FP-SNS-FLIGHT1.5.0.2
2023-10-07 16:56:47,709 [WARN] PackLoader:240 - Cannot read IP mode file for STMicroelectronics.X-CUBE-DISPLAY.3.0.0
2023-10-07 16:56:47,732 [WARN] PackLoader:240 - Cannot read IP mode file for STMicroelectronics.X-CUBE-BLE1.7.0.0
2023-10-07 16:56:47,744 [WARN] PackLoader:240 - Cannot read IP mode file for emotas.I-CUBE-CANOPEN.1.3.0
2023-10-07 16:56:47,751 [WARN] PackLoader:240 - Cannot read IP mode file for STMicroelectronics.X-CUBE-TOUCHGFX.4.22.0
2023-10-07 16:56:47,756 [WARN] PackLoader:240 - Cannot read IP mode file for STMicroelectronics.X-CUBE-TOUCHGFX.4.22.1
2023-10-07 16:56:47,765 [WARN] PackLoader:240 - Cannot read IP mode file for STMicroelectronics.FP-SNS-SMARTAG2.1.2.0
2023-10-07 16:56:47,791 [INFO] LogOutputStream:77 - [STDOUT_REDIRECT] 1 : Invalid condition id : UX_CORESTACK_Condition cause : null
2023-10-07 16:56:47,793 [INFO] LogOutputStream:77 - [STDOUT_REDIRECT] 1 : Invalid condition id : UX_CORESTACK_Condition cause : null
2023-10-07 16:56:47,793 [INFO] LogOutputStream:77 - [STDOUT_REDIRECT] 1 : Invalid condition id : UX_CORESTACK_Condition cause : null
2023-10-07 16:56:47,794 [INFO] LogOutputStream:77 - [STDOUT_REDIRECT] 1 : Invalid condition id : UX_CORESTACK_Condition cause : null
2023-10-07 16:56:47,795 [INFO] LogOutputStream:77 - [STDOUT_REDIRECT] 1 : Invalid condition id : UX_CORESTACK_Condition cause : null
2023-10-07 16:56:47,805 [WARN] PackLoader:240 - Cannot read IP mode file for STMicroelectronics.X-CUBE-AZRTOS-WL.2.0.0
2023-10-07 16:56:47,824 [WARN] PackLoader:240 - Cannot read IP mode file for WES.I-CUBE-Cesium.1.3.0
2023-10-07 16:56:47,833 [WARN] PackLoader:240 - Cannot read IP mode file for STMicroelectronics.X-CUBE-BLE2.3.3.0
2023-10-07 16:56:47,846 [WARN] PackLoader:240 - Cannot read IP mode file for STMicroelectronics.X-CUBE-ALGOBUILD.1.3.0
2023-10-07 16:56:47,887 [WARN] PackLoader:240 - Cannot read IP mode file for STMicroelectronics.X-CUBE-AZRTOS-G0.1.1.0
2023-10-07 16:56:47,903 [WARN] PackLoader:240 - Cannot read IP mode file for STMicroelectronics.X-CUBE-NFC4.3.0.0
2023-10-07 16:56:47,912 [WARN] PackLoader:240 - Cannot read IP mode file for STMicroelectronics.FP-ATR-SIGFOX1.3.2.0
2023-10-07 16:56:47,997 [WARN] PackLoader:240 - Cannot read IP mode file for SEGGER.I-CUBE-embOS.1.3.1
2023-10-07 16:56:48,092 [WARN] PackLoader:240 - Cannot read IP mode file for STMicroelectronics.X-CUBE-GNSS1.6.0.0
2023-10-07 16:56:48,123 [WARN] PackLoader:240 - Cannot read IP mode file for STMicroelectronics.X-CUBE-AZRTOS-F4.1.1.0
2023-10-07 16:56:48,157 [WARN] PackLoader:240 - Cannot read IP mode file for wolfSSL.I-CUBE-wolfSSL.5.6.3
2023-10-07 16:56:48,192 [WARN] PackLoader:240 - Cannot read IP mode file for STMicroelectronics.X-CUBE-AZRTOS-L5.2.0.0
2023-10-07 16:56:48,276 [WARN] PackLoader:240 - Cannot read IP mode file for STMicroelectronics.X-CUBE-MEMS1.9.6.0
2023-10-07 16:56:48,581 [WARN] PackLoader:240 - Cannot read IP mode file for ITTIA_DB.I-CUBE-ITTIADB.8.8.0
2023-10-07 16:56:48,594 [WARN] PackLoader:240 - Cannot read IP mode file for STMicroelectronics.X-CUBE-BLEMGR.2.0.0
2023-10-07 16:56:48,634 [WARN] ConditionMgr:438 - getConditionDescription Invalid condition id : UX DEVICE CLASS RTOS Condition cause : null
2023-10-07 16:56:48,635 [WARN] ConditionMgr:438 - getConditionDescription Invalid condition id : UX DEVICE CLASS RTOS Condition cause : null
2023-10-07 16:56:48,642 [WARN] PackLoader:240 - Cannot read IP mode file for STMicroelectronics.X-CUBE-AZRTOS-H7.3.1.0
2023-10-07 16:56:48,645 [WARN] ConditionMgr:1039 - genDependencies : Invalid condition id : UX DEVICE CLASS RTOS Condition cause : null
2023-10-07 16:56:48,645 [WARN] ConditionMgr:1039 - genDependencies : Invalid condition id : UX DEVICE CLASS RTOS Condition cause : null
2023-10-07 16:56:48,647 [WARN] ConditionMgr:1039 - genDependencies : Invalid condition id : UX DEVICE CLASS RTOS Condition cause : null
2023-10-07 16:56:48,648 [WARN] ConditionMgr:1039 - genDependencies : Invalid condition id : UX DEVICE CLASS RTOS Condition cause : null
2023-10-07 16:56:48,648 [WARN] ConditionMgr:1039 - genDependencies : Invalid condition id : UX DEVICE CLASS RTOS Condition cause : null
2023-10-07 16:56:48,658 [WARN] PackLoader:240 - Cannot read IP mode file for STMicroelectronics.X-CUBE-NFC7.1.0.1
2023-10-07 16:56:48,671 [WARN] PackLoader:240 - Cannot read IP mode file for STMicroelectronics.X-CUBE-NFC6.3.0.0
2023-10-07 16:56:48,685 [WARN] PackLoader:240 - Cannot read IP mode file for STMicroelectronics.X-CUBE-EEPRMA1.4.1.0
2023-10-07 16:56:48,693 [WARN] PackLoader:240 - Cannot read IP mode file for STMicroelectronics.X-CUBE-AI.8.1.0
2023-10-07 16:56:48,725 [WARN] ConditionMgr:438 - getConditionDescription Invalid condition id : LAN8742 Phy interface Condition cause : null
2023-10-07 16:56:48,727 [WARN] PackLoader:240 - Cannot read IP mode file for STMicroelectronics.X-CUBE-AZRTOS-L4.2.0.0
2023-10-07 16:56:48,729 [WARN] ConditionMgr:1039 - genDependencies : Invalid condition id : LAN8742 Phy interface Condition cause : null
2023-10-07 16:56:48,730 [WARN] ConditionMgr:1039 - genDependencies : Invalid condition id : LAN8742 Phy interface Condition cause : null
2023-10-07 16:56:48,731 [WARN] ConditionMgr:1039 - genDependencies : Invalid condition id : LAN8742 Phy interface Condition cause : null
2023-10-07 16:56:48,751 [WARN] PackLoader:240 - Cannot read IP mode file for STMicroelectronics.X-CUBE-SFXS2LP1.4.0.0
2023-10-07 16:56:48,759 [WARN] PackLoader:240 - Cannot read IP mode file for STMicroelectronics.X-CUBE-ISPU.1.1.0
2023-10-07 16:56:48,786 [WARN] ConditionMgr:438 - getConditionDescription Invalid condition id : UX DEVICE CLASS RTOS Condition cause : null
2023-10-07 16:56:48,786 [WARN] ConditionMgr:438 - getConditionDescription Invalid condition id : UX DEVICE CLASS RTOS Condition cause : null
2023-10-07 16:56:48,792 [WARN] PackLoader:240 - Cannot read IP mode file for STMicroelectronics.X-CUBE-AZRTOS-WB.2.0.0
2023-10-07 16:56:48,793 [WARN] ConditionMgr:1039 - genDependencies : Invalid condition id : UX DEVICE CLASS RTOS Condition cause : null
2023-10-07 16:56:48,794 [WARN] ConditionMgr:1039 - genDependencies : Invalid condition id : UX DEVICE CLASS RTOS Condition cause : null
2023-10-07 16:56:48,795 [WARN] ConditionMgr:1039 - genDependencies : Invalid condition id : UX DEVICE CLASS RTOS Condition cause : null
2023-10-07 16:56:48,796 [WARN] ConditionMgr:1039 - genDependencies : Invalid condition id : UX DEVICE CLASS RTOS Condition cause : null
2023-10-07 16:56:48,796 [WARN] ConditionMgr:1039 - genDependencies : Invalid condition id : UX DEVICE CLASS RTOS Condition cause : null
2023-10-07 16:56:48,804 [WARN] PackLoader:240 - Cannot read IP mode file for STMicroelectronics.X-CUBE-FREERTOS.1.0.1
2023-10-07 16:56:48,836 [WARN] PackLoader:240 - Cannot read IP mode file for STMicroelectronics.X-CUBE-AZRTOS-L5.1.1.0
2023-10-07 16:56:48,846 [WARN] PackLoader:240 - Cannot read IP mode file for STMicroelectronics.X-CUBE-AI.8.0.1
2023-10-07 16:56:48,866 [WARN] PackLoader:240 - Cannot read IP mode file for STMicroelectronics.X-CUBE-SUBG2.5.0.0
2023-10-07 16:56:48,902 [WARN] PackLoader:240 - Cannot read IP mode file for STMicroelectronics.X-CUBE-TOF1.3.3.1
2023-10-07 16:56:48,986 [WARN] PackLoader:240 - Cannot read IP mode file for STMicroelectronics.X-CUBE-AZRTOS-G4.2.0.0
2023-10-07 16:56:49,014 [WARN] PackLoader:240 - Cannot read IP mode file for STMicroelectronics.X-CUBE-TOF1.3.3.0
2023-10-07 16:56:49,036 [WARN] PackLoader:240 - Cannot read IP mode file for STMicroelectronics.X-CUBE-FREERTOS.1.1.0
2023-10-07 16:56:49,042 [WARN] PackLoader:240 - Cannot read IP mode file for portGmbH.I-Cube-SoM-uGOAL.1.1.0
2023-10-07 16:56:49,046 [WARN] PackLoader:240 - Cannot read IP mode file for STMicroelectronics.X-CUBE-ALS.1.0.1
2023-10-07 16:56:49,063 [WARN] PackLoader:240 - Cannot read IP mode file for STMicroelectronics.X-CUBE-AZRTOS-WB.1.1.0
2023-10-07 16:56:49,070 [WARN] PackLoader:240 - Cannot read IP mode file for STMicroelectronics.FP-ATR-ASTRA1.2.0.0
2023-10-07 16:56:49,072 [INFO] ThirdParty:978 - Integrity check success = true
2023-10-07 16:56:49,072 [INFO] IntegrityCheckThread:100 - exiting critical section [integrity check]
2023-10-07 16:56:49,072 [INFO] IntegrityCheckThread:103 - End integrity checks thread
2023-10-07 16:57:08,589 [ERROR] LogOutputStream:75 - [STDERR_REDIRECT] SLF4J: Failed to load class "org.slf4j.impl.StaticLoggerBinder".
2023-10-07 16:57:08,590 [ERROR] LogOutputStream:75 - [STDERR_REDIRECT] SLF4J: Defaulting to no-operation (NOP) logger implementation
2023-10-07 16:57:08,590 [ERROR] LogOutputStream:75 - [STDERR_REDIRECT] SLF4J: See http://www.slf4j.org/codes.html#StaticLoggerBinder for further details.
2023-10-07 16:57:39,655 [INFO] McuFinderGlobals:63 - Set McuFinder mode to 2 (CubeIDE integrated)
2023-10-07 16:57:39,659 [INFO] MainUpdater:2868 - connection check result : 10
2023-10-07 16:57:40,067 [INFO] ApiDb:581 - Connected to CubeFinder SQLite database (/home/northy/.stmcufinder/plugins/mcufinder/mcu/cube-finder-db.db)
2023-10-07 16:57:40,171 [INFO] ApiDb:668 - CubeFinder database Data Model version=2.1
2023-10-07 16:57:40,171 [INFO] ApiDb:669 - CubeFinder database Configuration version=3.0.37
2023-10-07 16:57:40,171 [INFO] ApiDb:670 - CubeFinder database generation date=2023-08-09 (1691586011)
2023-10-07 16:57:40,172 [INFO] ApiDb:671 - CubeFinder database FW Pack versions=[FP-ATR-ASTRA1_V2.0.0, FP-SNS-FLIGHT1_V5.0.1, FP-SNS-FLIGHT1_V5.0.2, FP-SNS-MOTENV1_V4.3.1, FP-SNS-MOTENV1_V4.3.2, STM32Cube_FW_C0_V1.1.0, STM32Cube_FW_F4_V1.27.1, STM32Cube_FW_F7_V1.17.0, STM32Cube_FW_G0_V1.6.1, STM32Cube_FW_G4_V1.5.1, STM32Cube_FW_H5_V0.5.1, STM32Cube_FW_H5_V1.1.0, STM32Cube_FW_H7_V1.11.0, STM32Cube_FW_L0_V1.12.2, STM32Cube_FW_L5_V1.5.0, STM32Cube_FW_U5_V1.3.0, STM32Cube_FW_U5_V1.3.0RC4, STM32Cube_FW_WBA_V1.0.0RC1, STM32Cube_FW_WBA_V1.1.0, STM32Cube_FW_WBA_V1.1.0RC1, STM32Cube_FW_WB_V1.15.0RC1, STM32Cube_FW_WB_V1.16.0, STM32Cube_FW_WB_V1.16.0RC2, STM32Cube_FW_WB_V1.17.0, STM32Cube_FW_WL_V1.3.0, X-CUBE-ALGOBUILD_V1.3.0, X-CUBE-ALS_V1.0.1, X-CUBE-AZRTOS-F4_V1.1.0, X-CUBE-AZRTOS-F7_V1.1.0, X-CUBE-AZRTOS-G0_V1.1.0, X-CUBE-AZRTOS-G4_V2.0.0, X-CUBE-AZRTOS-H7_V3.1.0, X-CUBE-AZRTOS-L4_V1.0.0, X-CUBE-AZRTOS-L4_V2.0.0, X-CUBE-AZRTOS-L5_V1.1.0, X-CUBE-AZRTOS-WB_V1.1.0, X-CUBE-AZRTOS-WL_V2.0.0, X-CUBE-BLE1_V7.0.0, X-CUBE-BLE2_V3.3.0, X-CUBE-BLEMGR_V2.0.0, X-CUBE-EEPRMA1_V4.1.0, X-CUBE-FREERTOS_V1.1.0, X-CUBE-GNSS1_V6.0.0, X-CUBE-MEMS1_V9.1.0, X-CUBE-MEMS1_V9.4.0, X-CUBE-MEMS1_V9.6.0, X-CUBE-NFC4_V3.0.0, X-CUBE-NFC7_V1.0.0, X-CUBE-SFXS2LP1_V4.0.0, X-CUBE-SUBG2_V5.0.0, X-CUBE-TOF1_V3.3.1]
2023-10-07 16:57:40,348 [INFO] DbBoardsSqlite:226 - include board P-NUCLEO-WB55-NUCLEO as a kit item of type 'Nucleo-64'
2023-10-07 16:57:40,348 [INFO] DbBoardsSqlite:226 - include board P-NUCLEO-WB55-USBDONGLE as a kit item of type 'Nucleo USB Dongle'
2023-10-07 16:57:40,349 [INFO] DbBoardsSqlite:226 - include board STEVAL-IDP005V1 as a kit item of type 'Evaluation Board'
2023-10-07 16:57:40,350 [INFO] DbBoardsSqlite:226 - include board STEVAL-IDP005V2 as a kit item of type 'Evaluation Board'
2023-10-07 16:57:40,438 [INFO] ApiDb:240 - Found 323 in-development CPN: [B-G473E-ZEST1S, B-WB1M-WPAN1, B-WL5M-SUBG1, NUCLEO-C031C6, NUCLEO-H503RB, NUCLEO-H563ZI, NUCLEO-U545RE-Q, NUCLEO-U5A5ZJ-Q, NUCLEO-WBA52CG, STEVAL-PROTEUS1, STEVAL-SMARTAG2, STEVAL-STWINBX1, STM320518-EVAL, STM32C0116-DK, STM32C011D6Y3TR, STM32C011D6Y6TR, STM32C011F4P3, STM32C011F4P6, STM32C011F4U3, STM32C011F4U6TR, STM32C011F6P3, STM32C011F6P6, STM32C011F6U3, STM32C011F6U6TR, STM32C011J4M3, STM32C011J4M6, STM32C011J6M3, STM32C011J6M6, STM32C0316-DK, STM32C031C4T3, STM32C031C4T6, STM32C031C4U3, STM32C031C4U6, STM32C031C6T3, STM32C031C6T6, STM32C031C6U3, STM32C031C6U6, STM32C031F4P3, STM32C031F4P6, STM32C031F6P3, STM32C031F6P6, STM32C031G4U3, STM32C031G4U6, STM32C031G6U3, STM32C031G6U6, STM32C031K4T3, STM32C031K4T6, STM32C031K4U3, STM32C031K4U6, STM32C031K6T3, STM32C031K6T6, STM32C031K6U3, STM32C031K6U6, STM32G071K8TXN, STM32G071K8UXN, STM32G081GBU6N, STM32G081KBT6N, STM32G081KBUXN, STM32G0B1CCT6N, STM32G0B1KCT6, STM32G0B1NEY6TR, STM32G0B1RCT6N, STM32G0C1CCT6, STM32G0C1CCT6N, STM32G0C1CCU6N, STM32G0C1CET6N, STM32G0C1CEU6N, STM32G0C1KCT6, STM32G0C1NEY6TR, STM32G0C1RCI6N, STM32G0C1RCT6N, STM32G0C1REI6N, STM32G0C1RET6N, STM32G0C1VCI6, STM32G0C1VEI6, STM32G471CCT6, STM32G471CCU6, STM32G471CET3, STM32G471CET6, STM32G471CEU3, STM32G471CEU6, STM32G471MCT6, STM32G471MET3, STM32G471MET6, STM32G471MEY6TR, STM32G471QCT6, STM32G471QET3, STM32G471RCT6, STM32G471RET3, STM32G471RET6, STM32G471VCH6, STM32G471VCI6, STM32G471VCT6, STM32G471VEH3, STM32G471VEH6, STM32G471VEI3, STM32G471VEI6, STM32G471VET3, STM32G471VET6, STM32G474CCT6, STM32H503CBT6, STM32H503CBU6, STM32H503EBY6TR, STM32H503KBU6, STM32H503RBT6, STM32H562AGI6, STM32H562AII6, STM32H562IGK6, STM32H562IGT6, STM32H562IIK6, STM32H562IIT6, STM32H562RGT6, STM32H562RGV6, STM32H562RIT6, STM32H562RIV6, STM32H562VGT6, STM32H562VIT6, STM32H562ZGT6, STM32H562ZIT6, STM32H563AGI6, STM32H563AII3Q, STM32H563AII6, STM32H563IGK6, STM32H563IGT6, STM32H563IIK3Q, STM32H563IIK6, STM32H563IIT3Q, STM32H563IIT6, STM32H563MIY3QTR, STM32H563RGT6, STM32H563RGV6, STM32H563RIT6, STM32H563RIV6, STM32H563VGT6, STM32H563VIT3Q, STM32H563VIT6, STM32H563ZGT6, STM32H563ZIT3Q, STM32H563ZIT6, STM32H573AII3Q, STM32H573AII6, STM32H573I-DK, STM32H573IIK3Q, STM32H573IIK6, STM32H573IIT3Q, STM32H573IIT6, STM32H573MIY3QTR, STM32H573RIT6, STM32H573RIV6, STM32H573VIT3Q, STM32H573VIT6, STM32H573ZIT3Q, STM32H573ZIT6, STM32L4R5QGI6STR, STM32MP131AAE3, STM32MP131AAF3, STM32MP131AAG3, STM32MP131CAE3, STM32MP131CAF3, STM32MP131CAG3, STM32MP131DAE7, STM32MP131DAF7, STM32MP131DAG7, STM32MP131FAE7, STM32MP131FAF7, STM32MP131FAG7, STM32MP133AAE3, STM32MP133AAF3, STM32MP133AAG3, STM32MP133CAE3, STM32MP133CAF3, STM32MP133CAG3, STM32MP133DAE7, STM32MP133DAF7, STM32MP133DAG7, STM32MP133FAE7, STM32MP133FAF7, STM32MP133FAG7, STM32MP135AAE3, STM32MP135AAF3, STM32MP135AAG3, STM32MP135CAE3, STM32MP135CAF3, STM32MP135CAG3, STM32MP135DAE7, STM32MP135DAF7, STM32MP135DAG7, STM32MP135F-DK, STM32MP135FAE7, STM32MP135FAF7, STM32MP135FAF7T, STM32MP135FAF7U, STM32MP135FAG7, STM32U535CBT6, STM32U535CBT6Q, STM32U535CBU6, STM32U535CBU6Q, STM32U535CCT6, STM32U535CCT6Q, STM32U535CCU6, STM32U535CCU6Q, STM32U535CET6, STM32U535CET6Q, STM32U535CEU6, STM32U535CEU6Q, STM32U535JEY6QTR, STM32U535NCY6QTR, STM32U535NEY6QTR, STM32U535RBI6, STM32U535RBI6Q, STM32U535RBT6, STM32U535RBT6Q, STM32U535RCI6, STM32U535RCI6Q, STM32U535RCT6, STM32U535RCT6Q, STM32U535REI6, STM32U535REI6Q, STM32U535RET6, STM32U535RET6Q, STM32U535VCI6, STM32U535VCI6Q, STM32U535VCT6, STM32U535VCT6Q, STM32U535VEI6, STM32U535VEI6Q, STM32U535VET6, STM32U535VET6Q, STM32U545CET6, STM32U545CET6Q, STM32U545CEU6, STM32U545CEU6Q, STM32U545JEY6QTR, STM32U545NEY6QTR, STM32U545REI6, STM32U545REI6Q, STM32U545RET6, STM32U545RET6Q, STM32U545VEI6, STM32U545VEI6Q, STM32U545VET6, STM32U545VET6Q, STM32U595AIH6, STM32U595AIH6Q, STM32U595AJH6, STM32U595AJH6Q, STM32U595QII6, STM32U595QII6Q, STM32U595QJI6, STM32U595QJI6Q, STM32U595RIT6, STM32U595RIT6Q, STM32U595RJT6, STM32U595RJT6Q, STM32U595VIT6, STM32U595VIT6Q, STM32U595VJT6, STM32U595VJT6Q, STM32U595ZIT6, STM32U595ZIT6Q, STM32U595ZIY6QTR, STM32U595ZJT6, STM32U595ZJT6Q, STM32U595ZJY6QTR, STM32U599BJY6QTR, STM32U599NIH6Q, STM32U599NJH6Q, STM32U599VIT6Q, STM32U599VJT6, STM32U599VJT6Q, STM32U599ZIT6Q, STM32U599ZIY6QTR, STM32U599ZJT6Q, STM32U599ZJY6QTR, STM32U5A5AJH6, STM32U5A5AJH6Q, STM32U5A5QJI6, STM32U5A5QJI6Q, STM32U5A5RJT6, STM32U5A5RJT6Q, STM32U5A5VJT6, STM32U5A5VJT6Q, STM32U5A5ZJT6, STM32U5A5ZJT6Q, STM32U5A5ZJY6QTR, STM32U5A9BJY6QTR, STM32U5A9J-DK, STM32U5A9NJH6Q, STM32U5A9VJT6Q, STM32U5A9ZJT6Q, STM32U5A9ZJY6QTR, STM32U5F7VIT6, STM32U5F7VIT6Q, STM32U5F7VJT6, STM32U5F7VJT6Q, STM32U5F9BJY6QTR, STM32U5F9NJH6Q, STM32U5F9VIT6Q, STM32U5F9VJT6Q, STM32U5F9ZIJ6QTR, STM32U5F9ZIT6Q, STM32U5F9ZJJ6QTR, STM32U5F9ZJT6Q, STM32U5G7VJT6, STM32U5G7VJT6Q, STM32U5G9BJY6QTR, STM32U5G9J-DK1, STM32U5G9J-DK2, STM32U5G9NJH6Q, STM32U5G9VJT6Q, STM32U5G9ZJJ6QTR, STM32U5G9ZJT6Q, STM32WB1MMCH6, STM32WBA52CEU6, STM32WBA52CEU6T, STM32WBA52CGU6, STM32WBA52CGU6T, STM32WBA52KEU6, STM32WBA52KEU6T, STM32WBA52KGU6, STM32WBA52KGU6T, STM32WL5MOCH6, STM32WL5MOCH6TR]
2023-10-07 16:57:40,642 [INFO] BoardInfo:880 - No configuration file found for board P-NUCLEO-WB55
2023-10-07 16:57:40,642 [INFO] DbBoards:157 - Kit is not supported: P-NUCLEO-WB55
2023-10-07 16:57:40,649 [INFO] BoardInfo:880 - No configuration file found for board STEVAL-BFA001V1B
2023-10-07 16:57:40,650 [INFO] DbBoards:157 - Kit is not supported: STEVAL-BFA001V1B
2023-10-07 16:57:40,652 [INFO] BoardInfo:880 - No configuration file found for board STEVAL-BFA001V2B
2023-10-07 16:57:40,652 [INFO] DbBoards:157 - Kit is not supported: STEVAL-BFA001V2B
2023-10-07 16:57:40,840 [INFO] DbBoards:161 - Found 190 boards, 187 are supported
2023-10-07 16:57:40,846 [INFO] ApiDb:668 - CubeFinder database Data Model version=2.1
2023-10-07 16:57:40,846 [INFO] ApiDb:669 - CubeFinder database Configuration version=3.0.37
2023-10-07 16:57:40,847 [INFO] ApiDb:670 - CubeFinder database generation date=2023-08-09 (1691586011)
2023-10-07 16:57:40,847 [INFO] ApiDb:671 - CubeFinder database FW Pack versions=[FP-ATR-ASTRA1_V2.0.0, FP-SNS-FLIGHT1_V5.0.1, FP-SNS-FLIGHT1_V5.0.2, FP-SNS-MOTENV1_V4.3.1, FP-SNS-MOTENV1_V4.3.2, STM32Cube_FW_C0_V1.1.0, STM32Cube_FW_F4_V1.27.1, STM32Cube_FW_F7_V1.17.0, STM32Cube_FW_G0_V1.6.1, STM32Cube_FW_G4_V1.5.1, STM32Cube_FW_H5_V0.5.1, STM32Cube_FW_H5_V1.1.0, STM32Cube_FW_H7_V1.11.0, STM32Cube_FW_L0_V1.12.2, STM32Cube_FW_L5_V1.5.0, STM32Cube_FW_U5_V1.3.0, STM32Cube_FW_U5_V1.3.0RC4, STM32Cube_FW_WBA_V1.0.0RC1, STM32Cube_FW_WBA_V1.1.0, STM32Cube_FW_WBA_V1.1.0RC1, STM32Cube_FW_WB_V1.15.0RC1, STM32Cube_FW_WB_V1.16.0, STM32Cube_FW_WB_V1.16.0RC2, STM32Cube_FW_WB_V1.17.0, STM32Cube_FW_WL_V1.3.0, X-CUBE-ALGOBUILD_V1.3.0, X-CUBE-ALS_V1.0.1, X-CUBE-AZRTOS-F4_V1.1.0, X-CUBE-AZRTOS-F7_V1.1.0, X-CUBE-AZRTOS-G0_V1.1.0, X-CUBE-AZRTOS-G4_V2.0.0, X-CUBE-AZRTOS-H7_V3.1.0, X-CUBE-AZRTOS-L4_V1.0.0, X-CUBE-AZRTOS-L4_V2.0.0, X-CUBE-AZRTOS-L5_V1.1.0, X-CUBE-AZRTOS-WB_V1.1.0, X-CUBE-AZRTOS-WL_V2.0.0, X-CUBE-BLE1_V7.0.0, X-CUBE-BLE2_V3.3.0, X-CUBE-BLEMGR_V2.0.0, X-CUBE-EEPRMA1_V4.1.0, X-CUBE-FREERTOS_V1.1.0, X-CUBE-GNSS1_V6.0.0, X-CUBE-MEMS1_V9.1.0, X-CUBE-MEMS1_V9.4.0, X-CUBE-MEMS1_V9.6.0, X-CUBE-NFC4_V3.0.0, X-CUBE-NFC7_V1.0.0, X-CUBE-SFXS2LP1_V4.0.0, X-CUBE-SUBG2_V5.0.0, X-CUBE-TOF1_V3.3.1]
2023-10-07 16:57:45,306 [INFO] ApiDb:240 - Found 323 in-development CPN: [B-G473E-ZEST1S, B-WB1M-WPAN1, B-WL5M-SUBG1, NUCLEO-C031C6, NUCLEO-H503RB, NUCLEO-H563ZI, NUCLEO-U545RE-Q, NUCLEO-U5A5ZJ-Q, NUCLEO-WBA52CG, STEVAL-PROTEUS1, STEVAL-SMARTAG2, STEVAL-STWINBX1, STM320518-EVAL, STM32C0116-DK, STM32C011D6Y3TR, STM32C011D6Y6TR, STM32C011F4P3, STM32C011F4P6, STM32C011F4U3, STM32C011F4U6TR, STM32C011F6P3, STM32C011F6P6, STM32C011F6U3, STM32C011F6U6TR, STM32C011J4M3, STM32C011J4M6, STM32C011J6M3, STM32C011J6M6, STM32C0316-DK, STM32C031C4T3, STM32C031C4T6, STM32C031C4U3, STM32C031C4U6, STM32C031C6T3, STM32C031C6T6, STM32C031C6U3, STM32C031C6U6, STM32C031F4P3, STM32C031F4P6, STM32C031F6P3, STM32C031F6P6, STM32C031G4U3, STM32C031G4U6, STM32C031G6U3, STM32C031G6U6, STM32C031K4T3, STM32C031K4T6, STM32C031K4U3, STM32C031K4U6, STM32C031K6T3, STM32C031K6T6, STM32C031K6U3, STM32C031K6U6, STM32G071K8TXN, STM32G071K8UXN, STM32G081GBU6N, STM32G081KBT6N, STM32G081KBUXN, STM32G0B1CCT6N, STM32G0B1KCT6, STM32G0B1NEY6TR, STM32G0B1RCT6N, STM32G0C1CCT6, STM32G0C1CCT6N, STM32G0C1CCU6N, STM32G0C1CET6N, STM32G0C1CEU6N, STM32G0C1KCT6, STM32G0C1NEY6TR, STM32G0C1RCI6N, STM32G0C1RCT6N, STM32G0C1REI6N, STM32G0C1RET6N, STM32G0C1VCI6, STM32G0C1VEI6, STM32G471CCT6, STM32G471CCU6, STM32G471CET3, STM32G471CET6, STM32G471CEU3, STM32G471CEU6, STM32G471MCT6, STM32G471MET3, STM32G471MET6, STM32G471MEY6TR, STM32G471QCT6, STM32G471QET3, STM32G471RCT6, STM32G471RET3, STM32G471RET6, STM32G471VCH6, STM32G471VCI6, STM32G471VCT6, STM32G471VEH3, STM32G471VEH6, STM32G471VEI3, STM32G471VEI6, STM32G471VET3, STM32G471VET6, STM32G474CCT6, STM32H503CBT6, STM32H503CBU6, STM32H503EBY6TR, STM32H503KBU6, STM32H503RBT6, STM32H562AGI6, STM32H562AII6, STM32H562IGK6, STM32H562IGT6, STM32H562IIK6, STM32H562IIT6, STM32H562RGT6, STM32H562RGV6, STM32H562RIT6, STM32H562RIV6, STM32H562VGT6, STM32H562VIT6, STM32H562ZGT6, STM32H562ZIT6, STM32H563AGI6, STM32H563AII3Q, STM32H563AII6, STM32H563IGK6, STM32H563IGT6, STM32H563IIK3Q, STM32H563IIK6, STM32H563IIT3Q, STM32H563IIT6, STM32H563MIY3QTR, STM32H563RGT6, STM32H563RGV6, STM32H563RIT6, STM32H563RIV6, STM32H563VGT6, STM32H563VIT3Q, STM32H563VIT6, STM32H563ZGT6, STM32H563ZIT3Q, STM32H563ZIT6, STM32H573AII3Q, STM32H573AII6, STM32H573I-DK, STM32H573IIK3Q, STM32H573IIK6, STM32H573IIT3Q, STM32H573IIT6, STM32H573MIY3QTR, STM32H573RIT6, STM32H573RIV6, STM32H573VIT3Q, STM32H573VIT6, STM32H573ZIT3Q, STM32H573ZIT6, STM32L4R5QGI6STR, STM32MP131AAE3, STM32MP131AAF3, STM32MP131AAG3, STM32MP131CAE3, STM32MP131CAF3, STM32MP131CAG3, STM32MP131DAE7, STM32MP131DAF7, STM32MP131DAG7, STM32MP131FAE7, STM32MP131FAF7, STM32MP131FAG7, STM32MP133AAE3, STM32MP133AAF3, STM32MP133AAG3, STM32MP133CAE3, STM32MP133CAF3, STM32MP133CAG3, STM32MP133DAE7, STM32MP133DAF7, STM32MP133DAG7, STM32MP133FAE7, STM32MP133FAF7, STM32MP133FAG7, STM32MP135AAE3, STM32MP135AAF3, STM32MP135AAG3, STM32MP135CAE3, STM32MP135CAF3, STM32MP135CAG3, STM32MP135DAE7, STM32MP135DAF7, STM32MP135DAG7, STM32MP135F-DK, STM32MP135FAE7, STM32MP135FAF7, STM32MP135FAF7T, STM32MP135FAF7U, STM32MP135FAG7, STM32U535CBT6, STM32U535CBT6Q, STM32U535CBU6, STM32U535CBU6Q, STM32U535CCT6, STM32U535CCT6Q, STM32U535CCU6, STM32U535CCU6Q, STM32U535CET6, STM32U535CET6Q, STM32U535CEU6, STM32U535CEU6Q, STM32U535JEY6QTR, STM32U535NCY6QTR, STM32U535NEY6QTR, STM32U535RBI6, STM32U535RBI6Q, STM32U535RBT6, STM32U535RBT6Q, STM32U535RCI6, STM32U535RCI6Q, STM32U535RCT6, STM32U535RCT6Q, STM32U535REI6, STM32U535REI6Q, STM32U535RET6, STM32U535RET6Q, STM32U535VCI6, STM32U535VCI6Q, STM32U535VCT6, STM32U535VCT6Q, STM32U535VEI6, STM32U535VEI6Q, STM32U535VET6, STM32U535VET6Q, STM32U545CET6, STM32U545CET6Q, STM32U545CEU6, STM32U545CEU6Q, STM32U545JEY6QTR, STM32U545NEY6QTR, STM32U545REI6, STM32U545REI6Q, STM32U545RET6, STM32U545RET6Q, STM32U545VEI6, STM32U545VEI6Q, STM32U545VET6, STM32U545VET6Q, STM32U595AIH6, STM32U595AIH6Q, STM32U595AJH6, STM32U595AJH6Q, STM32U595QII6, STM32U595QII6Q, STM32U595QJI6, STM32U595QJI6Q, STM32U595RIT6, STM32U595RIT6Q, STM32U595RJT6, STM32U595RJT6Q, STM32U595VIT6, STM32U595VIT6Q, STM32U595VJT6, STM32U595VJT6Q, STM32U595ZIT6, STM32U595ZIT6Q, STM32U595ZIY6QTR, STM32U595ZJT6, STM32U595ZJT6Q, STM32U595ZJY6QTR, STM32U599BJY6QTR, STM32U599NIH6Q, STM32U599NJH6Q, STM32U599VIT6Q, STM32U599VJT6, STM32U599VJT6Q, STM32U599ZIT6Q, STM32U599ZIY6QTR, STM32U599ZJT6Q, STM32U599ZJY6QTR, STM32U5A5AJH6, STM32U5A5AJH6Q, STM32U5A5QJI6, STM32U5A5QJI6Q, STM32U5A5RJT6, STM32U5A5RJT6Q, STM32U5A5VJT6, STM32U5A5VJT6Q, STM32U5A5ZJT6, STM32U5A5ZJT6Q, STM32U5A5ZJY6QTR, STM32U5A9BJY6QTR, STM32U5A9J-DK, STM32U5A9NJH6Q, STM32U5A9VJT6Q, STM32U5A9ZJT6Q, STM32U5A9ZJY6QTR, STM32U5F7VIT6, STM32U5F7VIT6Q, STM32U5F7VJT6, STM32U5F7VJT6Q, STM32U5F9BJY6QTR, STM32U5F9NJH6Q, STM32U5F9VIT6Q, STM32U5F9VJT6Q, STM32U5F9ZIJ6QTR, STM32U5F9ZIT6Q, STM32U5F9ZJJ6QTR, STM32U5F9ZJT6Q, STM32U5G7VJT6, STM32U5G7VJT6Q, STM32U5G9BJY6QTR, STM32U5G9J-DK1, STM32U5G9J-DK2, STM32U5G9NJH6Q, STM32U5G9VJT6Q, STM32U5G9ZJJ6QTR, STM32U5G9ZJT6Q, STM32WB1MMCH6, STM32WBA52CEU6, STM32WBA52CEU6T, STM32WBA52CGU6, STM32WBA52CGU6T, STM32WBA52KEU6, STM32WBA52KEU6T, STM32WBA52KGU6, STM32WBA52KGU6T, STM32WL5MOCH6, STM32WL5MOCH6TR]
2023-10-07 16:57:45,312 [INFO] DbMcus:217 - Found 3848 MCUs, 3848 are supported
2023-10-07 16:57:45,313 [INFO] ApiDb:423 - Load user favorites file /home/northy/.stm32cubeide/favorites.mcus.txt: 1 item(s)
2023-10-07 16:57:45,313 [INFO] ApiDb:427 - User favorites MCUs=[STM32F767ZIT6]
2023-10-07 16:57:45,314 [INFO] DbMcus:223 - Set 1 / 1 favorites MCUs
2023-10-07 16:57:45,745 [INFO] ApiDb:423 - Load user favorites file /home/northy/.stm32cubeide/favorites.boards.txt: 0 item(s)
2023-10-07 16:57:45,746 [INFO] ApiDb:427 - User favorites Boards=[]
2023-10-07 16:57:45,746 [INFO] DbBoards:190 - Set 0 / 0 favorites Boards
2023-10-07 16:57:45,746 [INFO] McuFinderGlobals:76 - Set McuFinderConnectedMode to true
2023-10-07 16:57:45,758 [INFO] MultiScanPanel:200 - Auto-refresh data requested => check proxy status ongoing
2023-10-07 16:57:45,765 [INFO] FinderPluginLoader:95 - Searching for filters in installed packs
2023-10-07 16:57:48,648 [INFO] LoadUrlFilesThread:185 - End of LoadServerUrlFiles without Thread
2023-10-07 16:57:48,659 [INFO] DetailPanel:341 - Set advertising image to /home/northy/STM32Cube/Repository//en.prom-stm32h5-mcu-finder.jpg
2023-10-07 16:58:08,658 [INFO] MainUpdater:2868 - connection check result : 10
2023-10-07 16:58:08,658 [INFO] MainUpdater:2868 - connection check result : 10
2023-10-07 16:58:10,695 [INFO] MicroXplorer:468 - Change Database Path : 
2023-10-07 16:58:10,695 [INFO] MicroXplorer:498 - Change Database Version : DB.6.0.90
2023-10-07 16:58:10,702 [WARN] ThirdParty:871 - waiting for thirdparty lock release [close project]
2023-10-07 16:58:10,702 [INFO] ThirdParty:873 - entering critical section [close project]
2023-10-07 16:58:10,703 [INFO] ThirdParty:883 - exiting critical section [close project]
2023-10-07 16:58:10,707 [INFO] PinOutPanel:1499 - setPackage(No Configuration,No Configuration)
2023-10-07 16:58:10,717 [INFO] UtilMem:75 - Begin LoadConfig() Used Memory: 419866624 Bytes (734003200)
2023-10-07 16:58:10,719 [INFO] MicroXplorer:468 - Change Database Path : 
2023-10-07 16:58:10,719 [INFO] MicroXplorer:498 - Change Database Version : DB.6.0.90
2023-10-07 16:58:10,719 [INFO] OpenFileManager:308 - Change cursor
2023-10-07 16:58:10,767 [INFO] Mcu:1946 - Initializing MCU STM32F767ZITx STM32F767ZITx STM32F767ZIT6
2023-10-07 16:58:15,425 [INFO] Context:659 - Trying to add GPIOservice into a context  which must be forbidden
2023-10-07 16:58:16,921 [INFO] ImportTextPane:194 - (OptionalMessage_ERROR) Unable to find key (Mcu.ThirdPartyNb) in loaded IOC file
2023-10-07 16:58:16,922 [INFO] ImportTextPane:194 - (OptionalMessage_ERROR) Unable to find key (Mcu.PinsNb) in loaded IOC file
2023-10-07 16:58:16,922 [INFO] ImportTextPane:194 - (OptionalMessage_ERROR) Unable to find key (Mcu.IPNb) in loaded IOC file
2023-10-07 16:58:17,444 [INFO] RtosManager:555 - Registered RTOS mode: class=CMSIS, group=RTOS, mode=CMSIS_V1, owner=FREERTOS
2023-10-07 16:58:17,444 [INFO] RtosManager:555 - Registered RTOS mode: class=CMSIS, group=RTOS2, mode=CMSIS_V2, owner=FREERTOS
2023-10-07 16:58:17,444 [INFO] RtosManager:555 - Registered RTOS mode: class=RTOS, group=Core, mode=CMSIS_V1, owner=FREERTOS
2023-10-07 16:58:17,444 [INFO] RtosManager:555 - Registered RTOS mode: class=RTOS, group=Core, mode=CMSIS_V2, owner=FREERTOS
2023-10-07 16:58:17,445 [WARN] ModelIntegratedComponent:184 - Missing modes for component STMicroelectronics:FreeRTOS:0.0.1:STMicroelectronics:RTOS:FreeRTOS:Core:::10.2.0:
2023-10-07 16:58:17,471 [WARN] ModelIntegratedComponent:63 - No mode defined for component null
2023-10-07 16:58:17,471 [WARN] ModelIntegratedComponent:63 - No mode defined for component null
2023-10-07 16:58:17,472 [WARN] ModelIntegratedComponent:63 - No mode defined for component null
2023-10-07 16:58:17,472 [WARN] ModelIntegratedComponent:63 - No mode defined for component null
2023-10-07 16:58:17,472 [WARN] ModelIntegratedComponent:63 - No mode defined for component null
2023-10-07 16:58:17,472 [WARN] ModelIntegratedComponent:63 - No mode defined for component null
2023-10-07 16:58:17,472 [WARN] ModelIntegratedComponent:63 - No mode defined for component null
2023-10-07 16:58:17,472 [WARN] ModelIntegratedComponent:63 - No mode defined for component null
2023-10-07 16:58:17,473 [WARN] ModelIntegratedComponent:63 - No mode defined for component null
2023-10-07 16:58:17,473 [WARN] ModelIntegratedComponent:63 - No mode defined for component null
2023-10-07 16:58:17,473 [WARN] ModelIntegratedComponent:63 - No mode defined for component null
2023-10-07 16:58:17,473 [WARN] ModelIntegratedComponent:63 - No mode defined for component null
2023-10-07 16:58:17,473 [WARN] ModelIntegratedComponent:63 - No mode defined for component null
2023-10-07 16:58:17,473 [WARN] ModelIntegratedComponent:63 - No mode defined for component null
2023-10-07 16:58:17,473 [WARN] ModelIntegratedComponent:63 - No mode defined for component null
2023-10-07 16:58:17,474 [WARN] ModelIntegratedComponent:63 - No mode defined for component null
2023-10-07 16:58:17,474 [WARN] ModelIntegratedComponent:63 - No mode defined for component null
2023-10-07 16:58:17,474 [WARN] ModelIntegratedComponent:63 - No mode defined for component null
2023-10-07 16:58:17,474 [WARN] ModelIntegratedComponent:63 - No mode defined for component null
2023-10-07 16:58:17,474 [WARN] ModelIntegratedComponent:63 - No mode defined for component null
2023-10-07 16:58:17,474 [WARN] ModelIntegratedComponent:63 - No mode defined for component null
2023-10-07 16:58:17,474 [WARN] ModelIntegratedComponent:63 - No mode defined for component null
2023-10-07 16:58:17,475 [WARN] ModelIntegratedComponent:63 - No mode defined for component null
2023-10-07 16:58:17,475 [WARN] ModelIntegratedComponent:63 - No mode defined for component null
2023-10-07 16:58:17,475 [WARN] ModelIntegratedComponent:63 - No mode defined for component null
2023-10-07 16:58:17,475 [WARN] ModelIntegratedComponent:63 - No mode defined for component null
2023-10-07 16:58:17,475 [WARN] ModelIntegratedComponent:63 - No mode defined for component null
2023-10-07 16:58:17,475 [WARN] ModelIntegratedComponent:63 - No mode defined for component null
2023-10-07 16:58:17,476 [WARN] ModelIntegratedComponent:63 - No mode defined for component null
2023-10-07 16:58:17,476 [WARN] ModelIntegratedComponent:63 - No mode defined for component null
2023-10-07 16:58:17,476 [WARN] ModelIntegratedComponent:63 - No mode defined for component null
2023-10-07 16:58:17,476 [WARN] ModelIntegratedComponent:63 - No mode defined for component null
2023-10-07 16:58:17,476 [WARN] ModelIntegratedComponent:63 - No mode defined for component null
2023-10-07 16:58:17,511 [INFO] ThirdPartyModel:298 - Start build external matchings
2023-10-07 16:58:18,542 [INFO] ThirdPartyModel:316 - End build external matchings
2023-10-07 16:58:19,852 [INFO] UtilMem:75 - End LoadConfig() Used Memory: 706908080 Bytes (932184064)
2023-10-07 16:58:19,877 [WARN] ThirdParty:833 - waiting for thirdparty lock release [change project]
2023-10-07 16:58:19,877 [INFO] ThirdParty:835 - entering critical section [change project]
2023-10-07 16:58:19,878 [INFO] ThirdParty:1030 - CMSIS Pack Vendor :STMicroelectronics X-CUBE-ISPU 1.1.0
2023-10-07 16:58:19,878 [INFO] ThirdParty:1030 - CMSIS Pack Vendor :STMicroelectronics USBPD 4.1
2023-10-07 16:58:19,878 [INFO] ThirdParty:1030 - CMSIS Pack Vendor :STMicroelectronics X-CUBE-GNSS1 6.0.0
2023-10-07 16:58:19,879 [INFO] ThirdParty:1030 - CMSIS Pack Vendor :STMicroelectronics USB_HOST 2.0.0
2023-10-07 16:58:19,879 [INFO] ThirdParty:1030 - CMSIS Pack Vendor :STMicroelectronics X-CUBE-AZRTOS-F4 1.1.0
2023-10-07 16:58:19,879 [INFO] ThirdParty:1030 - CMSIS Pack Vendor :STMicroelectronics LIBJPEG 8.0.0
2023-10-07 16:58:19,879 [INFO] ThirdParty:1030 - CMSIS Pack Vendor :wolfSSL I-CUBE-wolfSSL 5.6.3
2023-10-07 16:58:19,879 [INFO] ThirdParty:1030 - CMSIS Pack Vendor :STMicroelectronics X-CUBE-SMBUS 2.1.0
2023-10-07 16:58:19,879 [INFO] ThirdParty:1030 - CMSIS Pack Vendor :STMicroelectronics USB_DEVICE 3.0.0
2023-10-07 16:58:19,879 [INFO] ThirdParty:1030 - CMSIS Pack Vendor :STMicroelectronics X-CUBE-AZRTOS-WB 2.0.0
2023-10-07 16:58:19,879 [INFO] ThirdParty:1030 - CMSIS Pack Vendor :STMicroelectronics X-CUBE-FREERTOS 1.0.1
2023-10-07 16:58:19,880 [INFO] ThirdParty:1030 - CMSIS Pack Vendor :STMicroelectronics X-CUBE-AZRTOS-F7 1.1.0
2023-10-07 16:58:19,880 [INFO] ThirdParty:1030 - CMSIS Pack Vendor :STMicroelectronics X-CUBE-AZRTOS-L5 2.0.0
2023-10-07 16:58:19,880 [INFO] ThirdParty:1030 - CMSIS Pack Vendor :STMicroelectronics USB_DEVICE 2.0.0
2023-10-07 16:58:19,880 [INFO] ThirdParty:1030 - CMSIS Pack Vendor :STMicroelectronics X-CUBE-MEMS1 9.6.0
2023-10-07 16:58:19,880 [INFO] ThirdParty:1030 - CMSIS Pack Vendor :ITTIA_DB I-CUBE-ITTIADB 8.8.0
2023-10-07 16:58:19,880 [INFO] ThirdParty:1030 - CMSIS Pack Vendor :STMicroelectronics FP-SNS-MOTENV1 4.3.2
2023-10-07 16:58:19,880 [INFO] ThirdParty:1030 - CMSIS Pack Vendor :STMicroelectronics FP-SNS-FLIGHT1 5.0.1
2023-10-07 16:58:19,881 [INFO] ThirdParty:1030 - CMSIS Pack Vendor :STMicroelectronics X-CUBE-ALGOBUILD 1.3.0
2023-10-07 16:58:19,881 [INFO] ThirdParty:1030 - CMSIS Pack Vendor :STMicroelectronics X-CUBE-BLE1 6.2.4
2023-10-07 16:58:19,881 [INFO] ThirdParty:1030 - CMSIS Pack Vendor :STMicroelectronics X-CUBE-AZRTOS-L5 1.1.0
2023-10-07 16:58:19,881 [INFO] ThirdParty:1030 - CMSIS Pack Vendor :STMicroelectronics FreeRTOS 0.0.1
2023-10-07 16:58:19,881 [INFO] ThirdParty:1030 - CMSIS Pack Vendor :STMicroelectronics X-CUBE-AZRTOS-G0 1.1.0
2023-10-07 16:58:19,881 [INFO] ThirdParty:1030 - CMSIS Pack Vendor :STMicroelectronics X-CUBE-BLEMGR 2.0.0
2023-10-07 16:58:19,881 [INFO] ThirdParty:1030 - CMSIS Pack Vendor :STMicroelectronics X-CUBE-AI 8.0.1
2023-10-07 16:58:19,881 [INFO] ThirdParty:1030 - CMSIS Pack Vendor :STMicroelectronics X-CUBE-NFC4 3.0.0
2023-10-07 16:58:19,882 [INFO] ThirdParty:1030 - CMSIS Pack Vendor :STMicroelectronics X-CUBE-SUBG2 5.0.0
2023-10-07 16:58:19,882 [INFO] ThirdParty:1030 - CMSIS Pack Vendor :STMicroelectronics STM32_WPAN 1.0.0
2023-10-07 16:58:19,882 [INFO] ThirdParty:1030 - CMSIS Pack Vendor :STMicroelectronics lwIP 2.0.3
2023-10-07 16:58:19,882 [INFO] ThirdParty:1030 - CMSIS Pack Vendor :STMicroelectronics FP-SNS-FLIGHT1 5.0.2
2023-10-07 16:58:19,882 [INFO] ThirdParty:1030 - CMSIS Pack Vendor :STMicroelectronics USB_HOST 1.0.0
2023-10-07 16:58:19,882 [INFO] ThirdParty:1030 - CMSIS Pack Vendor :STMicroelectronics X-CUBE-TOF1 3.3.1
2023-10-07 16:58:19,882 [INFO] ThirdParty:1030 - CMSIS Pack Vendor :STMicroelectronics X-CUBE-AZRTOS-G4 2.0.0
2023-10-07 16:58:19,882 [INFO] ThirdParty:1030 - CMSIS Pack Vendor :STMicroelectronics PDM2PCM 3.1.0
2023-10-07 16:58:19,883 [INFO] ThirdParty:1030 - CMSIS Pack Vendor :STMicroelectronics X-CUBE-AZRTOS-H7 3.1.0
2023-10-07 16:58:19,883 [INFO] ThirdParty:1030 - CMSIS Pack Vendor :STMicroelectronics X-CUBE-TOF1 3.3.0
2023-10-07 16:58:19,883 [INFO] ThirdParty:1030 - CMSIS Pack Vendor :STMicroelectronics PDM2PCM 3.3.0
2023-10-07 16:58:19,883 [INFO] ThirdParty:1030 - CMSIS Pack Vendor :STMicroelectronics X-CUBE-DISPLAY 3.0.0
2023-10-07 16:58:19,883 [INFO] ThirdParty:1030 - CMSIS Pack Vendor :STMicroelectronics X-CUBE-BLE1 7.0.0
2023-10-07 16:58:19,883 [INFO] ThirdParty:1030 - CMSIS Pack Vendor :STMicroelectronics FP-ATR-SIGFOX1 3.2.0
2023-10-07 16:58:19,883 [INFO] ThirdParty:1030 - CMSIS Pack Vendor :STMicroelectronics HAL Drivers 0.0.0
2023-10-07 16:58:19,883 [INFO] ThirdParty:1030 - CMSIS Pack Vendor :STMicroelectronics MBEDTLS 2.16.2
2023-10-07 16:58:19,884 [INFO] ThirdParty:1030 - CMSIS Pack Vendor :emotas I-CUBE-CANOPEN 1.3.0
2023-10-07 16:58:19,884 [INFO] ThirdParty:1030 - CMSIS Pack Vendor :STMicroelectronics X-CUBE-FREERTOS 1.1.0
2023-10-07 16:58:19,884 [INFO] ThirdParty:1030 - CMSIS Pack Vendor :STMicroelectronics X-CUBE-TOUCHGFX 4.22.0
2023-10-07 16:58:19,884 [INFO] ThirdParty:1030 - CMSIS Pack Vendor :STMicroelectronics X-CUBE-NFC7 1.0.1
2023-10-07 16:58:19,884 [INFO] ThirdParty:1030 - CMSIS Pack Vendor :STMicroelectronics MBEDTLS 2.14.1
2023-10-07 16:58:19,884 [INFO] ThirdParty:1030 - CMSIS Pack Vendor :STMicroelectronics X-CUBE-TOUCHGFX 4.22.1
2023-10-07 16:58:19,884 [INFO] ThirdParty:1030 - CMSIS Pack Vendor :STMicroelectronics X-CUBE-NFC6 3.0.0
2023-10-07 16:58:19,884 [INFO] ThirdParty:1030 - CMSIS Pack Vendor :STMicroelectronics X-CUBE-EEPRMA1 4.1.0
2023-10-07 16:58:19,885 [INFO] ThirdParty:1030 - CMSIS Pack Vendor :portGmbH I-Cube-SoM-uGOAL 1.1.0
2023-10-07 16:58:19,885 [INFO] ThirdParty:1030 - CMSIS Pack Vendor :STMicroelectronics X-CUBE-ALS 1.0.1
2023-10-07 16:58:19,885 [INFO] ThirdParty:1030 - CMSIS Pack Vendor :STMicroelectronics ThreadX 1.0.0
2023-10-07 16:58:19,885 [INFO] ThirdParty:1030 - CMSIS Pack Vendor :STMicroelectronics FP-SNS-SMARTAG2 1.2.0
2023-10-07 16:58:19,885 [INFO] ThirdParty:1030 - CMSIS Pack Vendor :STMicroelectronics X-CUBE-AZRTOS-WB 1.1.0
2023-10-07 16:58:19,886 [INFO] ThirdParty:1030 - CMSIS Pack Vendor :STMicroelectronics X-CUBE-AZRTOS-WL 2.0.0
2023-10-07 16:58:19,886 [INFO] ThirdParty:1030 - CMSIS Pack Vendor :SEGGER I-CUBE-embOS 1.3.1
2023-10-07 16:58:19,886 [INFO] ThirdParty:1030 - CMSIS Pack Vendor :STMicroelectronics USB_DEVICE 1.0.0
2023-10-07 16:58:19,886 [INFO] ThirdParty:1030 - CMSIS Pack Vendor :STMicroelectronics X-CUBE-AI 8.1.0
2023-10-07 16:58:19,886 [INFO] ThirdParty:1030 - CMSIS Pack Vendor :STMicroelectronics X-CUBE-AZRTOS-L4 2.0.0
2023-10-07 16:58:19,887 [INFO] ThirdParty:1030 - CMSIS Pack Vendor :STMicroelectronics ThreadX 0.0.2
2023-10-07 16:58:19,887 [INFO] ThirdParty:1030 - CMSIS Pack Vendor :WES I-CUBE-Cesium 1.3.0
2023-10-07 16:58:19,887 [INFO] ThirdParty:1030 - CMSIS Pack Vendor :STMicroelectronics FP-ATR-ASTRA1 2.0.0
2023-10-07 16:58:19,887 [INFO] ThirdParty:1030 - CMSIS Pack Vendor :STMicroelectronics lwIP 2.1.2
2023-10-07 16:58:19,887 [INFO] ThirdParty:1030 - CMSIS Pack Vendor :STMicroelectronics X-CUBE-SFXS2LP1 4.0.0
2023-10-07 16:58:19,887 [INFO] ThirdParty:1030 - CMSIS Pack Vendor :STMicroelectronics X-CUBE-BLE2 3.3.0
2023-10-07 16:58:19,887 [INFO] ThirdParty:1030 - CMSIS Pack Vendor :STMicroelectronics PDM2PCM 3.2.0
2023-10-07 16:58:19,888 [INFO] ThirdParty:841 - exiting critical section [change project]
2023-10-07 16:58:21,227 [INFO] PinOutPanel:1499 - setPackage(No Configuration,No Configuration)
2023-10-07 16:58:21,229 [INFO] PinOutPanel:1499 - setPackage(STM32F767ZITx,LQFP144)
2023-10-07 16:58:22,600 [INFO] UtilMem:75 - Before build in PCC Used Memory: 586715840 Bytes (938475520)
2023-10-07 16:58:24,029 [INFO] UtilMem:75 - After build in PCC Used Memory: 702995888 Bytes (1032847360)
2023-10-07 16:58:24,145 [INFO] IPUIPlugin:80 - create IPUIPlugin
2023-10-07 16:58:24,146 [INFO] IPUIPlugin:80 - create IPUIPlugin
2023-10-07 16:58:24,146 [INFO] IPUIPlugin:80 - create IPUIPlugin
2023-10-07 16:58:24,147 [INFO] IPUIPlugin:80 - create IPUIPlugin
2023-10-07 16:58:24,147 [INFO] IPUIPlugin:80 - create IPUIPlugin
2023-10-07 16:58:24,148 [INFO] IPUIPlugin:80 - create IPUIPlugin
2023-10-07 16:58:24,148 [INFO] IPUIPlugin:80 - create IPUIPlugin
2023-10-07 16:58:24,149 [INFO] IPUIPlugin:80 - create IPUIPlugin
2023-10-07 16:58:24,150 [INFO] IPUIPlugin:80 - create IPUIPlugin
2023-10-07 16:58:24,150 [INFO] IPUIPlugin:80 - create IPUIPlugin
2023-10-07 16:58:24,151 [INFO] IPUIPlugin:80 - create IPUIPlugin
2023-10-07 16:58:24,151 [INFO] IPUIPlugin:80 - create IPUIPlugin
2023-10-07 16:58:24,152 [INFO] IPUIPlugin:80 - create IPUIPlugin
2023-10-07 16:58:24,152 [INFO] IPUIPlugin:80 - create IPUIPlugin
2023-10-07 16:58:24,153 [INFO] IPUIPlugin:80 - create IPUIPlugin
2023-10-07 16:58:24,153 [INFO] IPUIPlugin:80 - create IPUIPlugin
2023-10-07 16:58:24,153 [INFO] IPUIPlugin:80 - create IPUIPlugin
2023-10-07 16:58:24,154 [INFO] IPUIPlugin:80 - create IPUIPlugin
2023-10-07 16:58:24,154 [INFO] IPUIPlugin:80 - create IPUIPlugin
2023-10-07 16:58:24,155 [INFO] IPUIPlugin:80 - create IPUIPlugin
2023-10-07 16:58:24,155 [INFO] IPUIPlugin:80 - create IPUIPlugin
2023-10-07 16:58:24,156 [INFO] IPUIPlugin:80 - create IPUIPlugin
2023-10-07 16:58:24,156 [INFO] IPUIPlugin:80 - create IPUIPlugin
2023-10-07 16:58:24,157 [INFO] IPUIPlugin:80 - create IPUIPlugin
2023-10-07 16:58:24,157 [INFO] IPUIPlugin:80 - create IPUIPlugin
2023-10-07 16:58:24,158 [INFO] IPUIPlugin:80 - create IPUIPlugin
2023-10-07 16:58:24,158 [INFO] IPUIPlugin:80 - create IPUIPlugin
2023-10-07 16:58:24,159 [INFO] IPUIPlugin:80 - create IPUIPlugin
2023-10-07 16:58:24,159 [INFO] IPUIPlugin:80 - create IPUIPlugin
2023-10-07 16:58:24,160 [INFO] IPUIPlugin:80 - create IPUIPlugin
2023-10-07 16:58:24,160 [INFO] IPUIPlugin:80 - create IPUIPlugin
2023-10-07 16:58:24,161 [INFO] IPUIPlugin:80 - create IPUIPlugin
2023-10-07 16:58:24,161 [INFO] IPUIPlugin:80 - create IPUIPlugin
2023-10-07 16:58:24,162 [INFO] IPUIPlugin:80 - create IPUIPlugin
2023-10-07 16:58:24,163 [INFO] IPUIPlugin:80 - create IPUIPlugin
2023-10-07 16:58:24,163 [INFO] IPUIPlugin:80 - create IPUIPlugin
2023-10-07 16:58:24,163 [INFO] IPUIPlugin:80 - create IPUIPlugin
2023-10-07 16:58:24,164 [INFO] IPUIPlugin:80 - create IPUIPlugin
2023-10-07 16:58:24,165 [INFO] IPUIPlugin:80 - create IPUIPlugin
2023-10-07 16:58:24,166 [INFO] IPUIPlugin:80 - create IPUIPlugin
2023-10-07 16:58:24,166 [INFO] IPUIPlugin:80 - create IPUIPlugin
2023-10-07 16:58:24,167 [INFO] IPUIPlugin:80 - create IPUIPlugin
2023-10-07 16:58:24,168 [INFO] IPUIPlugin:80 - create IPUIPlugin
2023-10-07 16:58:24,168 [INFO] IPUIPlugin:80 - create IPUIPlugin
2023-10-07 16:58:24,169 [INFO] IPUIPlugin:80 - create IPUIPlugin
2023-10-07 16:58:24,170 [INFO] IPUIPlugin:80 - create IPUIPlugin
2023-10-07 16:58:24,170 [INFO] IPUIPlugin:80 - create IPUIPlugin
2023-10-07 16:58:24,170 [INFO] IPUIPlugin:80 - create IPUIPlugin
2023-10-07 16:58:24,171 [INFO] IPUIPlugin:80 - create IPUIPlugin
2023-10-07 16:58:24,171 [INFO] IPUIPlugin:80 - create IPUIPlugin
2023-10-07 16:58:24,172 [INFO] IPUIPlugin:80 - create IPUIPlugin
2023-10-07 16:58:24,173 [INFO] IPUIPlugin:80 - create IPUIPlugin
2023-10-07 16:58:24,174 [INFO] IPUIPlugin:80 - create IPUIPlugin
2023-10-07 16:58:24,174 [INFO] IPUIPlugin:80 - create IPUIPlugin
2023-10-07 16:58:24,174 [INFO] IPUIPlugin:80 - create IPUIPlugin
2023-10-07 16:58:24,175 [INFO] IPUIPlugin:80 - create IPUIPlugin
2023-10-07 16:58:24,175 [INFO] IPUIPlugin:80 - create IPUIPlugin
2023-10-07 16:58:24,175 [INFO] IPUIPlugin:80 - create IPUIPlugin
2023-10-07 16:58:24,175 [INFO] IPUIPlugin:80 - create IPUIPlugin
2023-10-07 16:58:24,176 [INFO] IPUIPlugin:80 - create IPUIPlugin
2023-10-07 16:58:24,176 [INFO] IPUIPlugin:80 - create IPUIPlugin
2023-10-07 16:58:24,176 [INFO] IPUIPlugin:80 - create IPUIPlugin
2023-10-07 16:58:24,176 [INFO] IPUIPlugin:80 - create IPUIPlugin
2023-10-07 16:58:24,177 [INFO] IPUIPlugin:80 - create IPUIPlugin
2023-10-07 16:58:24,177 [INFO] IPUIPlugin:80 - create IPUIPlugin
2023-10-07 16:58:24,177 [INFO] IPUIPlugin:80 - create IPUIPlugin
2023-10-07 16:58:24,178 [INFO] IPUIPlugin:80 - create IPUIPlugin
2023-10-07 16:58:24,179 [INFO] IPUIPlugin:80 - create IPUIPlugin
2023-10-07 16:58:24,180 [INFO] IPUIPlugin:80 - create IPUIPlugin
2023-10-07 16:58:24,180 [INFO] IPUIPlugin:80 - create IPUIPlugin
2023-10-07 16:58:24,181 [INFO] IPUIPlugin:80 - create IPUIPlugin
2023-10-07 16:58:24,182 [INFO] IPUIPlugin:80 - create IPUIPlugin
2023-10-07 16:58:24,183 [INFO] IPUIPlugin:80 - create IPUIPlugin
2023-10-07 16:58:24,183 [INFO] IPUIPlugin:80 - create IPUIPlugin
2023-10-07 16:58:24,185 [INFO] IPUIPlugin:80 - create IPUIPlugin
2023-10-07 16:58:24,186 [INFO] IPUIPlugin:80 - create IPUIPlugin
2023-10-07 16:58:24,187 [INFO] IPUIPlugin:80 - create IPUIPlugin
2023-10-07 16:58:24,188 [INFO] IPUIPlugin:80 - create IPUIPlugin
2023-10-07 16:58:24,189 [INFO] IPUIPlugin:80 - create IPUIPlugin
2023-10-07 16:58:24,250 [INFO] ApiDbMcu:507 - Load IP Config File for PDM2PCM
2023-10-07 16:58:24,509 [INFO] CADModel:165 - CPN selected for project levelSTM32F767ZIT6
2023-10-07 16:58:24,509 [INFO] CADModel:114 - Register for checkConnection events
2023-10-07 16:58:24,559 [INFO] OpenFileManager:328 - Restore cursor
2023-10-07 16:58:25,451 [INFO] UtilMem:75 - End SaveConfig() Used Memory: 503239792 Bytes (1032847360)
2023-10-07 16:58:25,593 [INFO] UtilMem:75 - End SaveConfig() Used Memory: 537842800 Bytes (1032847360)
2023-10-07 16:58:26,654 [INFO] BlockDiagram:2759 - set Specific Code input for plugin: RCC
2023-10-07 16:58:26,654 [INFO] BlockDiagram:2759 - set Specific Code input for plugin: NVIC
2023-10-07 16:58:26,655 [INFO] BlockDiagram:2759 - set Specific Code input for plugin: CORTEX_M7
2023-10-07 16:58:26,657 [INFO] CodeGenerator:799 - code generatio: config db path: /opt/st/stm32cubeide_1.13.0/plugins/com.st.stm32cube.common.mx_6.9.0.202307051724//db/
2023-10-07 16:58:27,337 [INFO] CodeEngine:255 - oldGeneratedFile, /home/northy/STM32CubeIDE/TEST_MAD/Test_Lab_GPIO/MXTmpFiles/license.tmp_save
2023-10-07 16:58:28,053 [INFO] CodeEngine:279 - Generated code: /home/northy/STM32CubeIDE/TEST_MAD/Test_Lab_GPIO/MXTmpFiles/license.tmp
2023-10-07 16:58:28,173 [INFO] CodeEngine:255 - oldGeneratedFile, /home/northy/STM32CubeIDE/TEST_MAD/Test_Lab_GPIO/MXTmpFiles/cortex.tmp_save
2023-10-07 16:58:28,495 [INFO] CodeEngine:279 - Generated code: /home/northy/STM32CubeIDE/TEST_MAD/Test_Lab_GPIO/MXTmpFiles/cortex.tmp
2023-10-07 16:58:28,509 [INFO] CodeEngine:255 - oldGeneratedFile, /home/northy/STM32CubeIDE/TEST_MAD/Test_Lab_GPIO/Core/Src/stm32f7xx_it.c_save
2023-10-07 16:58:28,834 [INFO] CodeEngine:279 - Generated code: /home/northy/STM32CubeIDE/TEST_MAD/Test_Lab_GPIO/Core/Src/stm32f7xx_it.c
2023-10-07 16:58:28,838 [INFO] CodeEngine:255 - oldGeneratedFile, /home/northy/STM32CubeIDE/TEST_MAD/Test_Lab_GPIO/Core/Inc/stm32f7xx_it.h_save
2023-10-07 16:58:29,023 [INFO] CodeEngine:279 - Generated code: /home/northy/STM32CubeIDE/TEST_MAD/Test_Lab_GPIO/Core/Inc/stm32f7xx_it.h
2023-10-07 16:58:29,049 [INFO] CodeEngine:255 - oldGeneratedFile, /home/northy/STM32CubeIDE/TEST_MAD/Test_Lab_GPIO/Core/Src/stm32f7xx_hal_msp.c_save
2023-10-07 16:58:29,360 [INFO] CodeEngine:279 - Generated code: /home/northy/STM32CubeIDE/TEST_MAD/Test_Lab_GPIO/Core/Src/stm32f7xx_hal_msp.c
2023-10-07 16:58:29,364 [INFO] CodeEngine:255 - oldGeneratedFile, /home/northy/STM32CubeIDE/TEST_MAD/Test_Lab_GPIO/MXTmpFiles/system.tmp_save
2023-10-07 16:58:29,518 [INFO] CodeEngine:279 - Generated code: /home/northy/STM32CubeIDE/TEST_MAD/Test_Lab_GPIO/MXTmpFiles/system.tmp
2023-10-07 16:58:29,525 [INFO] CodeEngine:311 - oldGeneratedFile, /home/northy/STM32CubeIDE/TEST_MAD/Test_Lab_GPIO/Core/Inc/stm32f7xx_hal_conf.h_save
2023-10-07 16:58:29,689 [INFO] CodeEngine:335 - Generated code: /home/northy/STM32CubeIDE/TEST_MAD/Test_Lab_GPIO/Core/Inc/stm32f7xx_hal_conf.h
2023-10-07 16:58:29,770 [INFO] CodeEngine:255 - oldGeneratedFile, /home/northy/STM32CubeIDE/TEST_MAD/Test_Lab_GPIO/Core/Inc/main.h_save
2023-10-07 16:58:29,963 [INFO] CodeEngine:279 - Generated code: /home/northy/STM32CubeIDE/TEST_MAD/Test_Lab_GPIO/Core/Inc/main.h
2023-10-07 16:58:29,966 [INFO] CodeEngine:255 - oldGeneratedFile, /home/northy/STM32CubeIDE/TEST_MAD/Test_Lab_GPIO/Core/Src/main.c_save
2023-10-07 16:58:30,201 [INFO] CodeEngine:279 - Generated code: /home/northy/STM32CubeIDE/TEST_MAD/Test_Lab_GPIO/Core/Src/main.c
2023-10-07 16:58:31,511 [INFO] ProjectBuilder:3064 - Time for Copy HAL[1] : 60mS.
2023-10-07 16:58:31,520 [INFO] ProjectBuilder:4404 - Project Generator version: 4.1.0
2023-10-07 16:58:32,057 [INFO] ConfigFileManager:1457 - The Die is : DIE451
2023-10-07 16:58:32,070 [INFO] ApiDbMcu:507 - Load IP Config File for FATFS
2023-10-07 16:58:32,085 [INFO] ApiDbMcu:507 - Load IP Config File for FREERTOS
2023-10-07 16:58:32,089 [INFO] ApiDbMcu:507 - Load IP Config File for LIBJPEG
2023-10-07 16:58:32,101 [INFO] ApiDbMcu:507 - Load IP Config File for LWIP
2023-10-07 16:58:32,114 [INFO] ApiDbMcu:507 - Load IP Config File for MBEDTLS
2023-10-07 16:58:32,132 [INFO] ApiDbMcu:507 - Load IP Config File for USB_DEVICE
2023-10-07 16:58:32,141 [INFO] ApiDbMcu:507 - Load IP Config File for USB_HOST
2023-10-07 16:58:33,826 [INFO] LogOutputStream:77 - [STDOUT_REDIRECT] 
2023-10-07 16:58:39,962 [INFO] ProjectBuilder:4626 - Time for Generating toolchain IDE Files: 8441mS.
2023-10-07 16:58:39,963 [INFO] ProjectBuilder:2935 - Time for Copy CMSIS : 0mS.
2023-10-07 16:58:39,964 [INFO] ProjectBuilder:2935 - Time for Copy CMSIS : 0mS.
2023-10-07 16:58:40,959 [INFO] McuFinderGlobals:76 - Set McuFinderConnectedMode to true
2023-10-07 16:58:40,965 [INFO] ApiDb:448 - Save user favorites file /home/northy/.stm32cubeide/favorites.mcus.txt: 1 item(s)
2023-10-07 16:58:40,966 [INFO] ApiDb:452 - User favorites MCUs=[STM32F767ZIT6]
2023-10-07 17:02:41,470 [INFO] Gpio:273 - dependency for GPIO []
2023-10-07 17:03:11,547 [INFO] Gpio:273 - dependency for GPIO []
2023-10-07 17:04:59,253 [INFO] Gpio:273 - dependency for GPIO []
2023-10-07 17:09:33,883 [INFO] Gpio:273 - dependency for GPIO []
2023-10-07 17:43:54,199 [INFO] UtilMem:75 - End SaveConfig() Used Memory: 642371960 Bytes (1073741824)
2023-10-07 17:43:55,772 [INFO] UtilMem:75 - End SaveConfig() Used Memory: 672258424 Bytes (1073741824)
2023-10-07 17:43:58,813 [INFO] UtilMem:75 - End SaveConfig() Used Memory: 767678840 Bytes (1073741824)
2023-10-07 17:43:59,315 [INFO] BlockDiagram:2759 - set Specific Code input for plugin: RCC
2023-10-07 17:43:59,315 [INFO] BlockDiagram:2759 - set Specific Code input for plugin: NVIC
2023-10-07 17:43:59,315 [INFO] BlockDiagram:2759 - set Specific Code input for plugin: CORTEX_M7
2023-10-07 17:43:59,316 [INFO] BlockDiagram:2759 - set Specific Code input for plugin: GPIO
2023-10-07 17:43:59,317 [INFO] CodeGenerator:799 - code generatio: config db path: /opt/st/stm32cubeide_1.13.0/plugins/com.st.stm32cube.common.mx_6.9.0.202307051724//db/
2023-10-07 17:43:59,788 [INFO] CodeEngine:255 - oldGeneratedFile, /home/northy/STM32CubeIDE/TEST_MAD/Test_Lab_GPIO/MXTmpFiles/license.tmp_save
2023-10-07 17:43:59,972 [INFO] CodeEngine:279 - Generated code: /home/northy/STM32CubeIDE/TEST_MAD/Test_Lab_GPIO/MXTmpFiles/license.tmp
2023-10-07 17:44:00,114 [INFO] CodeEngine:255 - oldGeneratedFile, /home/northy/STM32CubeIDE/TEST_MAD/Test_Lab_GPIO/MXTmpFiles/gpio.tmp_save
2023-10-07 17:44:00,385 [INFO] CodeEngine:279 - Generated code: /home/northy/STM32CubeIDE/TEST_MAD/Test_Lab_GPIO/MXTmpFiles/gpio.tmp
2023-10-07 17:44:00,513 [INFO] CodeEngine:255 - oldGeneratedFile, /home/northy/STM32CubeIDE/TEST_MAD/Test_Lab_GPIO/MXTmpFiles/cortex.tmp_save
2023-10-07 17:44:00,740 [INFO] CodeEngine:279 - Generated code: /home/northy/STM32CubeIDE/TEST_MAD/Test_Lab_GPIO/MXTmpFiles/cortex.tmp
2023-10-07 17:44:00,750 [INFO] CodeEngine:255 - oldGeneratedFile, /home/northy/STM32CubeIDE/TEST_MAD/Test_Lab_GPIO/Core/Src/stm32f7xx_it.c_save
2023-10-07 17:44:01,244 [INFO] CodeEngine:279 - Generated code: /home/northy/STM32CubeIDE/TEST_MAD/Test_Lab_GPIO/Core/Src/stm32f7xx_it.c
2023-10-07 17:44:01,248 [INFO] CodeEngine:255 - oldGeneratedFile, /home/northy/STM32CubeIDE/TEST_MAD/Test_Lab_GPIO/Core/Inc/stm32f7xx_it.h_save
2023-10-07 17:44:01,456 [INFO] CodeEngine:279 - Generated code: /home/northy/STM32CubeIDE/TEST_MAD/Test_Lab_GPIO/Core/Inc/stm32f7xx_it.h
2023-10-07 17:44:01,552 [INFO] CodeEngine:255 - oldGeneratedFile, /home/northy/STM32CubeIDE/TEST_MAD/Test_Lab_GPIO/Core/Src/stm32f7xx_hal_msp.c_save
2023-10-07 17:44:01,753 [INFO] CodeEngine:279 - Generated code: /home/northy/STM32CubeIDE/TEST_MAD/Test_Lab_GPIO/Core/Src/stm32f7xx_hal_msp.c
2023-10-07 17:44:01,756 [INFO] CodeEngine:255 - oldGeneratedFile, /home/northy/STM32CubeIDE/TEST_MAD/Test_Lab_GPIO/MXTmpFiles/system.tmp_save
2023-10-07 17:44:01,870 [INFO] CodeEngine:279 - Generated code: /home/northy/STM32CubeIDE/TEST_MAD/Test_Lab_GPIO/MXTmpFiles/system.tmp
2023-10-07 17:44:01,875 [INFO] CodeEngine:311 - oldGeneratedFile, /home/northy/STM32CubeIDE/TEST_MAD/Test_Lab_GPIO/Core/Inc/stm32f7xx_hal_conf.h_save
2023-10-07 17:44:01,999 [INFO] CodeEngine:335 - Generated code: /home/northy/STM32CubeIDE/TEST_MAD/Test_Lab_GPIO/Core/Inc/stm32f7xx_hal_conf.h
2023-10-07 17:44:02,025 [INFO] CodeEngine:255 - oldGeneratedFile, /home/northy/STM32CubeIDE/TEST_MAD/Test_Lab_GPIO/Core/Inc/main.h_save
2023-10-07 17:44:02,178 [INFO] CodeEngine:279 - Generated code: /home/northy/STM32CubeIDE/TEST_MAD/Test_Lab_GPIO/Core/Inc/main.h
2023-10-07 17:44:02,181 [INFO] CodeEngine:255 - oldGeneratedFile, /home/northy/STM32CubeIDE/TEST_MAD/Test_Lab_GPIO/Core/Src/main.c_save
2023-10-07 17:44:02,362 [INFO] CodeEngine:279 - Generated code: /home/northy/STM32CubeIDE/TEST_MAD/Test_Lab_GPIO/Core/Src/main.c
2023-10-07 17:44:03,190 [INFO] ProjectBuilder:3064 - Time for Copy HAL[1] : 56mS.
2023-10-07 17:44:03,194 [INFO] ProjectBuilder:4404 - Project Generator version: 4.1.0
2023-10-07 17:44:03,626 [INFO] ConfigFileManager:1457 - The Die is : DIE451
2023-10-07 17:44:06,130 [INFO] ProjectBuilder:4626 - Time for Generating toolchain IDE Files: 2936mS.
2023-10-07 17:44:06,131 [INFO] ProjectBuilder:2935 - Time for Copy CMSIS : 1mS.
2023-10-07 17:44:06,135 [INFO] ProjectBuilder:2935 - Time for Copy CMSIS : 1mS.
